<?xml version="1.0" encoding="utf-8"?><testsuites name="pytest tests"><testsuite name="pytest" errors="0" failures="42" skipped="0" tests="102" time="175.802" timestamp="2026-09-12T09:12:00.535609+00:00" hostname="agent-env-d4458330-6800-44e8-83f6-67c8f176fa67"><testcase classname="tests.backend_test.TestLeadActions" name="test_yes_creates_ecp_reg1_and_second_yes_rejected" time="33.974" /><testcase classname="tests.test_phase2.TestItemMaster" name="test_owner_create_item" time="33.958" /><testcase classname="tests.test_phase2.TestItemMaster" name="test_duplicate_name_unit_409" time="0.228" /><testcase classname="tests.backend_test.TestLeadActions" name="test_no_requires_reason_and_other_requires_remarks" time="0.148"><failure message="AssertionError: {&quot;detail&quot;:&quot;An active lead already exists for 9990000000 (TEST_L_65d475)&quot;}&#10;assert 409 == 200&#10; +  where 409 = &lt;Response [409]&gt;.status_code">E   AssertionError: {"detail":"An active lead already exists for 9990000000 (TEST_L_65d475)"}
    assert 409 == 200
     +  where 409 = &lt;Response [409]&gt;.status_code</failure></testcase><testcase classname="tests.backend_test.TestLeadActions" name="test_followup_past_rejected_future_ok" time="0.112"><failure message="AssertionError: {&quot;detail&quot;:&quot;An active lead already exists for 9990000000 (TEST_L_65d475)&quot;}&#10;assert 409 == 200&#10; +  where 409 = &lt;Response [409]&gt;.status_code">E   AssertionError: {"detail":"An active lead already exists for 9990000000 (TEST_L_65d475)"}
    assert 409 == 200
     +  where 409 = &lt;Response [409]&gt;.status_code</failure></testcase><testcase classname="tests.test_phase2.TestItemMaster" name="test_toggle_active" time="0.391" /><testcase classname="tests.backend_test.TestLeadActions" name="test_site_visit_flow" time="0.159"><failure message="AssertionError: {&quot;detail&quot;:&quot;An active lead already exists for 9990000000 (TEST_L_65d475)&quot;}&#10;assert 409 == 200&#10; +  where 409 = &lt;Response [409]&gt;.status_code">E   AssertionError: {"detail":"An active lead already exists for 9990000000 (TEST_L_65d475)"}
    assert 409 == 200
     +  where 409 = &lt;Response [409]&gt;.status_code</failure></testcase><testcase classname="tests.backend_test.TestLeadActions" name="test_escalation_and_owner_return" time="0.113"><failure message="AssertionError: {&quot;detail&quot;:&quot;An active lead already exists for 9990000000 (TEST_L_65d475)&quot;}&#10;assert 409 == 200&#10; +  where 409 = &lt;Response [409]&gt;.status_code">E   AssertionError: {"detail":"An active lead already exists for 9990000000 (TEST_L_65d475)"}
    assert 409 == 200
     +  where 409 = &lt;Response [409]&gt;.status_code</failure></testcase><testcase classname="tests.backend_test.TestLeadActions" name="test_only_owner_reopen_lost" time="0.117"><failure message="AssertionError: {&quot;detail&quot;:&quot;An active lead already exists for 9990000000 (TEST_L_65d475)&quot;}&#10;assert 409 == 200&#10; +  where 409 = &lt;Response [409]&gt;.status_code">E   AssertionError: {"detail":"An active lead already exists for 9990000000 (TEST_L_65d475)"}
    assert 409 == 200
     +  where 409 = &lt;Response [409]&gt;.status_code</failure></testcase><testcase classname="tests.test_phase2.TestItemMaster" name="test_active_only_filter" time="0.739" /><testcase classname="tests.test_phase2.TestItemMaster" name="test_export_csv" time="0.126" /><testcase classname="tests.test_phase2.TestItemMaster" name="test_import_csv" time="0.255" /><testcase classname="tests.test_phase2.TestItemMaster" name="test_non_owner_denied" time="0.508" /><testcase classname="tests.test_issues_1_to_6.TestIssue5InstallHandoff" name="test_full_handoff_and_rbac" time="3.122"><failure message="AssertionError: {&quot;detail&quot;:&quot;An active lead already exists for 9990000000 (TEST_L_65d475)&quot;}&#10;assert 409 == 200&#10; +  where 409 = &lt;Response [409]&gt;.status_code">E   AssertionError: {"detail":"An active lead already exists for 9990000000 (TEST_L_65d475)"}
    assert 409 == 200
     +  where 409 = &lt;Response [409]&gt;.status_code</failure></testcase><testcase classname="tests.test_issues_1_to_6.TestIssue5InstallHandoff" name="test_non_assignee_installer_403" time="0.312"><failure message="AssertionError: {&quot;detail&quot;:&quot;An active lead already exists for 9990000000 (TEST_L_65d475)&quot;}&#10;assert 409 == 200&#10; +  where 409 = &lt;Response [409]&gt;.status_code">E   AssertionError: {"detail":"An active lead already exists for 9990000000 (TEST_L_65d475)"}
    assert 409 == 200
     +  where 409 = &lt;Response [409]&gt;.status_code</failure></testcase><testcase classname="tests.test_issues_1_to_6.TestIssue5InstallHandoff" name="test_installer_only_sees_own_assigned_via_list" time="0.335"><failure message="AssertionError: {&quot;detail&quot;:&quot;An active lead already exists for 9990000000 (TEST_L_65d475)&quot;}&#10;assert 409 == 200&#10; +  where 409 = &lt;Response [409]&gt;.status_code">E   AssertionError: {"detail":"An active lead already exists for 9990000000 (TEST_L_65d475)"}
    assert 409 == 200
     +  where 409 = &lt;Response [409]&gt;.status_code</failure></testcase><testcase classname="tests.test_issues_1_to_6.TestIssue5InstallHandoff" name="test_manager_dashboard_has_awaiting_count" time="0.335"><failure message="AssertionError: {&quot;detail&quot;:&quot;An active lead already exists for 9990000000 (TEST_L_65d475)&quot;}&#10;assert 409 == 200&#10; +  where 409 = &lt;Response [409]&gt;.status_code">E   AssertionError: {"detail":"An active lead already exists for 9990000000 (TEST_L_65d475)"}
    assert 409 == 200
     +  where 409 = &lt;Response [409]&gt;.status_code</failure></testcase><testcase classname="tests.test_issues_1_to_6.TestIssue5InstallHandoff" name="test_awaiting_assignment_view" time="0.339"><failure message="AssertionError: {&quot;detail&quot;:&quot;An active lead already exists for 9990000000 (TEST_L_65d475)&quot;}&#10;assert 409 == 200&#10; +  where 409 = &lt;Response [409]&gt;.status_code">E   AssertionError: {"detail":"An active lead already exists for 9990000000 (TEST_L_65d475)"}
    assert 409 == 200
     +  where 409 = &lt;Response [409]&gt;.status_code</failure></testcase><testcase classname="tests.test_issues_7_to_19.TestIssue7LeadEmployeeMaster" name="test_owner_only_create" time="4.294" /><testcase classname="tests.test_issues_7_to_19.TestIssue7LeadEmployeeMaster" name="test_get_allowed_roles" time="4.026" /><testcase classname="tests.test_issues_7_to_19.TestIssue7LeadEmployeeMaster" name="test_active_only_filter" time="0.663" /><testcase classname="tests.test_issues_7_to_19.TestIssue7LeadEmployeeMaster" name="test_lead_creator_snapshot_on_lead_and_ecp" time="0.240"><failure message="AssertionError: {&quot;detail&quot;:&quot;An active lead already exists for 9998887777 (UI_TEST_8454)&quot;}&#10;assert 409 == 200&#10; +  where 409 = &lt;Response [409]&gt;.status_code">E   AssertionError: {"detail":"An active lead already exists for 9998887777 (UI_TEST_8454)"}
    assert 409 == 200
     +  where 409 = &lt;Response [409]&gt;.status_code</failure></testcase><testcase classname="tests.test_issues_7_to_19.TestIssue7LeadEmployeeMaster" name="test_invalid_lead_creator_rejected" time="0.108" /><testcase classname="tests.test_issues_7_to_19.TestIssue16Activities" name="test_owner_only" time="8.045" /><testcase classname="tests.test_issues_7_to_19.TestIssue16Activities" name="test_default_returns_ist_today_only" time="0.108"><failure message="AssertionError: {&quot;detail&quot;:&quot;An active lead already exists for 9998887777 (UI_TEST_8454)&quot;}&#10;assert 409 == 200&#10; +  where 409 = &lt;Response [409]&gt;.status_code">E   AssertionError: {"detail":"An active lead already exists for 9998887777 (UI_TEST_8454)"}
    assert 409 == 200
     +  where 409 = &lt;Response [409]&gt;.status_code</failure></testcase><testcase classname="tests.test_issues_7_to_19.TestIssue16Activities" name="test_filter_by_team" time="0.125" /><testcase classname="tests.test_issues_7_to_19.TestIssue16Activities" name="test_activities_logged_for_key_events" time="0.120"><failure message="AssertionError: {&quot;detail&quot;:&quot;An active lead already exists for 9998887777 (UI_TEST_8454)&quot;}&#10;assert 409 == 200&#10; +  where 409 = &lt;Response [409]&gt;.status_code">E   AssertionError: {"detail":"An active lead already exists for 9998887777 (UI_TEST_8454)"}
    assert 409 == 200
     +  where 409 = &lt;Response [409]&gt;.status_code</failure></testcase><testcase classname="tests.test_phase2.TestLeadFieldConfig" name="test_owner_set_and_get" time="0.244" /><testcase classname="tests.test_phase2.TestLeadFieldConfig" name="test_lead_missing_required_fields_400" time="0.234" /><testcase classname="tests.test_phase2.TestLeadFieldConfig" name="test_lead_creation_after_reset" time="0.244" /><testcase classname="tests.test_phase2.TestLeadFieldConfig" name="test_non_owner_put_forbidden" time="0.130" /><testcase classname="tests.test_phase2.TestCommercialChange" name="test_propose_approve_updates_ecp" time="1.142" /><testcase classname="tests.test_phase2.TestCommercialChange" name="test_reject_without_remarks_400" time="0.904" /><testcase classname="tests.test_phase2.TestCommercialChange" name="test_rbac" time="8.343" /><testcase classname="tests.test_phase2.TestCommercialChange" name="test_lead_not_owner_proposes_403" time="1.014" /><testcase classname="tests.backend_test.TestAuth" name="test_login_all_seeded" time="2.468" /><testcase classname="tests.backend_test.TestAuth" name="test_login_invalid" time="0.341" /><testcase classname="tests.backend_test.TestAuth" name="test_me" time="2.989" /><testcase classname="tests.backend_test.TestPayments" name="test_only_accounts_creates" time="0.126"><failure message="AssertionError: {&quot;detail&quot;:&quot;An active lead already exists for 9990000000 (TEST_L_65d475)&quot;}&#10;assert 409 == 200&#10; +  where 409 = &lt;Response [409]&gt;.status_code">E   AssertionError: {"detail":"An active lead already exists for 9990000000 (TEST_L_65d475)"}
    assert 409 == 200
     +  where 409 = &lt;Response [409]&gt;.status_code</failure></testcase><testcase classname="tests.test_issues_7_to_19.TestIssue15PhoneMandatory" name="test_create_user_without_phone_400" time="33.047" /><testcase classname="tests.test_issues_7_to_19.TestIssue15PhoneMandatory" name="test_create_user_with_empty_phone_400" time="0.112" /><testcase classname="tests.backend_test.TestPayments" name="test_additional_multiple_allowed" time="0.162"><failure message="AssertionError: {&quot;detail&quot;:&quot;An active lead already exists for 9990000000 (TEST_L_65d475)&quot;}&#10;assert 409 == 200&#10; +  where 409 = &lt;Response [409]&gt;.status_code">E   AssertionError: {"detail":"An active lead already exists for 9990000000 (TEST_L_65d475)"}
    assert 409 == 200
     +  where 409 = &lt;Response [409]&gt;.status_code</failure></testcase><testcase classname="tests.test_issues_7_to_19.TestIssue15PhoneMandatory" name="test_create_with_phone_and_get" time="0.456" /><testcase classname="tests.backend_test.TestPayments" name="test_monitor_rbac" time="1.269" /><testcase classname="tests.test_issues_7_to_19.TestIssue15PhoneMandatory" name="test_patch_phone_update" time="0.514" /><testcase classname="tests.test_issues_7_to_19.TestIssue15PhoneMandatory" name="test_seed_users_without_phone_still_login" time="0.119" /><testcase classname="tests.test_issues_7_to_19.TestIssue17CSVExport" name="test_owner_only" time="1.064" /><testcase classname="tests.test_issues_7_to_19.TestIssue17CSVExport" name="test_default_excludes_money" time="0.276" /><testcase classname="tests.test_issues_7_to_19.TestIssue17CSVExport" name="test_include_money" time="0.346" /><testcase classname="tests.test_issues_7_to_19.TestIssue8LeadStatusFilter" name="test_status_filter_pending" time="3.035"><failure message="AssertionError: {&quot;detail&quot;:&quot;An active lead already exists for 9998887777 (UI_TEST_8454)&quot;}&#10;assert 409 == 200&#10; +  where 409 = &lt;Response [409]&gt;.status_code">E   AssertionError: {"detail":"An active lead already exists for 9998887777 (UI_TEST_8454)"}
    assert 409 == 200
     +  where 409 = &lt;Response [409]&gt;.status_code</failure></testcase><testcase classname="tests.test_issues_7_to_19.TestIssue8LeadStatusFilter" name="test_status_filter_followup" time="0.342"><failure message="AssertionError: {&quot;detail&quot;:&quot;An active lead already exists for 9998887777 (UI_TEST_8454)&quot;}&#10;assert 409 == 200&#10; +  where 409 = &lt;Response [409]&gt;.status_code">E   AssertionError: {"detail":"An active lead already exists for 9998887777 (UI_TEST_8454)"}
    assert 409 == 200
     +  where 409 = &lt;Response [409]&gt;.status_code</failure></testcase><testcase classname="tests.test_issues_7_to_19.TestIssue8LeadStatusFilter" name="test_status_filter_lost" time="0.337"><failure message="AssertionError: {&quot;detail&quot;:&quot;An active lead already exists for 9998887777 (UI_TEST_8454)&quot;}&#10;assert 409 == 200&#10; +  where 409 = &lt;Response [409]&gt;.status_code">E   AssertionError: {"detail":"An active lead already exists for 9998887777 (UI_TEST_8454)"}
    assert 409 == 200
     +  where 409 = &lt;Response [409]&gt;.status_code</failure></testcase><testcase classname="tests.test_phase2.TestQuotationPDF" name="test_owner_lead_manager_can_download" time="0.946" /><testcase classname="tests.test_phase2.TestLeadItemFields" name="test_lead_create_stores_item_snapshot" time="3.577" /><testcase classname="tests.test_phase2.TestQuotationPDF" name="test_non_owner_lead_forbidden" time="1.063" /><testcase classname="tests.test_phase2.TestLeadItemFields" name="test_inactive_item_400" time="0.516" /><testcase classname="tests.test_phase2.TestLeadItemFields" name="test_nonexistent_item_400" time="0.150" /><testcase classname="tests.backend_test.TestECPFlow" name="test_reg1_financing_tasks_block_and_autoadvance" time="0.138"><failure message="AssertionError: {&quot;detail&quot;:&quot;An active lead already exists for 9990000000 (TEST_L_65d475)&quot;}&#10;assert 409 == 200&#10; +  where 409 = &lt;Response [409]&gt;.status_code">E   AssertionError: {"detail":"An active lead already exists for 9990000000 (TEST_L_65d475)"}
    assert 409 == 200
     +  where 409 = &lt;Response [409]&gt;.status_code</failure></testcase><testcase classname="tests.test_phase2.TestQuotationPDF" name="test_non_lead_roles_forbidden" time="0.662" /><testcase classname="tests.backend_test.TestECPFlow" name="test_full_pipeline_no_financing" time="0.115"><failure message="AssertionError: {&quot;detail&quot;:&quot;An active lead already exists for 9990000000 (TEST_L_65d475)&quot;}&#10;assert 409 == 200&#10; +  where 409 = &lt;Response [409]&gt;.status_code">E   AssertionError: {"detail":"An active lead already exists for 9990000000 (TEST_L_65d475)"}
    assert 409 == 200
     +  where 409 = &lt;Response [409]&gt;.status_code</failure></testcase><testcase classname="tests.test_audit_spec.TestAuthHardening" name="test_protected_endpoints_401_without_token" time="69.384" /><testcase classname="tests.backend_test.TestLeadRBAC" name="test_non_lead_forbidden" time="0.596" /><testcase classname="tests.backend_test.TestLeadRBAC" name="test_lead_creates_pending" time="36.136"><failure message="AssertionError: {&quot;detail&quot;:&quot;An active lead already exists for 9998887777 (UI_TEST_8454)&quot;}&#10;assert 409 == 200&#10; +  where 409 = &lt;Response [409]&gt;.status_code">E   AssertionError: {"detail":"An active lead already exists for 9998887777 (UI_TEST_8454)"}
    assert 409 == 200
     +  where 409 = &lt;Response [409]&gt;.status_code</failure></testcase><testcase classname="tests.test_audit_spec.TestOwnerOnlyEndpoints" name="test_users_owner_only" time="41.414" /><testcase classname="tests.test_audit_spec.TestAuthHardening" name="test_login_invalid_401" time="0.450" /><testcase classname="tests.test_audit_spec.TestOwnerCannotDecideLeadAction" name="test_owner_forbidden_on_all_five_actions" time="3.014"><failure message="AssertionError: {&quot;detail&quot;:&quot;An active lead already exists for 9990000000 (TEST_L_65d475)&quot;}&#10;assert 409 == 200&#10; +  where 409 = &lt;Response [409]&gt;.status_code">E   AssertionError: {"detail":"An active lead already exists for 9990000000 (TEST_L_65d475)"}
    assert 409 == 200
     +  where 409 = &lt;Response [409]&gt;.status_code</failure></testcase><testcase classname="tests.test_audit_spec.TestOwnerCannotDecideLeadAction" name="test_manager_also_forbidden" time="0.122"><failure message="AssertionError: {&quot;detail&quot;:&quot;An active lead already exists for 9990000000 (TEST_L_65d475)&quot;}&#10;assert 409 == 200&#10; +  where 409 = &lt;Response [409]&gt;.status_code">E   AssertionError: {"detail":"An active lead already exists for 9990000000 (TEST_L_65d475)"}
    assert 409 == 200
     +  where 409 = &lt;Response [409]&gt;.status_code</failure></testcase><testcase classname="tests.test_issues_1_to_6.TestIssue1RegistrationFilter" name="test_registration_stage_filter" time="2.683"><failure message="AssertionError: {&quot;detail&quot;:&quot;An active lead already exists for 9990000000 (TEST_L_65d475)&quot;}&#10;assert 409 == 200&#10; +  where 409 = &lt;Response [409]&gt;.status_code">E   AssertionError: {"detail":"An active lead already exists for 9990000000 (TEST_L_65d475)"}
    assert 409 == 200
     +  where 409 = &lt;Response [409]&gt;.status_code</failure></testcase><testcase classname="tests.test_issues_1_to_6.TestIssue1RegistrationFilter" name="test_registration_cannot_query_dispatch_scope" time="0.116"><failure message="AssertionError: {&quot;detail&quot;:&quot;An active lead already exists for 9990000000 (TEST_L_65d475)&quot;}&#10;assert 409 == 200&#10; +  where 409 = &lt;Response [409]&gt;.status_code">E   AssertionError: {"detail":"An active lead already exists for 9990000000 (TEST_L_65d475)"}
    assert 409 == 200
     +  where 409 = &lt;Response [409]&gt;.status_code</failure></testcase><testcase classname="tests.test_issues_1_to_6.TestIssue4DispatchViews" name="test_view_reduces_set" time="0.124"><failure message="AssertionError: {&quot;detail&quot;:&quot;An active lead already exists for 9990000000 (TEST_L_65d475)&quot;}&#10;assert 409 == 200&#10; +  where 409 = &lt;Response [409]&gt;.status_code">E   AssertionError: {"detail":"An active lead already exists for 9990000000 (TEST_L_65d475)"}
    assert 409 == 200
     +  where 409 = &lt;Response [409]&gt;.status_code</failure></testcase><testcase classname="tests.test_issues_1_to_6.TestIssue4DispatchViews" name="test_past_dispatch_view" time="0.191" /><testcase classname="tests.test_issues_1_to_6.TestIssue2BProjectPrice" name="test_lead_can_set_price_on_create_and_via_endpoint" time="0.142"><failure message="AssertionError: {&quot;detail&quot;:&quot;An active lead already exists for 9990000000 (TEST_L_65d475)&quot;}&#10;assert 409 == 200&#10; +  where 409 = &lt;Response [409]&gt;.status_code">E   AssertionError: {"detail":"An active lead already exists for 9990000000 (TEST_L_65d475)"}
    assert 409 == 200
     +  where 409 = &lt;Response [409]&gt;.status_code</failure></testcase><testcase classname="tests.test_issues_1_to_6.TestIssue2BProjectPrice" name="test_price_propagates_on_yes_and_via_endpoint" time="0.125"><failure message="AssertionError: {&quot;detail&quot;:&quot;An active lead already exists for 9990000000 (TEST_L_65d475)&quot;}&#10;assert 409 == 200&#10; +  where 409 = &lt;Response [409]&gt;.status_code">E   AssertionError: {"detail":"An active lead already exists for 9990000000 (TEST_L_65d475)"}
    assert 409 == 200
     +  where 409 = &lt;Response [409]&gt;.status_code</failure></testcase><testcase classname="tests.test_issues_1_to_6.TestIssue2AccountsDashboard" name="test_receivable_math_known_project" time="0.112"><failure message="AssertionError: {&quot;detail&quot;:&quot;An active lead already exists for 9990000000 (TEST_L_65d475)&quot;}&#10;assert 409 == 200&#10; +  where 409 = &lt;Response [409]&gt;.status_code">E   AssertionError: {"detail":"An active lead already exists for 9990000000 (TEST_L_65d475)"}
    assert 409 == 200
     +  where 409 = &lt;Response [409]&gt;.status_code</failure></testcase><testcase classname="tests.test_issues_1_to_6.TestIssue2AccountsDashboard" name="test_accounts_dashboard_has_all_four_fields" time="0.138" /><testcase classname="tests.test_issues_1_to_6.TestIssue3PaymentsMonitor" name="test_row_per_project_with_fields" time="0.147" /><testcase classname="tests.test_issues_1_to_6.TestIssue3PaymentsMonitor" name="test_additional_type_preserved" time="0.124"><failure message="AssertionError: {&quot;detail&quot;:&quot;An active lead already exists for 9990000000 (TEST_L_65d475)&quot;}&#10;assert 409 == 200&#10; +  where 409 = &lt;Response [409]&gt;.status_code">E   AssertionError: {"detail":"An active lead already exists for 9990000000 (TEST_L_65d475)"}
    assert 409 == 200
     +  where 409 = &lt;Response [409]&gt;.status_code</failure></testcase><testcase classname="tests.test_audit_spec.TestOwnerOnlyEndpoints" name="test_sla_put_owner_only" time="1.223" /><testcase classname="tests.test_issues_7_to_19.TestIssue9ECPStageFilterLead" name="test_lead_can_filter_ecps_by_stage" time="2.891"><failure message="AssertionError: {&quot;detail&quot;:&quot;An active lead already exists for 9998887777 (UI_TEST_8454)&quot;}&#10;assert 409 == 200&#10; +  where 409 = &lt;Response [409]&gt;.status_code">E   AssertionError: {"detail":"An active lead already exists for 9998887777 (UI_TEST_8454)"}
    assert 409 == 200
     +  where 409 = &lt;Response [409]&gt;.status_code</failure></testcase><testcase classname="tests.test_issues_7_to_19.TestIssue9ECPStageFilterLead" name="test_lead_can_filter_closed_view" time="0.362" /><testcase classname="tests.test_issues_7_to_19.TestIssue12PaymentsDrill" name="test_monitor_project_wise_and_dashboard_match" time="0.694" /><testcase classname="tests.test_issues_7_to_19.TestIssue12PaymentsDrill" name="test_pending_payments_do_not_reduce_receivable" time="0.348"><failure message="AssertionError: {&quot;detail&quot;:&quot;An active lead already exists for 9998887777 (UI_TEST_8454)&quot;}&#10;assert 409 == 200&#10; +  where 409 = &lt;Response [409]&gt;.status_code">E   AssertionError: {"detail":"An active lead already exists for 9998887777 (UI_TEST_8454)"}
    assert 409 == 200
     +  where 409 = &lt;Response [409]&gt;.status_code</failure></testcase><testcase classname="tests.test_phase2.TestProjectPriceGating" name="test_pre_handoff_owner_can_set" time="0.364" /><testcase classname="tests.test_phase2.TestProjectPriceGating" name="test_post_handoff_gated" time="0.768" /><testcase classname="tests.test_issues_1_to_6.TestIssue6TeamListing" name="test_owner_manager_get_installation_team" time="2.750" /><testcase classname="tests.test_phase2.TestLeadEdit" name="test_owner_can_patch_non_commercial" time="0.398" /><testcase classname="tests.test_issues_1_to_6.TestIssue6TeamListing" name="test_others_forbidden" time="0.925" /><testcase classname="tests.test_phase2.TestLeadEdit" name="test_non_owner_lead_forbidden" time="1.232" /><testcase classname="tests.backend_test.TestFinancingToggle" name="test_toggle_no_regress" time="0.264"><failure message="AssertionError: {&quot;detail&quot;:&quot;An active lead already exists for 9990000000 (TEST_L_65d475)&quot;}&#10;assert 409 == 200&#10; +  where 409 = &lt;Response [409]&gt;.status_code">E   AssertionError: {"detail":"An active lead already exists for 9990000000 (TEST_L_65d475)"}
    assert 409 == 200
     +  where 409 = &lt;Response [409]&gt;.status_code</failure></testcase><testcase classname="tests.backend_test.TestClosure" name="test_only_owner_manager_close" time="0.122"><failure message="AssertionError: {&quot;detail&quot;:&quot;An active lead already exists for 9990000000 (TEST_L_65d475)&quot;}&#10;assert 409 == 200&#10; +  where 409 = &lt;Response [409]&gt;.status_code">E   AssertionError: {"detail":"An active lead already exists for 9990000000 (TEST_L_65d475)"}
    assert 409 == 200
     +  where 409 = &lt;Response [409]&gt;.status_code</failure></testcase><testcase classname="tests.backend_test.TestDashboard" name="test_each_role_dashboard" time="2.081" /><testcase classname="tests.test_issues_7_to_19.TestIssue18ManagerTilesAndFilters" name="test_manager_dashboard_tiles" time="2.751" /><testcase classname="tests.test_issues_7_to_19.TestIssue18ManagerTilesAndFilters" name="test_manager_sees_awaiting_assignment_view" time="0.151" /><testcase classname="tests.backend_test.TestSLA" name="test_sla_owner_only" time="0.832" /><testcase classname="tests.test_audit_spec.TestDispatchContinuity" name="test_first_payment_revert_pending_does_not_stop_dispatch" time="3.693"><failure message="AssertionError: {&quot;detail&quot;:&quot;An active lead already exists for 9990000000 (TEST_L_65d475)&quot;}&#10;assert 409 == 200&#10; +  where 409 = &lt;Response [409]&gt;.status_code">E   AssertionError: {"detail":"An active lead already exists for 9990000000 (TEST_L_65d475)"}
    assert 409 == 200
     +  where 409 = &lt;Response [409]&gt;.status_code</failure></testcase><testcase classname="tests.test_audit_spec.TestFinancingRBAC" name="test_only_lead_manager_owner_can_toggle" time="0.373"><failure message="AssertionError: {&quot;detail&quot;:&quot;An active lead already exists for 9990000000 (TEST_L_65d475)&quot;}&#10;assert 409 == 200&#10; +  where 409 = &lt;Response [409]&gt;.status_code">E   AssertionError: {"detail":"An active lead already exists for 9990000000 (TEST_L_65d475)"}
    assert 409 == 200
     +  where 409 = &lt;Response [409]&gt;.status_code</failure></testcase><testcase classname="tests.test_audit_spec.TestTaskRBAC" name="test_registration_cannot_complete_accounts_task" time="3.394"><failure message="AssertionError: {&quot;detail&quot;:&quot;An active lead already exists for 9990000000 (TEST_L_65d475)&quot;}&#10;assert 409 == 200&#10; +  where 409 = &lt;Response [409]&gt;.status_code">E   AssertionError: {"detail":"An active lead already exists for 9990000000 (TEST_L_65d475)"}
    assert 409 == 200
     +  where 409 = &lt;Response [409]&gt;.status_code</failure></testcase><testcase classname="tests.test_audit_spec.TestSiteVisitAssigneeOnly" name="test_installation_cannot_complete_others_visit" time="0.866"><failure message="AssertionError: {&quot;detail&quot;:&quot;An active lead already exists for 9990000000 (TEST_L_65d475)&quot;}&#10;assert 409 == 200&#10; +  where 409 = &lt;Response [409]&gt;.status_code">E   AssertionError: {"detail":"An active lead already exists for 9990000000 (TEST_L_65d475)"}
    assert 409 == 200
     +  where 409 = &lt;Response [409]&gt;.status_code</failure></testcase><testcase classname="tests.test_audit_spec.TestEscalationsAccess" name="test_manager_cannot_list_or_return" time="0.621"><failure message="AssertionError: {&quot;detail&quot;:&quot;An active lead already exists for 9990000000 (TEST_L_65d475)&quot;}&#10;assert 409 == 200&#10; +  where 409 = &lt;Response [409]&gt;.status_code">E   AssertionError: {"detail":"An active lead already exists for 9990000000 (TEST_L_65d475)"}
    assert 409 == 200
     +  where 409 = &lt;Response [409]&gt;.status_code</failure></testcase><testcase classname="tests.test_issues_7_to_19.TestIssue11FollowupToday" name="test_only_today_followup_date_shown" time="3.808"><failure message="AssertionError: {&quot;detail&quot;:&quot;An active lead already exists for 9998887777 (UI_TEST_8454)&quot;}&#10;assert 409 == 200&#10; +  where 409 = &lt;Response [409]&gt;.status_code">E   AssertionError: {"detail":"An active lead already exists for 9998887777 (UI_TEST_8454)"}
    assert 409 == 200
     +  where 409 = &lt;Response [409]&gt;.status_code</failure></testcase><testcase classname="tests.test_issues_7_to_19.TestIssue14AccountsLeadCreator" name="test_monitor_includes_lead_creator_name" time="3.821"><failure message="AssertionError: {&quot;detail&quot;:&quot;An active lead already exists for 9998887777 (UI_TEST_8454)&quot;}&#10;assert 409 == 200&#10; +  where 409 = &lt;Response [409]&gt;.status_code">E   AssertionError: {"detail":"An active lead already exists for 9998887777 (UI_TEST_8454)"}
    assert 409 == 200
     +  where 409 = &lt;Response [409]&gt;.status_code</failure></testcase><testcase classname="tests.test_issues_7_to_19.TestIssue10ActionRequired" name="test_pending_filter_returns_action_required" time="0.351"><failure message="AssertionError: {&quot;detail&quot;:&quot;An active lead already exists for 9998887777 (UI_TEST_8454)&quot;}&#10;assert 409 == 200&#10; +  where 409 = &lt;Response [409]&gt;.status_code">E   AssertionError: {"detail":"An active lead already exists for 9998887777 (UI_TEST_8454)"}
    assert 409 == 200
     +  where 409 = &lt;Response [409]&gt;.status_code</failure></testcase></testsuite></testsuites>