<?xml version="1.0" encoding="utf-8"?><testsuites name="pytest tests"><testsuite name="pytest" errors="106" failures="1" skipped="0" tests="165" time="197.169" timestamp="2026-09-12T12:53:43.933504+00:00" hostname="agent-env-d4458330-6800-44e8-83f6-67c8f176fa67"><testcase classname="tests.test_phase3_documents.TestUploadEachDocType" name="test_upload_pan_returns_status" time="4.066" /><testcase classname="tests.test_phase2.TestItemMaster" name="test_owner_create_item" time="4.065" /><testcase classname="tests.test_phase2.TestItemMaster" name="test_duplicate_name_unit_409" time="0.232" /><testcase classname="tests.test_phase3_documents.TestUploadEachDocType" name="test_upload_each_type[AADHAAR]" time="0.513" /><testcase classname="tests.test_phase2.TestItemMaster" name="test_toggle_active" time="0.393" /><testcase classname="tests.test_phase3_documents.TestUploadEachDocType" name="test_upload_each_type[ELECTRICITY_BILL]" time="0.479" /><testcase classname="tests.test_phase2.TestItemMaster" name="test_active_only_filter" time="0.371" /><testcase classname="tests.test_phase3_documents.TestUploadEachDocType" name="test_upload_each_type[BANK_PASSBOOK]" time="0.643" /><testcase classname="tests.test_phase2.TestItemMaster" name="test_export_csv" time="0.141" /><testcase classname="tests.test_phase2.TestItemMaster" name="test_import_csv" time="0.113" /><testcase classname="tests.test_phase2.TestItemMaster" name="test_non_owner_denied" time="0.495" /><testcase classname="tests.test_phase3_documents.TestUploadEachDocType" name="test_upload_each_type[BANK_STATEMENT]" time="0.914" /><testcase classname="tests.test_phase3_documents.TestUploadEachDocType" name="test_upload_each_type[CANCELLED_CHEQUE]" time="1.062" /><testcase classname="tests.test_phase3_documents.TestUploadEachDocType" name="test_upload_each_type[PROPERTY_PAPER]" time="0.795" /><testcase classname="tests.test_phase3_documents.TestUploadEachDocType" name="test_upload_each_type[TAX_RECEIPT]" time="1.045" /><testcase classname="tests.backend_test.TestLeadActions" name="test_yes_creates_ecp_reg1_and_second_yes_rejected" time="4.753" /><testcase classname="tests.backend_test.TestLeadActions" name="test_no_requires_reason_and_other_requires_remarks" time="1.494" /><testcase classname="tests.test_issues_1_to_6.TestIssue5InstallHandoff" name="test_full_handoff_and_rbac" time="6.866" /><testcase classname="tests.backend_test.TestLeadActions" name="test_followup_past_rejected_future_ok" time="0.368" /><testcase classname="tests.backend_test.TestLeadActions" name="test_site_visit_flow" time="1.658" /><testcase classname="tests.backend_test.TestLeadActions" name="test_escalation_and_owner_return" time="0.929" /><testcase classname="tests.backend_test.TestLeadActions" name="test_only_owner_reopen_lost" time="0.683" /><testcase classname="tests.test_issues_1_to_6.TestIssue5InstallHandoff" name="test_non_assignee_installer_403" time="6.077" /><testcase classname="tests.test_issues_7_to_19.TestIssue7LeadEmployeeMaster" name="test_owner_only_create" time="1.359"><error message="failed on setup with &quot;AssertionError: {&quot;detail&quot;:&quot;Invalid username or password&quot;}&#10;assert 401 == 200&#10; +  where 401 = &lt;Response [401]&gt;.status_code&quot;">E   AssertionError: {"detail":"Invalid username or password"}
    assert 401 == 200
     +  where 401 = &lt;Response [401]&gt;.status_code</error></testcase><testcase classname="tests.test_issues_7_to_19.TestIssue7LeadEmployeeMaster" name="test_get_allowed_roles" time="0.000"><error message="failed on setup with &quot;AssertionError: {&quot;detail&quot;:&quot;Invalid username or password&quot;}&#10;assert 401 == 200&#10; +  where 401 = &lt;Response [401]&gt;.status_code&quot;">E   AssertionError: {"detail":"Invalid username or password"}
    assert 401 == 200
     +  where 401 = &lt;Response [401]&gt;.status_code</error></testcase><testcase classname="tests.test_issues_7_to_19.TestIssue7LeadEmployeeMaster" name="test_active_only_filter" time="0.000"><error message="failed on setup with &quot;AssertionError: {&quot;detail&quot;:&quot;Invalid username or password&quot;}&#10;assert 401 == 200&#10; +  where 401 = &lt;Response [401]&gt;.status_code&quot;">E   AssertionError: {"detail":"Invalid username or password"}
    assert 401 == 200
     +  where 401 = &lt;Response [401]&gt;.status_code</error></testcase><testcase classname="tests.test_issues_7_to_19.TestIssue7LeadEmployeeMaster" name="test_lead_creator_snapshot_on_lead_and_ecp" time="0.000"><error message="failed on setup with &quot;AssertionError: {&quot;detail&quot;:&quot;Invalid username or password&quot;}&#10;assert 401 == 200&#10; +  where 401 = &lt;Response [401]&gt;.status_code&quot;">E   AssertionError: {"detail":"Invalid username or password"}
    assert 401 == 200
     +  where 401 = &lt;Response [401]&gt;.status_code</error></testcase><testcase classname="tests.test_issues_7_to_19.TestIssue7LeadEmployeeMaster" name="test_invalid_lead_creator_rejected" time="0.000"><error message="failed on setup with &quot;AssertionError: {&quot;detail&quot;:&quot;Invalid username or password&quot;}&#10;assert 401 == 200&#10; +  where 401 = &lt;Response [401]&gt;.status_code&quot;">E   AssertionError: {"detail":"Invalid username or password"}
    assert 401 == 200
     +  where 401 = &lt;Response [401]&gt;.status_code</error></testcase><testcase classname="tests.test_issues_7_to_19.TestIssue15PhoneMandatory" name="test_create_user_without_phone_400" time="0.000"><error message="failed on setup with &quot;AssertionError: {&quot;detail&quot;:&quot;Invalid username or password&quot;}&#10;assert 401 == 200&#10; +  where 401 = &lt;Response [401]&gt;.status_code&quot;">E   AssertionError: {"detail":"Invalid username or password"}
    assert 401 == 200
     +  where 401 = &lt;Response [401]&gt;.status_code</error></testcase><testcase classname="tests.test_issues_7_to_19.TestIssue15PhoneMandatory" name="test_create_user_with_empty_phone_400" time="0.000"><error message="failed on setup with &quot;AssertionError: {&quot;detail&quot;:&quot;Invalid username or password&quot;}&#10;assert 401 == 200&#10; +  where 401 = &lt;Response [401]&gt;.status_code&quot;">E   AssertionError: {"detail":"Invalid username or password"}
    assert 401 == 200
     +  where 401 = &lt;Response [401]&gt;.status_code</error></testcase><testcase classname="tests.test_issues_7_to_19.TestIssue15PhoneMandatory" name="test_create_with_phone_and_get" time="0.000"><error message="failed on setup with &quot;AssertionError: {&quot;detail&quot;:&quot;Invalid username or password&quot;}&#10;assert 401 == 200&#10; +  where 401 = &lt;Response [401]&gt;.status_code&quot;">E   AssertionError: {"detail":"Invalid username or password"}
    assert 401 == 200
     +  where 401 = &lt;Response [401]&gt;.status_code</error></testcase><testcase classname="tests.test_issues_7_to_19.TestIssue15PhoneMandatory" name="test_patch_phone_update" time="0.000"><error message="failed on setup with &quot;AssertionError: {&quot;detail&quot;:&quot;Invalid username or password&quot;}&#10;assert 401 == 200&#10; +  where 401 = &lt;Response [401]&gt;.status_code&quot;">E   AssertionError: {"detail":"Invalid username or password"}
    assert 401 == 200
     +  where 401 = &lt;Response [401]&gt;.status_code</error></testcase><testcase classname="tests.test_issues_7_to_19.TestIssue15PhoneMandatory" name="test_seed_users_without_phone_still_login" time="0.000"><error message="failed on setup with &quot;AssertionError: {&quot;detail&quot;:&quot;Invalid username or password&quot;}&#10;assert 401 == 200&#10; +  where 401 = &lt;Response [401]&gt;.status_code&quot;">E   AssertionError: {"detail":"Invalid username or password"}
    assert 401 == 200
     +  where 401 = &lt;Response [401]&gt;.status_code</error></testcase><testcase classname="tests.test_phase2_final.TestRegression" name="test_all_role_logins" time="1.527"><error message="failed on setup with &quot;AssertionError: login registration: 401 {&quot;detail&quot;:&quot;Invalid username or password&quot;}&#10;assert 401 == 200&#10; +  where 401 = &lt;Response [401]&gt;.status_code&quot;">E   AssertionError: login registration: 401 {"detail":"Invalid username or password"}
    assert 401 == 200
     +  where 401 = &lt;Response [401]&gt;.status_code</error></testcase><testcase classname="tests.test_phase2_final.TestRegression" name="test_lead_yes_creates_one_ecp" time="0.000"><error message="failed on setup with &quot;AssertionError: login registration: 401 {&quot;detail&quot;:&quot;Invalid username or password&quot;}&#10;assert 401 == 200&#10; +  where 401 = &lt;Response [401]&gt;.status_code&quot;">E   AssertionError: login registration: 401 {"detail":"Invalid username or password"}
    assert 401 == 200
     +  where 401 = &lt;Response [401]&gt;.status_code</error></testcase><testcase classname="tests.test_phase2_final.TestRegression" name="test_duplicate_active_phone_409" time="0.000"><error message="failed on setup with &quot;AssertionError: login registration: 401 {&quot;detail&quot;:&quot;Invalid username or password&quot;}&#10;assert 401 == 200&#10; +  where 401 = &lt;Response [401]&gt;.status_code&quot;">E   AssertionError: login registration: 401 {"detail":"Invalid username or password"}
    assert 401 == 200
     +  where 401 = &lt;Response [401]&gt;.status_code</error></testcase><testcase classname="tests.test_phase2_final.TestRegression" name="test_reassign_manager_owner_ok_others_403" time="0.000"><error message="failed on setup with &quot;AssertionError: login registration: 401 {&quot;detail&quot;:&quot;Invalid username or password&quot;}&#10;assert 401 == 200&#10; +  where 401 = &lt;Response [401]&gt;.status_code&quot;">E   AssertionError: login registration: 401 {"detail":"Invalid username or password"}
    assert 401 == 200
     +  where 401 = &lt;Response [401]&gt;.status_code</error></testcase><testcase classname="tests.test_phase2_final.TestRegression" name="test_ecp_dashboard_and_payments_monitor_load" time="0.000"><error message="failed on setup with &quot;AssertionError: login registration: 401 {&quot;detail&quot;:&quot;Invalid username or password&quot;}&#10;assert 401 == 200&#10; +  where 401 = &lt;Response [401]&gt;.status_code&quot;">E   AssertionError: login registration: 401 {"detail":"Invalid username or password"}
    assert 401 == 200
     +  where 401 = &lt;Response [401]&gt;.status_code</error></testcase><testcase classname="tests.test_issues_7_to_19.TestIssue16Activities" name="test_owner_only" time="1.532"><error message="failed on setup with &quot;AssertionError: {&quot;detail&quot;:&quot;Invalid username or password&quot;}&#10;assert 401 == 200&#10; +  where 401 = &lt;Response [401]&gt;.status_code&quot;">E   AssertionError: {"detail":"Invalid username or password"}
    assert 401 == 200
     +  where 401 = &lt;Response [401]&gt;.status_code</error></testcase><testcase classname="tests.test_issues_7_to_19.TestIssue16Activities" name="test_default_returns_ist_today_only" time="0.000"><error message="failed on setup with &quot;AssertionError: {&quot;detail&quot;:&quot;Invalid username or password&quot;}&#10;assert 401 == 200&#10; +  where 401 = &lt;Response [401]&gt;.status_code&quot;">E   AssertionError: {"detail":"Invalid username or password"}
    assert 401 == 200
     +  where 401 = &lt;Response [401]&gt;.status_code</error></testcase><testcase classname="tests.test_issues_7_to_19.TestIssue16Activities" name="test_filter_by_team" time="0.000"><error message="failed on setup with &quot;AssertionError: {&quot;detail&quot;:&quot;Invalid username or password&quot;}&#10;assert 401 == 200&#10; +  where 401 = &lt;Response [401]&gt;.status_code&quot;">E   AssertionError: {"detail":"Invalid username or password"}
    assert 401 == 200
     +  where 401 = &lt;Response [401]&gt;.status_code</error></testcase><testcase classname="tests.test_issues_7_to_19.TestIssue16Activities" name="test_activities_logged_for_key_events" time="0.000"><error message="failed on setup with &quot;AssertionError: {&quot;detail&quot;:&quot;Invalid username or password&quot;}&#10;assert 401 == 200&#10; +  where 401 = &lt;Response [401]&gt;.status_code&quot;">E   AssertionError: {"detail":"Invalid username or password"}
    assert 401 == 200
     +  where 401 = &lt;Response [401]&gt;.status_code</error></testcase><testcase classname="tests.test_phase2.TestLeadFieldConfig" name="test_owner_set_and_get" time="0.401" /><testcase classname="tests.test_phase2.TestLeadFieldConfig" name="test_lead_missing_required_fields_400" time="0.232" /><testcase classname="tests.test_phase2.TestLeadFieldConfig" name="test_lead_creation_after_reset" time="0.323" /><testcase classname="tests.test_phase2.TestLeadFieldConfig" name="test_non_owner_put_forbidden" time="0.192" /><testcase classname="tests.test_phase2.TestCommercialChange" name="test_propose_approve_updates_ecp" time="3.090" /><testcase classname="tests.test_issues_1_to_6.TestIssue5InstallHandoff" name="test_installer_only_sees_own_assigned_via_list" time="140.329" /><testcase classname="tests.test_phase2.TestCommercialChange" name="test_reject_without_remarks_400" time="79.949" /><testcase classname="tests.test_phase2.TestCommercialChange" name="test_rbac" time="1.993" /><testcase classname="tests.test_phase2.TestCommercialChange" name="test_lead_not_owner_proposes_403" time="0.918" /><testcase classname="tests.backend_test.TestAuth" name="test_login_all_seeded" time="1.409"><failure message="AssertionError: login failed for registration: 401 {&quot;detail&quot;:&quot;Invalid username or password&quot;}&#10;assert 401 == 200&#10; +  where 401 = &lt;Response [401]&gt;.status_code">E   AssertionError: login failed for registration: 401 {"detail":"Invalid username or password"}
    assert 401 == 200
     +  where 401 = &lt;Response [401]&gt;.status_code</failure></testcase><testcase classname="tests.backend_test.TestAuth" name="test_login_invalid" time="0.356" /><testcase classname="tests.backend_test.TestAuth" name="test_me" time="0.145" /><testcase classname="tests.backend_test.TestPayments" name="test_only_accounts_creates" time="7.343" /><testcase classname="tests.backend_test.TestPayments" name="test_additional_multiple_allowed" time="1.876" /><testcase classname="tests.backend_test.TestPayments" name="test_monitor_rbac" time="0.935" /><testcase classname="tests.test_issues_7_to_19.TestIssue8LeadStatusFilter" name="test_status_filter_pending" time="1.394"><error message="failed on setup with &quot;AssertionError: {&quot;detail&quot;:&quot;Invalid username or password&quot;}&#10;assert 401 == 200&#10; +  where 401 = &lt;Response [401]&gt;.status_code&quot;">E   AssertionError: {"detail":"Invalid username or password"}
    assert 401 == 200
     +  where 401 = &lt;Response [401]&gt;.status_code</error></testcase><testcase classname="tests.test_issues_7_to_19.TestIssue8LeadStatusFilter" name="test_status_filter_followup" time="0.000"><error message="failed on setup with &quot;AssertionError: {&quot;detail&quot;:&quot;Invalid username or password&quot;}&#10;assert 401 == 200&#10; +  where 401 = &lt;Response [401]&gt;.status_code&quot;">E   AssertionError: {"detail":"Invalid username or password"}
    assert 401 == 200
     +  where 401 = &lt;Response [401]&gt;.status_code</error></testcase><testcase classname="tests.test_issues_7_to_19.TestIssue8LeadStatusFilter" name="test_status_filter_lost" time="0.000"><error message="failed on setup with &quot;AssertionError: {&quot;detail&quot;:&quot;Invalid username or password&quot;}&#10;assert 401 == 200&#10; +  where 401 = &lt;Response [401]&gt;.status_code&quot;">E   AssertionError: {"detail":"Invalid username or password"}
    assert 401 == 200
     +  where 401 = &lt;Response [401]&gt;.status_code</error></testcase><testcase classname="tests.test_issues_7_to_19.TestIssue17CSVExport" name="test_owner_only" time="0.000"><error message="failed on setup with &quot;AssertionError: {&quot;detail&quot;:&quot;Invalid username or password&quot;}&#10;assert 401 == 200&#10; +  where 401 = &lt;Response [401]&gt;.status_code&quot;">E   AssertionError: {"detail":"Invalid username or password"}
    assert 401 == 200
     +  where 401 = &lt;Response [401]&gt;.status_code</error></testcase><testcase classname="tests.test_issues_7_to_19.TestIssue17CSVExport" name="test_default_excludes_money" time="0.000"><error message="failed on setup with &quot;AssertionError: {&quot;detail&quot;:&quot;Invalid username or password&quot;}&#10;assert 401 == 200&#10; +  where 401 = &lt;Response [401]&gt;.status_code&quot;">E   AssertionError: {"detail":"Invalid username or password"}
    assert 401 == 200
     +  where 401 = &lt;Response [401]&gt;.status_code</error></testcase><testcase classname="tests.test_issues_7_to_19.TestIssue17CSVExport" name="test_include_money" time="0.000"><error message="failed on setup with &quot;AssertionError: {&quot;detail&quot;:&quot;Invalid username or password&quot;}&#10;assert 401 == 200&#10; +  where 401 = &lt;Response [401]&gt;.status_code&quot;">E   AssertionError: {"detail":"Invalid username or password"}
    assert 401 == 200
     +  where 401 = &lt;Response [401]&gt;.status_code</error></testcase><testcase classname="tests.test_phase2.TestLeadItemFields" name="test_lead_create_stores_item_snapshot" time="0.366" /><testcase classname="tests.test_phase2.TestLeadItemFields" name="test_inactive_item_400" time="0.355" /><testcase classname="tests.test_phase2.TestLeadItemFields" name="test_nonexistent_item_400" time="0.115" /><testcase classname="tests.test_phase2.TestQuotationPDF" name="test_owner_lead_manager_can_download" time="0.515" /><testcase classname="tests.test_phase2.TestQuotationPDF" name="test_non_owner_lead_forbidden" time="1.014" /><testcase classname="tests.test_phase2.TestQuotationPDF" name="test_non_lead_roles_forbidden" time="0.630" /><testcase classname="tests.test_phase2_final.TestRBAC" name="test_non_owner_lead_patch_403" time="0.000"><error message="failed on setup with &quot;AssertionError: login registration: 401 {&quot;detail&quot;:&quot;Invalid username or password&quot;}&#10;assert 401 == 200&#10; +  where 401 = &lt;Response [401]&gt;.status_code&quot;">E   AssertionError: login registration: 401 {"detail":"Invalid username or password"}
    assert 401 == 200
     +  where 401 = &lt;Response [401]&gt;.status_code</error></testcase><testcase classname="tests.test_phase2_final.TestRBAC" name="test_non_owner_lead_commercial_change_403" time="0.001"><error message="failed on setup with &quot;AssertionError: login registration: 401 {&quot;detail&quot;:&quot;Invalid username or password&quot;}&#10;assert 401 == 200&#10; +  where 401 = &lt;Response [401]&gt;.status_code&quot;">E   AssertionError: login registration: 401 {"detail":"Invalid username or password"}
    assert 401 == 200
     +  where 401 = &lt;Response [401]&gt;.status_code</error></testcase><testcase classname="tests.test_phase2_final.TestRBAC" name="test_non_owner_roles_denied_approve_reject_pending" time="0.002"><error message="failed on setup with &quot;AssertionError: login registration: 401 {&quot;detail&quot;:&quot;Invalid username or password&quot;}&#10;assert 401 == 200&#10; +  where 401 = &lt;Response [401]&gt;.status_code&quot;">E   AssertionError: login registration: 401 {"detail":"Invalid username or password"}
    assert 401 == 200
     +  where 401 = &lt;Response [401]&gt;.status_code</error></testcase><testcase classname="tests.test_phase3_documents.TestRegistrationBlockedWhilePending" name="test_pending_ecp_absent_from_registration_ecps_list" time="1.418"><error message="failed on setup with &quot;AssertionError: login registration: 401 {&quot;detail&quot;:&quot;Invalid username or password&quot;}&#10;assert 401 == 200&#10; +  where 401 = &lt;Response [401]&gt;.status_code&quot;">E   AssertionError: login registration: 401 {"detail":"Invalid username or password"}
    assert 401 == 200
     +  where 401 = &lt;Response [401]&gt;.status_code</error></testcase><testcase classname="tests.test_phase3_documents.TestRegistrationBlockedWhilePending" name="test_registration_get_docs_403_while_pending" time="0.000"><error message="failed on setup with &quot;AssertionError: login registration: 401 {&quot;detail&quot;:&quot;Invalid username or password&quot;}&#10;assert 401 == 200&#10; +  where 401 = &lt;Response [401]&gt;.status_code&quot;">E   AssertionError: login registration: 401 {"detail":"Invalid username or password"}
    assert 401 == 200
     +  where 401 = &lt;Response [401]&gt;.status_code</error></testcase><testcase classname="tests.test_phase3_documents.TestRegistrationBlockedWhilePending" name="test_no_reg1_tasks_while_pending" time="0.000"><error message="failed on setup with &quot;AssertionError: login registration: 401 {&quot;detail&quot;:&quot;Invalid username or password&quot;}&#10;assert 401 == 200&#10; +  where 401 = &lt;Response [401]&gt;.status_code&quot;">E   AssertionError: login registration: 401 {"detail":"Invalid username or password"}
    assert 401 == 200
     +  where 401 = &lt;Response [401]&gt;.status_code</error></testcase><testcase classname="tests.test_phase3_documents.TestBankAlternatives" name="test_any_bank_completes_no_financing[BANK_PASSBOOK]" time="0.000"><error message="failed on setup with &quot;AssertionError: login registration: 401 {&quot;detail&quot;:&quot;Invalid username or password&quot;}&#10;assert 401 == 200&#10; +  where 401 = &lt;Response [401]&gt;.status_code&quot;">E   AssertionError: login registration: 401 {"detail":"Invalid username or password"}
    assert 401 == 200
     +  where 401 = &lt;Response [401]&gt;.status_code</error></testcase><testcase classname="tests.test_phase3_documents.TestBankAlternatives" name="test_any_bank_completes_no_financing[BANK_STATEMENT]" time="0.000"><error message="failed on setup with &quot;AssertionError: login registration: 401 {&quot;detail&quot;:&quot;Invalid username or password&quot;}&#10;assert 401 == 200&#10; +  where 401 = &lt;Response [401]&gt;.status_code&quot;">E   AssertionError: login registration: 401 {"detail":"Invalid username or password"}
    assert 401 == 200
     +  where 401 = &lt;Response [401]&gt;.status_code</error></testcase><testcase classname="tests.test_phase3_documents.TestBankAlternatives" name="test_any_bank_completes_no_financing[CANCELLED_CHEQUE]" time="0.000"><error message="failed on setup with &quot;AssertionError: login registration: 401 {&quot;detail&quot;:&quot;Invalid username or password&quot;}&#10;assert 401 == 200&#10; +  where 401 = &lt;Response [401]&gt;.status_code&quot;">E   AssertionError: login registration: 401 {"detail":"Invalid username or password"}
    assert 401 == 200
     +  where 401 = &lt;Response [401]&gt;.status_code</error></testcase><testcase classname="tests.test_phase3_documents.TestFileValidation" name="test_txt_rejected" time="0.000"><error message="failed on setup with &quot;AssertionError: login registration: 401 {&quot;detail&quot;:&quot;Invalid username or password&quot;}&#10;assert 401 == 200&#10; +  where 401 = &lt;Response [401]&gt;.status_code&quot;">E   AssertionError: login registration: 401 {"detail":"Invalid username or password"}
    assert 401 == 200
     +  where 401 = &lt;Response [401]&gt;.status_code</error></testcase><testcase classname="tests.test_phase3_documents.TestFileValidation" name="test_octet_stream_rejected" time="0.000"><error message="failed on setup with &quot;AssertionError: login registration: 401 {&quot;detail&quot;:&quot;Invalid username or password&quot;}&#10;assert 401 == 200&#10; +  where 401 = &lt;Response [401]&gt;.status_code&quot;">E   AssertionError: login registration: 401 {"detail":"Invalid username or password"}
    assert 401 == 200
     +  where 401 = &lt;Response [401]&gt;.status_code</error></testcase><testcase classname="tests.test_phase3_documents.TestFileValidation" name="test_oversized_rejected" time="0.000"><error message="failed on setup with &quot;AssertionError: login registration: 401 {&quot;detail&quot;:&quot;Invalid username or password&quot;}&#10;assert 401 == 200&#10; +  where 401 = &lt;Response [401]&gt;.status_code&quot;">E   AssertionError: login registration: 401 {"detail":"Invalid username or password"}
    assert 401 == 200
     +  where 401 = &lt;Response [401]&gt;.status_code</error></testcase><testcase classname="tests.test_phase3_documents.TestDashboardCounters" name="test_registration_awaiting_documents_counter" time="0.000"><error message="failed on setup with &quot;AssertionError: login registration: 401 {&quot;detail&quot;:&quot;Invalid username or password&quot;}&#10;assert 401 == 200&#10; +  where 401 = &lt;Response [401]&gt;.status_code&quot;">E   AssertionError: login registration: 401 {"detail":"Invalid username or password"}
    assert 401 == 200
     +  where 401 = &lt;Response [401]&gt;.status_code</error></testcase><testcase classname="tests.test_phase3_documents.TestDashboardCounters" name="test_owner_pending_documents_counter" time="0.000"><error message="failed on setup with &quot;AssertionError: login registration: 401 {&quot;detail&quot;:&quot;Invalid username or password&quot;}&#10;assert 401 == 200&#10; +  where 401 = &lt;Response [401]&gt;.status_code&quot;">E   AssertionError: login registration: 401 {"detail":"Invalid username or password"}
    assert 401 == 200
     +  where 401 = &lt;Response [401]&gt;.status_code</error></testcase><testcase classname="tests.test_phase3_documents.TestDashboardCounters" name="test_lead_awaiting_documents_counter" time="0.000"><error message="failed on setup with &quot;AssertionError: login registration: 401 {&quot;detail&quot;:&quot;Invalid username or password&quot;}&#10;assert 401 == 200&#10; +  where 401 = &lt;Response [401]&gt;.status_code&quot;">E   AssertionError: login registration: 401 {"detail":"Invalid username or password"}
    assert 401 == 200
     +  where 401 = &lt;Response [401]&gt;.status_code</error></testcase><testcase classname="tests.test_phase4_8.TestPhase5Dispatch" name="test_dispatch_scrubs_project_price_and_payments" time="1.370"><error message="failed on setup with &quot;AssertionError: {&quot;detail&quot;:&quot;Invalid username or password&quot;}&#10;assert 401 == 200&#10; +  where 401 = &lt;Response [401]&gt;.status_code&quot;">E   AssertionError: {"detail":"Invalid username or password"}
    assert 401 == 200
     +  where 401 = &lt;Response [401]&gt;.status_code</error></testcase><testcase classname="tests.test_phase4_8.TestPhase5Dispatch" name="test_dispatch_cannot_read_payments_monitor" time="0.000"><error message="failed on setup with &quot;AssertionError: {&quot;detail&quot;:&quot;Invalid username or password&quot;}&#10;assert 401 == 200&#10; +  where 401 = &lt;Response [401]&gt;.status_code&quot;">E   AssertionError: {"detail":"Invalid username or password"}
    assert 401 == 200
     +  where 401 = &lt;Response [401]&gt;.status_code</error></testcase><testcase classname="tests.test_phase4_8.TestPhase5Dispatch" name="test_delivery_challan_flow" time="0.000"><error message="failed on setup with &quot;AssertionError: {&quot;detail&quot;:&quot;Invalid username or password&quot;}&#10;assert 401 == 200&#10; +  where 401 = &lt;Response [401]&gt;.status_code&quot;">E   AssertionError: {"detail":"Invalid username or password"}
    assert 401 == 200
     +  where 401 = &lt;Response [401]&gt;.status_code</error></testcase><testcase classname="tests.test_phase4_8.TestPhase8Complaints" name="test_category_duplicate_409" time="0.000"><error message="failed on setup with &quot;AssertionError: {&quot;detail&quot;:&quot;Invalid username or password&quot;}&#10;assert 401 == 200&#10; +  where 401 = &lt;Response [401]&gt;.status_code&quot;">E   AssertionError: {"detail":"Invalid username or password"}
    assert 401 == 200
     +  where 401 = &lt;Response [401]&gt;.status_code</error></testcase><testcase classname="tests.test_phase4_8.TestPhase8Complaints" name="test_sla_set_and_workflow" time="0.000"><error message="failed on setup with &quot;AssertionError: {&quot;detail&quot;:&quot;Invalid username or password&quot;}&#10;assert 401 == 200&#10; +  where 401 = &lt;Response [401]&gt;.status_code&quot;">E   AssertionError: {"detail":"Invalid username or password"}
    assert 401 == 200
     +  where 401 = &lt;Response [401]&gt;.status_code</error></testcase><testcase classname="tests.test_phase4_8.TestPhase8Complaints" name="test_no_ecp_allowed_and_attachment" time="0.000"><error message="failed on setup with &quot;AssertionError: {&quot;detail&quot;:&quot;Invalid username or password&quot;}&#10;assert 401 == 200&#10; +  where 401 = &lt;Response [401]&gt;.status_code&quot;">E   AssertionError: {"detail":"Invalid username or password"}
    assert 401 == 200
     +  where 401 = &lt;Response [401]&gt;.status_code</error></testcase><testcase classname="tests.backend_test.TestLeadRBAC" name="test_non_lead_forbidden" time="0.612" /><testcase classname="tests.backend_test.TestLeadRBAC" name="test_lead_creates_pending" time="0.117" /><testcase classname="tests.backend_test.TestECPFlow" name="test_reg1_financing_tasks_block_and_autoadvance" time="2.774" /><testcase classname="tests.backend_test.TestECPFlow" name="test_full_pipeline_no_financing" time="41.910" /><testcase classname="tests.test_issues_1_to_6.TestIssue5InstallHandoff" name="test_manager_dashboard_has_awaiting_count" time="3.730" /><testcase classname="tests.test_issues_1_to_6.TestIssue5InstallHandoff" name="test_awaiting_assignment_view" time="5.293" /><testcase classname="tests.test_audit_spec.TestAuthHardening" name="test_protected_endpoints_401_without_token" time="2.806" /><testcase classname="tests.test_audit_spec.TestOwnerCannotDecideLeadAction" name="test_owner_forbidden_on_all_five_actions" time="1.442"><error message="failed on setup with &quot;AssertionError: login failed: {&quot;detail&quot;:&quot;Invalid username or password&quot;}&#10;assert 401 == 200&#10; +  where 401 = &lt;Response [401]&gt;.status_code&quot;">E   AssertionError: login failed: {"detail":"Invalid username or password"}
    assert 401 == 200
     +  where 401 = &lt;Response [401]&gt;.status_code</error></testcase><testcase classname="tests.test_audit_spec.TestOwnerCannotDecideLeadAction" name="test_manager_also_forbidden" time="0.000"><error message="failed on setup with &quot;AssertionError: login failed: {&quot;detail&quot;:&quot;Invalid username or password&quot;}&#10;assert 401 == 200&#10; +  where 401 = &lt;Response [401]&gt;.status_code&quot;">E   AssertionError: login failed: {"detail":"Invalid username or password"}
    assert 401 == 200
     +  where 401 = &lt;Response [401]&gt;.status_code</error></testcase><testcase classname="tests.test_audit_spec.TestOwnerOnlyEndpoints" name="test_users_owner_only" time="0.000"><error message="failed on setup with &quot;AssertionError: login failed: {&quot;detail&quot;:&quot;Invalid username or password&quot;}&#10;assert 401 == 200&#10; +  where 401 = &lt;Response [401]&gt;.status_code&quot;">E   AssertionError: login failed: {"detail":"Invalid username or password"}
    assert 401 == 200
     +  where 401 = &lt;Response [401]&gt;.status_code</error></testcase><testcase classname="tests.test_audit_spec.TestOwnerOnlyEndpoints" name="test_sla_put_owner_only" time="0.000"><error message="failed on setup with &quot;AssertionError: login failed: {&quot;detail&quot;:&quot;Invalid username or password&quot;}&#10;assert 401 == 200&#10; +  where 401 = &lt;Response [401]&gt;.status_code&quot;">E   AssertionError: login failed: {"detail":"Invalid username or password"}
    assert 401 == 200
     +  where 401 = &lt;Response [401]&gt;.status_code</error></testcase><testcase classname="tests.test_issues_1_to_6.TestIssue1RegistrationFilter" name="test_registration_stage_filter" time="1.373"><error message="failed on setup with &quot;AssertionError: {&quot;detail&quot;:&quot;Invalid username or password&quot;}&#10;assert 401 == 200&#10; +  where 401 = &lt;Response [401]&gt;.status_code&quot;">E   AssertionError: {"detail":"Invalid username or password"}
    assert 401 == 200
     +  where 401 = &lt;Response [401]&gt;.status_code</error></testcase><testcase classname="tests.test_issues_1_to_6.TestIssue1RegistrationFilter" name="test_registration_cannot_query_dispatch_scope" time="0.000"><error message="failed on setup with &quot;AssertionError: {&quot;detail&quot;:&quot;Invalid username or password&quot;}&#10;assert 401 == 200&#10; +  where 401 = &lt;Response [401]&gt;.status_code&quot;">E   AssertionError: {"detail":"Invalid username or password"}
    assert 401 == 200
     +  where 401 = &lt;Response [401]&gt;.status_code</error></testcase><testcase classname="tests.test_issues_1_to_6.TestIssue4DispatchViews" name="test_view_reduces_set" time="0.000"><error message="failed on setup with &quot;AssertionError: {&quot;detail&quot;:&quot;Invalid username or password&quot;}&#10;assert 401 == 200&#10; +  where 401 = &lt;Response [401]&gt;.status_code&quot;">E   AssertionError: {"detail":"Invalid username or password"}
    assert 401 == 200
     +  where 401 = &lt;Response [401]&gt;.status_code</error></testcase><testcase classname="tests.test_issues_1_to_6.TestIssue4DispatchViews" name="test_past_dispatch_view" time="0.000"><error message="failed on setup with &quot;AssertionError: {&quot;detail&quot;:&quot;Invalid username or password&quot;}&#10;assert 401 == 200&#10; +  where 401 = &lt;Response [401]&gt;.status_code&quot;">E   AssertionError: {"detail":"Invalid username or password"}
    assert 401 == 200
     +  where 401 = &lt;Response [401]&gt;.status_code</error></testcase><testcase classname="tests.test_issues_1_to_6.TestIssue2BProjectPrice" name="test_lead_can_set_price_on_create_and_via_endpoint" time="0.000"><error message="failed on setup with &quot;AssertionError: {&quot;detail&quot;:&quot;Invalid username or password&quot;}&#10;assert 401 == 200&#10; +  where 401 = &lt;Response [401]&gt;.status_code&quot;">E   AssertionError: {"detail":"Invalid username or password"}
    assert 401 == 200
     +  where 401 = &lt;Response [401]&gt;.status_code</error></testcase><testcase classname="tests.test_issues_1_to_6.TestIssue2BProjectPrice" name="test_price_propagates_on_yes_and_via_endpoint" time="0.000"><error message="failed on setup with &quot;AssertionError: {&quot;detail&quot;:&quot;Invalid username or password&quot;}&#10;assert 401 == 200&#10; +  where 401 = &lt;Response [401]&gt;.status_code&quot;">E   AssertionError: {"detail":"Invalid username or password"}
    assert 401 == 200
     +  where 401 = &lt;Response [401]&gt;.status_code</error></testcase><testcase classname="tests.test_issues_1_to_6.TestIssue2AccountsDashboard" name="test_receivable_math_known_project" time="0.000"><error message="failed on setup with &quot;AssertionError: {&quot;detail&quot;:&quot;Invalid username or password&quot;}&#10;assert 401 == 200&#10; +  where 401 = &lt;Response [401]&gt;.status_code&quot;">E   AssertionError: {"detail":"Invalid username or password"}
    assert 401 == 200
     +  where 401 = &lt;Response [401]&gt;.status_code</error></testcase><testcase classname="tests.test_issues_1_to_6.TestIssue2AccountsDashboard" name="test_accounts_dashboard_has_all_four_fields" time="0.000"><error message="failed on setup with &quot;AssertionError: {&quot;detail&quot;:&quot;Invalid username or password&quot;}&#10;assert 401 == 200&#10; +  where 401 = &lt;Response [401]&gt;.status_code&quot;">E   AssertionError: {"detail":"Invalid username or password"}
    assert 401 == 200
     +  where 401 = &lt;Response [401]&gt;.status_code</error></testcase><testcase classname="tests.test_issues_1_to_6.TestIssue3PaymentsMonitor" name="test_row_per_project_with_fields" time="0.000"><error message="failed on setup with &quot;AssertionError: {&quot;detail&quot;:&quot;Invalid username or password&quot;}&#10;assert 401 == 200&#10; +  where 401 = &lt;Response [401]&gt;.status_code&quot;">E   AssertionError: {"detail":"Invalid username or password"}
    assert 401 == 200
     +  where 401 = &lt;Response [401]&gt;.status_code</error></testcase><testcase classname="tests.test_issues_1_to_6.TestIssue3PaymentsMonitor" name="test_additional_type_preserved" time="0.000"><error message="failed on setup with &quot;AssertionError: {&quot;detail&quot;:&quot;Invalid username or password&quot;}&#10;assert 401 == 200&#10; +  where 401 = &lt;Response [401]&gt;.status_code&quot;">E   AssertionError: {"detail":"Invalid username or password"}
    assert 401 == 200
     +  where 401 = &lt;Response [401]&gt;.status_code</error></testcase><testcase classname="tests.test_audit_spec.TestAuthHardening" name="test_login_invalid_401" time="0.516" /><testcase classname="tests.test_issues_7_to_19.TestIssue9ECPStageFilterLead" name="test_lead_can_filter_ecps_by_stage" time="1.860"><error message="failed on setup with &quot;AssertionError: {&quot;detail&quot;:&quot;Invalid username or password&quot;}&#10;assert 401 == 200&#10; +  where 401 = &lt;Response [401]&gt;.status_code&quot;">E   AssertionError: {"detail":"Invalid username or password"}
    assert 401 == 200
     +  where 401 = &lt;Response [401]&gt;.status_code</error></testcase><testcase classname="tests.test_issues_7_to_19.TestIssue9ECPStageFilterLead" name="test_lead_can_filter_closed_view" time="0.000"><error message="failed on setup with &quot;AssertionError: {&quot;detail&quot;:&quot;Invalid username or password&quot;}&#10;assert 401 == 200&#10; +  where 401 = &lt;Response [401]&gt;.status_code&quot;">E   AssertionError: {"detail":"Invalid username or password"}
    assert 401 == 200
     +  where 401 = &lt;Response [401]&gt;.status_code</error></testcase><testcase classname="tests.test_issues_7_to_19.TestIssue12PaymentsDrill" name="test_monitor_project_wise_and_dashboard_match" time="0.000"><error message="failed on setup with &quot;AssertionError: {&quot;detail&quot;:&quot;Invalid username or password&quot;}&#10;assert 401 == 200&#10; +  where 401 = &lt;Response [401]&gt;.status_code&quot;">E   AssertionError: {"detail":"Invalid username or password"}
    assert 401 == 200
     +  where 401 = &lt;Response [401]&gt;.status_code</error></testcase><testcase classname="tests.test_issues_7_to_19.TestIssue12PaymentsDrill" name="test_pending_payments_do_not_reduce_receivable" time="0.000"><error message="failed on setup with &quot;AssertionError: {&quot;detail&quot;:&quot;Invalid username or password&quot;}&#10;assert 401 == 200&#10; +  where 401 = &lt;Response [401]&gt;.status_code&quot;">E   AssertionError: {"detail":"Invalid username or password"}
    assert 401 == 200
     +  where 401 = &lt;Response [401]&gt;.status_code</error></testcase><testcase classname="tests.test_issues_1_to_6.TestIssue6TeamListing" name="test_owner_manager_get_installation_team" time="2.006"><error message="failed on setup with &quot;AssertionError: {&quot;detail&quot;:&quot;Invalid username or password&quot;}&#10;assert 401 == 200&#10; +  where 401 = &lt;Response [401]&gt;.status_code&quot;">E   AssertionError: {"detail":"Invalid username or password"}
    assert 401 == 200
     +  where 401 = &lt;Response [401]&gt;.status_code</error></testcase><testcase classname="tests.test_issues_1_to_6.TestIssue6TeamListing" name="test_others_forbidden" time="0.000"><error message="failed on setup with &quot;AssertionError: {&quot;detail&quot;:&quot;Invalid username or password&quot;}&#10;assert 401 == 200&#10; +  where 401 = &lt;Response [401]&gt;.status_code&quot;">E   AssertionError: {"detail":"Invalid username or password"}
    assert 401 == 200
     +  where 401 = &lt;Response [401]&gt;.status_code</error></testcase><testcase classname="tests.test_phase2.TestProjectPriceGating" name="test_pre_handoff_owner_can_set" time="2.013"><error message="failed on setup with &quot;AssertionError: login registration: 401 {&quot;detail&quot;:&quot;Invalid username or password&quot;}&#10;assert 401 == 200&#10; +  where 401 = &lt;Response [401]&gt;.status_code&quot;">E   AssertionError: login registration: 401 {"detail":"Invalid username or password"}
    assert 401 == 200
     +  where 401 = &lt;Response [401]&gt;.status_code</error></testcase><testcase classname="tests.test_phase2.TestProjectPriceGating" name="test_post_handoff_gated" time="0.000"><error message="failed on setup with &quot;AssertionError: login registration: 401 {&quot;detail&quot;:&quot;Invalid username or password&quot;}&#10;assert 401 == 200&#10; +  where 401 = &lt;Response [401]&gt;.status_code&quot;">E   AssertionError: login registration: 401 {"detail":"Invalid username or password"}
    assert 401 == 200
     +  where 401 = &lt;Response [401]&gt;.status_code</error></testcase><testcase classname="tests.test_phase2.TestLeadEdit" name="test_owner_can_patch_non_commercial" time="0.000"><error message="failed on setup with &quot;AssertionError: login registration: 401 {&quot;detail&quot;:&quot;Invalid username or password&quot;}&#10;assert 401 == 200&#10; +  where 401 = &lt;Response [401]&gt;.status_code&quot;">E   AssertionError: login registration: 401 {"detail":"Invalid username or password"}
    assert 401 == 200
     +  where 401 = &lt;Response [401]&gt;.status_code</error></testcase><testcase classname="tests.test_phase2.TestLeadEdit" name="test_non_owner_lead_forbidden" time="0.000"><error message="failed on setup with &quot;AssertionError: login registration: 401 {&quot;detail&quot;:&quot;Invalid username or password&quot;}&#10;assert 401 == 200&#10; +  where 401 = &lt;Response [401]&gt;.status_code&quot;">E   AssertionError: login registration: 401 {"detail":"Invalid username or password"}
    assert 401 == 200
     +  where 401 = &lt;Response [401]&gt;.status_code</error></testcase><testcase classname="tests.test_issues_7_to_19.TestIssue18ManagerTilesAndFilters" name="test_manager_dashboard_tiles" time="2.019"><error message="failed on setup with &quot;AssertionError: {&quot;detail&quot;:&quot;Invalid username or password&quot;}&#10;assert 401 == 200&#10; +  where 401 = &lt;Response [401]&gt;.status_code&quot;">E   AssertionError: {"detail":"Invalid username or password"}
    assert 401 == 200
     +  where 401 = &lt;Response [401]&gt;.status_code</error></testcase><testcase classname="tests.test_issues_7_to_19.TestIssue18ManagerTilesAndFilters" name="test_manager_sees_awaiting_assignment_view" time="0.000"><error message="failed on setup with &quot;AssertionError: {&quot;detail&quot;:&quot;Invalid username or password&quot;}&#10;assert 401 == 200&#10; +  where 401 = &lt;Response [401]&gt;.status_code&quot;">E   AssertionError: {"detail":"Invalid username or password"}
    assert 401 == 200
     +  where 401 = &lt;Response [401]&gt;.status_code</error></testcase><testcase classname="tests.test_phase2_final.TestPostHandoffEditPropagation" name="test_patch_email_address_location_persists_on_lead" time="0.000"><error message="failed on setup with &quot;AssertionError: login registration: 401 {&quot;detail&quot;:&quot;Invalid username or password&quot;}&#10;assert 401 == 200&#10; +  where 401 = &lt;Response [401]&gt;.status_code&quot;">E   AssertionError: login registration: 401 {"detail":"Invalid username or password"}
    assert 401 == 200
     +  where 401 = &lt;Response [401]&gt;.status_code</error></testcase><testcase classname="tests.test_phase2_final.TestPostHandoffEditPropagation" name="test_patch_propagates_to_ecp" time="0.000"><error message="failed on setup with &quot;AssertionError: login registration: 401 {&quot;detail&quot;:&quot;Invalid username or password&quot;}&#10;assert 401 == 200&#10; +  where 401 = &lt;Response [401]&gt;.status_code&quot;">E   AssertionError: login registration: 401 {"detail":"Invalid username or password"}
    assert 401 == 200
     +  where 401 = &lt;Response [401]&gt;.status_code</error></testcase><testcase classname="tests.test_phase3_documents.TestYesCreatesPendingDocsEcp" name="test_yes_creates_pending_docs_ecp" time="0.000"><error message="failed on setup with &quot;AssertionError: login registration: 401 {&quot;detail&quot;:&quot;Invalid username or password&quot;}&#10;assert 401 == 200&#10; +  where 401 = &lt;Response [401]&gt;.status_code&quot;">E   AssertionError: login registration: 401 {"detail":"Invalid username or password"}
    assert 401 == 200
     +  where 401 = &lt;Response [401]&gt;.status_code</error></testcase><testcase classname="tests.test_phase3_documents.TestYesCreatesPendingDocsEcp" name="test_second_yes_returns_400" time="0.000"><error message="failed on setup with &quot;AssertionError: login registration: 401 {&quot;detail&quot;:&quot;Invalid username or password&quot;}&#10;assert 401 == 200&#10; +  where 401 = &lt;Response [401]&gt;.status_code&quot;">E   AssertionError: login registration: 401 {"detail":"Invalid username or password"}
    assert 401 == 200
     +  where 401 = &lt;Response [401]&gt;.status_code</error></testcase><testcase classname="tests.test_phase3_documents.TestFinanceRequirement" name="test_finance_yes_needs_finance_doc" time="0.000"><error message="failed on setup with &quot;AssertionError: login registration: 401 {&quot;detail&quot;:&quot;Invalid username or password&quot;}&#10;assert 401 == 200&#10; +  where 401 = &lt;Response [401]&gt;.status_code&quot;">E   AssertionError: login registration: 401 {"detail":"Invalid username or password"}
    assert 401 == 200
     +  where 401 = &lt;Response [401]&gt;.status_code</error></testcase><testcase classname="tests.test_phase3_documents.TestFinanceRequirement" name="test_tax_receipt_also_satisfies_finance" time="0.000"><error message="failed on setup with &quot;AssertionError: login registration: 401 {&quot;detail&quot;:&quot;Invalid username or password&quot;}&#10;assert 401 == 200&#10; +  where 401 = &lt;Response [401]&gt;.status_code&quot;">E   AssertionError: login registration: 401 {"detail":"Invalid username or password"}
    assert 401 == 200
     +  where 401 = &lt;Response [401]&gt;.status_code</error></testcase><testcase classname="tests.test_phase3_documents.TestOwnershipRbac" name="test_other_lead_upload_list_download_release_403" time="0.000"><error message="failed on setup with &quot;AssertionError: login registration: 401 {&quot;detail&quot;:&quot;Invalid username or password&quot;}&#10;assert 401 == 200&#10; +  where 401 = &lt;Response [401]&gt;.status_code&quot;">E   AssertionError: login registration: 401 {"detail":"Invalid username or password"}
    assert 401 == 200
     +  where 401 = &lt;Response [401]&gt;.status_code</error></testcase><testcase classname="tests.test_phase3_documents.TestOwnershipRbac" name="test_reassign_swaps_access" time="0.000"><error message="failed on setup with &quot;AssertionError: login registration: 401 {&quot;detail&quot;:&quot;Invalid username or password&quot;}&#10;assert 401 == 200&#10; +  where 401 = &lt;Response [401]&gt;.status_code&quot;">E   AssertionError: login registration: 401 {"detail":"Invalid username or password"}
    assert 401 == 200
     +  where 401 = &lt;Response [401]&gt;.status_code</error></testcase><testcase classname="tests.test_phase3_documents.TestFinancingFlipWhilePending" name="test_flip_no_to_yes_blocks_release" time="0.000"><error message="failed on setup with &quot;AssertionError: login registration: 401 {&quot;detail&quot;:&quot;Invalid username or password&quot;}&#10;assert 401 == 200&#10; +  where 401 = &lt;Response [401]&gt;.status_code&quot;">E   AssertionError: login registration: 401 {"detail":"Invalid username or password"}
    assert 401 == 200
     +  where 401 = &lt;Response [401]&gt;.status_code</error></testcase><testcase classname="tests.test_phase3_documents.TestFinancingFlipWhilePending" name="test_flip_yes_to_no_allows_release" time="0.000"><error message="failed on setup with &quot;AssertionError: login registration: 401 {&quot;detail&quot;:&quot;Invalid username or password&quot;}&#10;assert 401 == 200&#10; +  where 401 = &lt;Response [401]&gt;.status_code&quot;">E   AssertionError: login registration: 401 {"detail":"Invalid username or password"}
    assert 401 == 200
     +  where 401 = &lt;Response [401]&gt;.status_code</error></testcase><testcase classname="tests.test_phase2_final.TestCommercialBlocked" name="test_patch_ignores_commercial_fields" time="2.031"><error message="failed on setup with &quot;AssertionError: login registration: 401 {&quot;detail&quot;:&quot;Invalid username or password&quot;}&#10;assert 401 == 200&#10; +  where 401 = &lt;Response [401]&gt;.status_code&quot;">E   AssertionError: login registration: 401 {"detail":"Invalid username or password"}
    assert 401 == 200
     +  where 401 = &lt;Response [401]&gt;.status_code</error></testcase><testcase classname="tests.test_phase2_final.TestCommercialBlocked" name="test_direct_project_price_400_post_handoff" time="0.000"><error message="failed on setup with &quot;AssertionError: login registration: 401 {&quot;detail&quot;:&quot;Invalid username or password&quot;}&#10;assert 401 == 200&#10; +  where 401 = &lt;Response [401]&gt;.status_code&quot;">E   AssertionError: login registration: 401 {"detail":"Invalid username or password"}
    assert 401 == 200
     +  where 401 = &lt;Response [401]&gt;.status_code</error></testcase><testcase classname="tests.test_phase2_final.TestCommercialApproveEcpSync" name="test_approve_syncs_ecp_item_qty_price" time="0.000"><error message="failed on setup with &quot;AssertionError: login registration: 401 {&quot;detail&quot;:&quot;Invalid username or password&quot;}&#10;assert 401 == 200&#10; +  where 401 = &lt;Response [401]&gt;.status_code&quot;">E   AssertionError: login registration: 401 {"detail":"Invalid username or password"}
    assert 401 == 200
     +  where 401 = &lt;Response [401]&gt;.status_code</error></testcase><testcase classname="tests.test_phase2_final.TestCommercialApproveEcpSync" name="test_reject_no_remarks_400_then_with_remarks_unchanged" time="0.000"><error message="failed on setup with &quot;AssertionError: login registration: 401 {&quot;detail&quot;:&quot;Invalid username or password&quot;}&#10;assert 401 == 200&#10; +  where 401 = &lt;Response [401]&gt;.status_code&quot;">E   AssertionError: login registration: 401 {"detail":"Invalid username or password"}
    assert 401 == 200
     +  where 401 = &lt;Response [401]&gt;.status_code</error></testcase><testcase classname="tests.test_phase4_8.TestPhase4Registration" name="test_reg1_base_3_no_finance" time="2.025"><error message="failed on setup with &quot;AssertionError: {&quot;detail&quot;:&quot;Invalid username or password&quot;}&#10;assert 401 == 200&#10; +  where 401 = &lt;Response [401]&gt;.status_code&quot;">E   AssertionError: {"detail":"Invalid username or password"}
    assert 401 == 200
     +  where 401 = &lt;Response [401]&gt;.status_code</error></testcase><testcase classname="tests.test_phase4_8.TestPhase4Registration" name="test_reg1_finance_6" time="0.000"><error message="failed on setup with &quot;AssertionError: {&quot;detail&quot;:&quot;Invalid username or password&quot;}&#10;assert 401 == 200&#10; +  where 401 = &lt;Response [401]&gt;.status_code&quot;">E   AssertionError: {"detail":"Invalid username or password"}
    assert 401 == 200
     +  where 401 = &lt;Response [401]&gt;.status_code</error></testcase><testcase classname="tests.test_phase4_8.TestPhase4NetMetering" name="test_nm_chain_and_close" time="0.000"><error message="failed on setup with &quot;AssertionError: {&quot;detail&quot;:&quot;Invalid username or password&quot;}&#10;assert 401 == 200&#10; +  where 401 = &lt;Response [401]&gt;.status_code&quot;">E   AssertionError: {"detail":"Invalid username or password"}
    assert 401 == 200
     +  where 401 = &lt;Response [401]&gt;.status_code</error></testcase><testcase classname="tests.test_phase4_8.TestPhase4NetMetering" name="test_reg2_tasks_and_bank2nd" time="0.000"><error message="failed on setup with &quot;AssertionError: {&quot;detail&quot;:&quot;Invalid username or password&quot;}&#10;assert 401 == 200&#10; +  where 401 = &lt;Response [401]&gt;.status_code&quot;">E   AssertionError: {"detail":"Invalid username or password"}
    assert 401 == 200
     +  where 401 = &lt;Response [401]&gt;.status_code</error></testcase><testcase classname="tests.backend_test.TestDashboard" name="test_each_role_dashboard" time="9.731" /><testcase classname="tests.backend_test.TestFinancingToggle" name="test_toggle_no_regress" time="1.747"><error message="failed on setup with &quot;AssertionError: login failed for registration: 401 {&quot;detail&quot;:&quot;Invalid username or password&quot;}&#10;assert 401 == 200&#10; +  where 401 = &lt;Response [401]&gt;.status_code&quot;">E   AssertionError: login failed for registration: 401 {"detail":"Invalid username or password"}
    assert 401 == 200
     +  where 401 = &lt;Response [401]&gt;.status_code</error></testcase><testcase classname="tests.backend_test.TestClosure" name="test_only_owner_manager_close" time="0.000"><error message="failed on setup with &quot;AssertionError: login failed for registration: 401 {&quot;detail&quot;:&quot;Invalid username or password&quot;}&#10;assert 401 == 200&#10; +  where 401 = &lt;Response [401]&gt;.status_code&quot;">E   AssertionError: login failed for registration: 401 {"detail":"Invalid username or password"}
    assert 401 == 200
     +  where 401 = &lt;Response [401]&gt;.status_code</error></testcase><testcase classname="tests.backend_test.TestSLA" name="test_sla_owner_only" time="0.000"><error message="failed on setup with &quot;AssertionError: login failed for registration: 401 {&quot;detail&quot;:&quot;Invalid username or password&quot;}&#10;assert 401 == 200&#10; +  where 401 = &lt;Response [401]&gt;.status_code&quot;">E   AssertionError: login failed for registration: 401 {"detail":"Invalid username or password"}
    assert 401 == 200
     +  where 401 = &lt;Response [401]&gt;.status_code</error></testcase><testcase classname="tests.test_audit_spec.TestTaskRBAC" name="test_registration_cannot_complete_accounts_task" time="1.572"><error message="failed on setup with &quot;AssertionError: login failed: {&quot;detail&quot;:&quot;Invalid username or password&quot;}&#10;assert 401 == 200&#10; +  where 401 = &lt;Response [401]&gt;.status_code&quot;">E   AssertionError: login failed: {"detail":"Invalid username or password"}
    assert 401 == 200
     +  where 401 = &lt;Response [401]&gt;.status_code</error></testcase><testcase classname="tests.test_audit_spec.TestEscalationsAccess" name="test_manager_cannot_list_or_return" time="0.000"><error message="failed on setup with &quot;AssertionError: login failed: {&quot;detail&quot;:&quot;Invalid username or password&quot;}&#10;assert 401 == 200&#10; +  where 401 = &lt;Response [401]&gt;.status_code&quot;">E   AssertionError: login failed: {"detail":"Invalid username or password"}
    assert 401 == 200
     +  where 401 = &lt;Response [401]&gt;.status_code</error></testcase><testcase classname="tests.test_audit_spec.TestSiteVisitAssigneeOnly" name="test_installation_cannot_complete_others_visit" time="0.000"><error message="failed on setup with &quot;AssertionError: login failed: {&quot;detail&quot;:&quot;Invalid username or password&quot;}&#10;assert 401 == 200&#10; +  where 401 = &lt;Response [401]&gt;.status_code&quot;">E   AssertionError: login failed: {"detail":"Invalid username or password"}
    assert 401 == 200
     +  where 401 = &lt;Response [401]&gt;.status_code</error></testcase><testcase classname="tests.test_issues_7_to_19.TestIssue11FollowupToday" name="test_only_today_followup_date_shown" time="1.520"><error message="failed on setup with &quot;AssertionError: {&quot;detail&quot;:&quot;Invalid username or password&quot;}&#10;assert 401 == 200&#10; +  where 401 = &lt;Response [401]&gt;.status_code&quot;">E   AssertionError: {"detail":"Invalid username or password"}
    assert 401 == 200
     +  where 401 = &lt;Response [401]&gt;.status_code</error></testcase><testcase classname="tests.test_issues_7_to_19.TestIssue14AccountsLeadCreator" name="test_monitor_includes_lead_creator_name" time="0.000"><error message="failed on setup with &quot;AssertionError: {&quot;detail&quot;:&quot;Invalid username or password&quot;}&#10;assert 401 == 200&#10; +  where 401 = &lt;Response [401]&gt;.status_code&quot;">E   AssertionError: {"detail":"Invalid username or password"}
    assert 401 == 200
     +  where 401 = &lt;Response [401]&gt;.status_code</error></testcase><testcase classname="tests.test_issues_7_to_19.TestIssue10ActionRequired" name="test_pending_filter_returns_action_required" time="0.000"><error message="failed on setup with &quot;AssertionError: {&quot;detail&quot;:&quot;Invalid username or password&quot;}&#10;assert 401 == 200&#10; +  where 401 = &lt;Response [401]&gt;.status_code&quot;">E   AssertionError: {"detail":"Invalid username or password"}
    assert 401 == 200
     +  where 401 = &lt;Response [401]&gt;.status_code</error></testcase><testcase classname="tests.test_phase2_final.TestWorkflowSafe" name="test_patch_cannot_change_status_or_stage_or_team" time="0.000"><error message="failed on setup with &quot;AssertionError: login registration: 401 {&quot;detail&quot;:&quot;Invalid username or password&quot;}&#10;assert 401 == 200&#10; +  where 401 = &lt;Response [401]&gt;.status_code&quot;">E   AssertionError: login registration: 401 {"detail":"Invalid username or password"}
    assert 401 == 200
     +  where 401 = &lt;Response [401]&gt;.status_code</error></testcase><testcase classname="tests.test_phase2_final.TestEcpAtCreation" name="test_new_ecp_carries_item_and_contact" time="0.000"><error message="failed on setup with &quot;AssertionError: login registration: 401 {&quot;detail&quot;:&quot;Invalid username or password&quot;}&#10;assert 401 == 200&#10; +  where 401 = &lt;Response [401]&gt;.status_code&quot;">E   AssertionError: login registration: 401 {"detail":"Invalid username or password"}
    assert 401 == 200
     +  where 401 = &lt;Response [401]&gt;.status_code</error></testcase><testcase classname="tests.test_phase3_documents.TestFinanceNoReleases" name="test_no_finance_auto_release_creates_reg1_tasks" time="2.245" /><testcase classname="tests.test_phase3_documents.TestFinancingLoanTasks" name="test_reg1_has_6_tasks_when_financing" time="2.298" /><testcase classname="tests.test_phase3_documents.TestManualRelease400" name="test_release_400_when_incomplete" time="0.882" /><testcase classname="tests.test_phase3_documents.TestUnauthorizedRoles" name="test_accounts_dispatch_installation_403" time="1.405" /><testcase classname="tests.test_phase3_documents.TestReuploadHistory" name="test_replace_moves_old_to_history" time="2.195" /><testcase classname="tests.test_audit_spec.TestDispatchContinuity" name="test_first_payment_revert_pending_does_not_stop_dispatch" time="1.478"><error message="failed on setup with &quot;AssertionError: login failed: {&quot;detail&quot;:&quot;Invalid username or password&quot;}&#10;assert 401 == 200&#10; +  where 401 = &lt;Response [401]&gt;.status_code&quot;">E   AssertionError: login failed: {"detail":"Invalid username or password"}
    assert 401 == 200
     +  where 401 = &lt;Response [401]&gt;.status_code</error></testcase><testcase classname="tests.test_audit_spec.TestFinancingRBAC" name="test_only_lead_manager_owner_can_toggle" time="0.000"><error message="failed on setup with &quot;AssertionError: login failed: {&quot;detail&quot;:&quot;Invalid username or password&quot;}&#10;assert 401 == 200&#10; +  where 401 = &lt;Response [401]&gt;.status_code&quot;">E   AssertionError: login failed: {"detail":"Invalid username or password"}
    assert 401 == 200
     +  where 401 = &lt;Response [401]&gt;.status_code</error></testcase><testcase classname="tests.test_phase3_documents.TestGrandfathering" name="test_reg1_ecp_still_visible_to_registration" time="0.000"><error message="failed on setup with &quot;AssertionError: login registration: 401 {&quot;detail&quot;:&quot;Invalid username or password&quot;}&#10;assert 401 == 200&#10; +  where 401 = &lt;Response [401]&gt;.status_code&quot;">E   AssertionError: login registration: 401 {"detail":"Invalid username or password"}
    assert 401 == 200
     +  where 401 = &lt;Response [401]&gt;.status_code</error></testcase><testcase classname="tests.test_phase4_8.TestPhase7SiteVisit" name="test_structured_survey_and_manager_only" time="1.716"><error message="failed on setup with &quot;AssertionError: {&quot;detail&quot;:&quot;Invalid username or password&quot;}&#10;assert 401 == 200&#10; +  where 401 = &lt;Response [401]&gt;.status_code&quot;">E   AssertionError: {"detail":"Invalid username or password"}
    assert 401 == 200
     +  where 401 = &lt;Response [401]&gt;.status_code</error></testcase><testcase classname="tests.test_phase3_documents.TestDownload" name="test_download_returns_png" time="0.717" /><testcase classname="tests.test_phase4_8.TestPhase6Installation" name="test_rbac_and_5_photos_and_reject_flow" time="1.388"><error message="failed on setup with &quot;AssertionError: {&quot;detail&quot;:&quot;Invalid username or password&quot;}&#10;assert 401 == 200&#10; +  where 401 = &lt;Response [401]&gt;.status_code&quot;">E   AssertionError: {"detail":"Invalid username or password"}
    assert 401 == 200
     +  where 401 = &lt;Response [401]&gt;.status_code</error></testcase></testsuite></testsuites>