<?xml version="1.0" encoding="utf-8"?><testsuites name="pytest tests"><testsuite name="pytest" errors="0" failures="4" skipped="0" tests="153" time="374.155" timestamp="2026-09-12T11:39:55.477309+00:00" hostname="agent-env-d4458330-6800-44e8-83f6-67c8f176fa67"><testcase classname="tests.test_phase3_documents.TestUploadEachDocType" name="test_upload_pan_returns_status" time="4.137" /><testcase classname="tests.test_phase2.TestItemMaster" name="test_owner_create_item" time="3.757" /><testcase classname="tests.test_phase2.TestItemMaster" name="test_duplicate_name_unit_409" time="0.382" /><testcase classname="tests.test_phase3_documents.TestUploadEachDocType" name="test_upload_each_type[AADHAAR]" time="0.468" /><testcase classname="tests.test_phase2.TestItemMaster" name="test_toggle_active" time="0.460" /><testcase classname="tests.test_phase2.TestItemMaster" name="test_active_only_filter" time="0.359" /><testcase classname="tests.test_phase3_documents.TestUploadEachDocType" name="test_upload_each_type[ELECTRICITY_BILL]" time="32.461" /><testcase classname="tests.test_phase2.TestItemMaster" name="test_export_csv" time="31.698" /><testcase classname="tests.test_phase2.TestItemMaster" name="test_import_csv" time="0.235" /><testcase classname="tests.test_phase2.TestItemMaster" name="test_non_owner_denied" time="0.425" /><testcase classname="tests.test_phase3_documents.TestUploadEachDocType" name="test_upload_each_type[BANK_PASSBOOK]" time="0.686" /><testcase classname="tests.test_phase3_documents.TestUploadEachDocType" name="test_upload_each_type[BANK_STATEMENT]" time="1.026" /><testcase classname="tests.test_phase3_documents.TestUploadEachDocType" name="test_upload_each_type[CANCELLED_CHEQUE]" time="0.779" /><testcase classname="tests.test_phase3_documents.TestUploadEachDocType" name="test_upload_each_type[PROPERTY_PAPER]" time="0.581" /><testcase classname="tests.backend_test.TestLeadActions" name="test_yes_creates_ecp_reg1_and_second_yes_rejected" time="2.905" /><testcase classname="tests.test_phase3_documents.TestUploadEachDocType" name="test_upload_each_type[TAX_RECEIPT]" time="0.544" /><testcase classname="tests.backend_test.TestLeadActions" name="test_no_requires_reason_and_other_requires_remarks" time="0.534" /><testcase classname="tests.backend_test.TestLeadActions" name="test_followup_past_rejected_future_ok" time="0.727" /><testcase classname="tests.backend_test.TestLeadActions" name="test_site_visit_flow" time="2.300" /><testcase classname="tests.test_issues_1_to_6.TestIssue5InstallHandoff" name="test_full_handoff_and_rbac" time="7.790" /><testcase classname="tests.backend_test.TestLeadActions" name="test_escalation_and_owner_return" time="1.109" /><testcase classname="tests.backend_test.TestLeadActions" name="test_only_owner_reopen_lost" time="0.613" /><testcase classname="tests.test_issues_7_to_19.TestIssue7LeadEmployeeMaster" name="test_owner_only_create" time="3.287" /><testcase classname="tests.test_issues_1_to_6.TestIssue5InstallHandoff" name="test_non_assignee_installer_403" time="39.935" /><testcase classname="tests.test_issues_7_to_19.TestIssue7LeadEmployeeMaster" name="test_get_allowed_roles" time="1.142" /><testcase classname="tests.test_issues_7_to_19.TestIssue7LeadEmployeeMaster" name="test_active_only_filter" time="0.649" /><testcase classname="tests.test_issues_7_to_19.TestIssue7LeadEmployeeMaster" name="test_lead_creator_snapshot_on_lead_and_ecp" time="0.742" /><testcase classname="tests.test_issues_7_to_19.TestIssue7LeadEmployeeMaster" name="test_invalid_lead_creator_rejected" time="0.322" /><testcase classname="tests.test_issues_7_to_19.TestIssue15PhoneMandatory" name="test_create_user_without_phone_400" time="0.110" /><testcase classname="tests.test_issues_7_to_19.TestIssue15PhoneMandatory" name="test_create_user_with_empty_phone_400" time="0.250" /><testcase classname="tests.test_issues_7_to_19.TestIssue15PhoneMandatory" name="test_create_with_phone_and_get" time="68.631" /><testcase classname="tests.test_issues_1_to_6.TestIssue5InstallHandoff" name="test_installer_only_sees_own_assigned_via_list" time="29.505" /><testcase classname="tests.test_issues_1_to_6.TestIssue5InstallHandoff" name="test_manager_dashboard_has_awaiting_count" time="3.472" /><testcase classname="tests.test_issues_7_to_19.TestIssue15PhoneMandatory" name="test_patch_phone_update" time="0.460" /><testcase classname="tests.test_issues_7_to_19.TestIssue15PhoneMandatory" name="test_seed_users_without_phone_still_login" time="0.140" /><testcase classname="tests.test_issues_7_to_19.TestIssue16Activities" name="test_owner_only" time="1.052" /><testcase classname="tests.test_issues_1_to_6.TestIssue5InstallHandoff" name="test_awaiting_assignment_view" time="3.341" /><testcase classname="tests.test_issues_7_to_19.TestIssue16Activities" name="test_default_returns_ist_today_only" time="0.412" /><testcase classname="tests.test_issues_7_to_19.TestIssue16Activities" name="test_filter_by_team" time="0.169" /><testcase classname="tests.test_issues_7_to_19.TestIssue16Activities" name="test_activities_logged_for_key_events" time="0.796" /><testcase classname="tests.test_phase2.TestLeadFieldConfig" name="test_owner_set_and_get" time="0.235" /><testcase classname="tests.test_phase2.TestLeadFieldConfig" name="test_lead_missing_required_fields_400" time="0.228" /><testcase classname="tests.test_phase2.TestLeadFieldConfig" name="test_lead_creation_after_reset" time="0.281" /><testcase classname="tests.test_phase2.TestLeadFieldConfig" name="test_non_owner_put_forbidden" time="0.116" /><testcase classname="tests.test_phase2.TestCommercialChange" name="test_propose_approve_updates_ecp" time="2.734" /><testcase classname="tests.test_phase2_final.TestRegression" name="test_all_role_logins" time="5.047" /><testcase classname="tests.test_phase2.TestCommercialChange" name="test_reject_without_remarks_400" time="1.460" /><testcase classname="tests.test_phase2.TestCommercialChange" name="test_rbac" time="2.598" /><testcase classname="tests.test_phase2_final.TestRegression" name="test_lead_yes_creates_one_ecp" time="0.647" /><testcase classname="tests.test_phase2_final.TestRegression" name="test_duplicate_active_phone_409" time="0.222" /><testcase classname="tests.test_phase2_final.TestRegression" name="test_reassign_manager_owner_ok_others_403" time="1.541" /><testcase classname="tests.test_phase2.TestCommercialChange" name="test_lead_not_owner_proposes_403" time="0.895" /><testcase classname="tests.test_phase2_final.TestRegression" name="test_ecp_dashboard_and_payments_monitor_load" time="1.142" /><testcase classname="tests.backend_test.TestAuth" name="test_login_all_seeded" time="2.924" /><testcase classname="tests.backend_test.TestAuth" name="test_login_invalid" time="0.505" /><testcase classname="tests.backend_test.TestAuth" name="test_me" time="0.257" /><testcase classname="tests.backend_test.TestPayments" name="test_only_accounts_creates" time="6.746" /><testcase classname="tests.test_issues_7_to_19.TestIssue8LeadStatusFilter" name="test_status_filter_pending" time="3.426" /><testcase classname="tests.test_issues_7_to_19.TestIssue8LeadStatusFilter" name="test_status_filter_followup" time="0.369" /><testcase classname="tests.test_issues_7_to_19.TestIssue8LeadStatusFilter" name="test_status_filter_lost" time="0.376" /><testcase classname="tests.backend_test.TestPayments" name="test_additional_multiple_allowed" time="2.428" /><testcase classname="tests.test_issues_7_to_19.TestIssue17CSVExport" name="test_owner_only" time="0.799" /><testcase classname="tests.test_issues_7_to_19.TestIssue17CSVExport" name="test_default_excludes_money" time="1.143" /><testcase classname="tests.test_issues_7_to_19.TestIssue17CSVExport" name="test_include_money" time="0.120" /><testcase classname="tests.test_phase2.TestQuotationPDF" name="test_owner_lead_manager_can_download" time="0.504" /><testcase classname="tests.backend_test.TestPayments" name="test_monitor_rbac" time="1.260" /><testcase classname="tests.test_phase2.TestQuotationPDF" name="test_non_owner_lead_forbidden" time="1.027" /><testcase classname="tests.test_phase2.TestQuotationPDF" name="test_non_lead_roles_forbidden" time="69.131" /><testcase classname="tests.test_phase2.TestLeadItemFields" name="test_lead_create_stores_item_snapshot" time="2.823" /><testcase classname="tests.test_phase2.TestLeadItemFields" name="test_inactive_item_400" time="0.395" /><testcase classname="tests.test_phase2.TestLeadItemFields" name="test_nonexistent_item_400" time="0.131" /><testcase classname="tests.test_phase3_documents.TestRegistrationBlockedWhilePending" name="test_pending_ecp_absent_from_registration_ecps_list" time="0.556" /><testcase classname="tests.test_phase3_documents.TestRegistrationBlockedWhilePending" name="test_registration_get_docs_403_while_pending" time="0.369" /><testcase classname="tests.test_phase3_documents.TestRegistrationBlockedWhilePending" name="test_no_reg1_tasks_while_pending" time="0.523" /><testcase classname="tests.test_phase3_documents.TestBankAlternatives" name="test_any_bank_completes_no_financing[BANK_PASSBOOK]" time="1.271" /><testcase classname="tests.test_phase3_documents.TestBankAlternatives" name="test_any_bank_completes_no_financing[BANK_STATEMENT]" time="53.598" /><testcase classname="tests.test_phase3_documents.TestBankAlternatives" name="test_any_bank_completes_no_financing[CANCELLED_CHEQUE]" time="1.202" /><testcase classname="tests.test_phase3_documents.TestFileValidation" name="test_txt_rejected" time="0.394" /><testcase classname="tests.test_phase3_documents.TestFileValidation" name="test_octet_stream_rejected" time="0.388" /><testcase classname="tests.test_phase3_documents.TestFileValidation" name="test_oversized_rejected" time="0.868" /><testcase classname="tests.test_phase3_documents.TestDashboardCounters" name="test_registration_awaiting_documents_counter" time="0.687" /><testcase classname="tests.test_phase3_documents.TestDashboardCounters" name="test_owner_pending_documents_counter" time="0.433" /><testcase classname="tests.test_phase3_documents.TestDashboardCounters" name="test_lead_awaiting_documents_counter" time="0.687" /><testcase classname="tests.backend_test.TestLeadRBAC" name="test_non_lead_forbidden" time="0.585" /><testcase classname="tests.backend_test.TestLeadRBAC" name="test_lead_creates_pending" time="0.114" /><testcase classname="tests.backend_test.TestECPFlow" name="test_reg1_financing_tasks_block_and_autoadvance" time="2.921" /><testcase classname="tests.backend_test.TestECPFlow" name="test_full_pipeline_no_financing" time="8.104" /><testcase classname="tests.test_phase2_final.TestRBAC" name="test_non_owner_lead_patch_403" time="3.495" /><testcase classname="tests.test_phase2_final.TestRBAC" name="test_non_owner_lead_commercial_change_403" time="0.523" /><testcase classname="tests.test_phase2_final.TestRBAC" name="test_non_owner_roles_denied_approve_reject_pending" time="3.157" /><testcase classname="tests.test_audit_spec.TestAuthHardening" name="test_protected_endpoints_401_without_token" time="1.701" /><testcase classname="tests.test_audit_spec.TestAuthHardening" name="test_login_invalid_401" time="0.509" /><testcase classname="tests.test_audit_spec.TestOwnerCannotDecideLeadAction" name="test_owner_forbidden_on_all_five_actions" time="3.892" /><testcase classname="tests.test_audit_spec.TestOwnerCannotDecideLeadAction" name="test_manager_also_forbidden" time="0.389" /><testcase classname="tests.test_audit_spec.TestOwnerOnlyEndpoints" name="test_users_owner_only" time="5.600" /><testcase classname="tests.test_issues_1_to_6.TestIssue6TeamListing" name="test_owner_manager_get_installation_team" time="2.988" /><testcase classname="tests.test_issues_1_to_6.TestIssue6TeamListing" name="test_others_forbidden" time="0.703" /><testcase classname="tests.test_audit_spec.TestOwnerOnlyEndpoints" name="test_sla_put_owner_only" time="0.805" /><testcase classname="tests.test_issues_1_to_6.TestIssue4DispatchViews" name="test_view_reduces_set" time="73.304" /><testcase classname="tests.test_issues_1_to_6.TestIssue1RegistrationFilter" name="test_registration_stage_filter" time="35.227"><failure message="AssertionError: doc ELECTRICITY_BILL: &lt;!DOCTYPE html&gt;&#10;  &lt;!--[if lt IE 7]&gt; &lt;html class=&quot;no-js ie6 oldie&quot; lang=&quot;en-US&quot;&gt; &lt;![endif]--&gt;&#10;  &lt;!--[if IE 7]&gt;    &lt;html class=&quot;no-js ie7 oldie&quot; lang=&quot;en-US&quot;&gt; &lt;![endif]--&gt;&#10;  &lt;!--[if IE 8]&gt;    &lt;html class=&quot;no-js ie8 oldie&quot; lang=&quot;en-US&quot;&gt; &lt;![endif]--&gt;&#10;  &lt;!--[if gt IE 8]&gt;&lt;!--&gt; &lt;html class=&quot;no-js&quot; lang=&quot;en-US&quot;&gt; &lt;!--&lt;![endif]--&gt;&#10;  &lt;head&gt;&#10;  &#10;  &lt;title&gt;preview.emergentagent.com | 502: Bad gateway&lt;/title&gt;&#10;  &lt;meta charset=&quot;UTF-8&quot; /&gt;&#10;  &lt;meta http-equiv=&quot;Content-Type&quot; content=&quot;text/html; charset=UTF-8&quot; /&gt;&#10;  &lt;meta http-equiv=&quot;X-UA-Compatible&quot; content=&quot;IE=Edge&quot; /&gt;&#10;  &lt;meta name=&quot;robots&quot; content=&quot;noindex, nofollow&quot; /&gt;&#10;  &lt;meta name=&quot;viewport&quot; content=&quot;width=device-width,initial-scale=1&quot; /&gt;&#10;  &lt;link rel=&quot;stylesheet&quot; id=&quot;cf_styles-css&quot; href=&quot;/cdn-cgi/styles/main.css&quot; /&gt;&#10;  &lt;/head&gt;&#10;  &lt;body&gt;&#10;  &lt;div id=&quot;cf-wrapper&quot;&gt;&#10;      &lt;div id=&quot;cf-error-details&quot; class=&quot;p-0&quot;&gt;&#10;          &lt;header class=&quot;mx-auto pt-10 lg:pt-6 lg:px-8 w-240 lg:w-full mb-8&quot;&gt;&#10;              &lt;h1 class=&quot;inline-block sm:block sm:mb-2 font-light text-60 lg:text-4xl text-black-dark leading-tight mr-2&quot;&gt;&#10;                  &lt;span class=&quot;inline-block&quot;&gt;Bad gateway&lt;/span&gt;&#10;                  &lt;span class=&quot;code-label&quot;&gt;Error code 502&lt;/span&gt;&#10;              &lt;/h1&gt;&#10;              &lt;div&gt;&#10;                  Visit &lt;a href=&quot;https://www.cloudflare.com/5xx-error-landing?utm_source=errorcode_502&amp;utm_campaign=project-tracker-pm.cluster-12.preview.emergentcf.cloud&quot; target=&quot;_blank&quot; rel=&quot;noopener noreferrer&quot;&gt;cloudflare.com&lt;/a&gt; for more information.&#10;              &lt;/div&gt;&#10;              &lt;div class=&quot;mt-3&quot;&gt;2026-09-12 11:44:19 UTC&lt;/div&gt;&#10;          &lt;/header&gt;&#10;          &lt;div class=&quot;my-8 bg-gradient-gray&quot;&gt;&#10;              &lt;div class=&quot;w-240 lg:w-full mx-auto&quot;&gt;&#10;                  &lt;div class=&quot;clearfix md:px-8&quot;&gt;&#10;                      &lt;div id=&quot;cf-browser-status&quot; class=&quot; relative w-1/3 md:w-full py-15 md:p-0 md:py-8 md:text-left md:border-solid md:border-0 md:border-b md:border-gray-400 overflow-hidden float-left md:float-none text-center&quot;&gt;&#10;    &lt;div class=&quot;relative mb-10 md:m-0&quot;&gt;&#10;      &#10;      &lt;span class=&quot;cf-icon-browser block md:hidden h-20 bg-center bg-no-repeat&quot;&gt;&lt;/span&gt;&#10;      &lt;span class=&quot;cf-icon-ok w-12 h-12 absolute left-1/2 md:left-auto md:right-0 md:top-0 -ml-6 -bottom-4&quot;&gt;&lt;/span&gt;&#10;      &#10;    &lt;/div&gt;&#10;    &lt;span class=&quot;md:block w-full truncate&quot;&gt;You&lt;/span&gt;&#10;    &lt;h3 class=&quot;md:inline-block mt-3 md:mt-0 text-2xl text-gray-600 font-light leading-1.3&quot;&gt;&#10;    &#10;      Browser&#10;    &#10;    &lt;/h3&gt;&#10;    &#10;    &lt;span class=&quot;leading-1.3 text-2xl text-green-success&quot;&gt;Working&lt;/span&gt;&#10;    &#10;  &lt;/div&gt;&#10;                      &lt;div id=&quot;cf-cloudflare-status&quot; class=&quot; relative w-1/3 md:w-full py-15 md:p-0 md:py-8 md:text-left md:border-solid md:border-0 md:border-b md:border-gray-400 overflow-hidden float-left md:float-none text-center&quot;&gt;&#10;    &lt;div class=&quot;relative mb-10 md:m-0&quot;&gt;&#10;      &lt;a href=&quot;https://www.cloudflare.com/5xx-error-landing?utm_source=errorcode_502&amp;#38;utm_campaign=project-tracker-pm.cluster-12.preview.emergentcf.cloud&quot; target=&quot;_blank&quot; rel=&quot;noopener noreferrer&quot;&gt;&#10;      &lt;span class=&quot;cf-icon-cloud block md:hidden h-20 bg-center bg-no-repeat&quot;&gt;&lt;/span&gt;&#10;      &lt;span class=&quot;cf-icon-ok w-12 h-12 absolute left-1/2 md:left-auto md:right-0 md:top-0 -ml-6 -bottom-4&quot;&gt;&lt;/span&gt;&#10;      &lt;/a&gt;&#10;    &lt;/div&gt;&#10;    &lt;span class=&quot;md:block w-full truncate&quot;&gt;Chicago&lt;/span&gt;&#10;    &lt;h3 class=&quot;md:inline-block mt-3 md:mt-0 text-2xl text-gray-600 font-light leading-1.3&quot;&gt;&#10;    &lt;a href=&quot;https://www.cloudflare.com/5xx-error-landing?utm_source=errorcode_502&amp;utm_campaign=project-tracker-pm.cluster-12.preview.emergentcf.cloud&quot; target=&quot;_blank&quot; rel=&quot;noopener noreferrer&quot;&gt;&#10;      Cloudflare&#10;    &lt;/a&gt;&#10;    &lt;/h3&gt;&#10;    &#10;    &lt;span class=&quot;leading-1.3 text-2xl text-green-success&quot;&gt;Working&lt;/span&gt;&#10;    &#10;  &lt;/div&gt;&#10;                      &lt;div id=&quot;cf-host-status&quot; class=&quot;cf-error-source relative w-1/3 md:w-full py-15 md:p-0 md:py-8 md:text-left md:border-solid md:border-0 md:border-b md:border-gray-400 overflow-hidden float-left md:float-none text-center&quot;&gt;&#10;    &lt;div class=&quot;relative mb-10 md:m-0&quot;&gt;&#10;      &#10;      &lt;span class=&quot;cf-icon-server block md:hidden h-20 bg-center bg-no-repeat&quot;&gt;&lt;/span&gt;&#10;      &lt;span class=&quot;cf-icon-error w-12 h-12 absolute left-1/2 md:left-auto md:right-0 md:top-0 -ml-6 -bottom-4&quot;&gt;&lt;/span&gt;&#10;      &#10;    &lt;/div&gt;&#10;    &lt;span class=&quot;md:block w-full truncate&quot;&gt;project-tracker-pm.cluster-12.preview.emergentcf.cloud&lt;/span&gt;&#10;    &lt;h3 class=&quot;md:inline-block mt-3 md:mt-0 text-2xl text-gray-600 font-light leading-1.3&quot;&gt;&#10;    &#10;      Host&#10;    &#10;    &lt;/h3&gt;&#10;    &#10;    &lt;span class=&quot;leading-1.3 text-2xl text-red-error&quot;&gt;Error&lt;/span&gt;&#10;    &#10;  &lt;/div&gt;&#10;                  &lt;/div&gt;&#10;              &lt;/div&gt;&#10;          &lt;/div&gt;&#10;  &#10;          &lt;div class=&quot;w-240 lg:w-full mx-auto mb-8 lg:px-8&quot;&gt;&#10;              &lt;div class=&quot;clearfix&quot;&gt;&#10;                  &lt;div class=&quot;w-1/2 md:w-full float-left pr-6 md:pb-10 md:pr-0 leading-relaxed&quot;&gt;&#10;                      &lt;h2 class=&quot;text-3xl font-normal leading-1.3 mb-4&quot;&gt;What happened?&lt;/h2&gt;&#10;                      &lt;p&gt;The web server reported a bad gateway error.&lt;/p&gt;&#10;                  &lt;/div&gt;&#10;                  &lt;div class=&quot;w-1/2 md:w-full float-left leading-relaxed&quot;&gt;&#10;                      &lt;h2 class=&quot;text-3xl font-normal leading-1.3 mb-4&quot;&gt;What can I do?&lt;/h2&gt;&#10;                      &lt;p class=&quot;mb-6&quot;&gt;Please try again in a few minutes.&lt;/p&gt;&#10;                  &lt;/div&gt;&#10;              &lt;/div&gt;&#10;          &lt;/div&gt;&#10;  &#10;          &lt;div class=&quot;cf-error-footer cf-wrapper w-240 lg:w-full py-10 sm:py-4 sm:px-8 mx-auto text-center sm:text-left border-solid border-0 border-t border-gray-300&quot;&gt;&#10;      &lt;p class=&quot;text-13&quot;&gt;&#10;        &lt;span class=&quot;cf-footer-item sm:block sm:mb-1&quot;&gt;Cloudflare Ray ID: &lt;strong class=&quot;font-semibold&quot;&gt;a39ea813aed8af34&lt;/strong&gt;&lt;/span&gt;&#10;        &lt;span class=&quot;cf-footer-separator sm:hidden&quot;&gt;&amp;bull;&lt;/span&gt;&#10;        &lt;span id=&quot;cf-footer-item-ip&quot; class=&quot;cf-footer-item hidden sm:block sm:mb-1&quot;&gt;&#10;          Your IP:&#10;          &lt;button type=&quot;button&quot; id=&quot;cf-footer-ip-reveal&quot; class=&quot;cf-footer-ip-reveal-btn&quot;&gt;Click to reveal&lt;/button&gt;&#10;          &lt;span class=&quot;hidden&quot; id=&quot;cf-footer-ip&quot;&gt;34.16.56.64&lt;/span&gt;&#10;          &lt;span class=&quot;cf-footer-separator sm:hidden&quot;&gt;&amp;bull;&lt;/span&gt;&#10;        &lt;/span&gt;&#10;        &lt;span class=&quot;cf-footer-item sm:block sm:mb-1&quot;&gt;&lt;span&gt;Performance &amp;amp; security by&lt;/span&gt; &lt;a rel=&quot;noopener noreferrer&quot; href=&quot;https://www.cloudflare.com/5xx-error-landing?utm_source=errorcode_502&amp;#38;utm_campaign=project-tracker-pm.cluster-12.preview.emergentcf.cloud&quot; id=&quot;brand_link&quot; target=&quot;_blank&quot;&gt;Cloudflare&lt;/a&gt;&lt;/span&gt;&#10;        &#10;      &lt;/p&gt;&#10;      &lt;script&gt;(function(){function d(){var b=a.getElementById(&quot;cf-footer-item-ip&quot;),c=a.getElementById(&quot;cf-footer-ip-reveal&quot;);b&amp;&amp;&quot;classList&quot;in b&amp;&amp;(b.classList.remove(&quot;hidden&quot;),c.addEventListener(&quot;click&quot;,function(){c.classList.add(&quot;hidden&quot;);a.getElementById(&quot;cf-footer-ip&quot;).classList.remove(&quot;hidden&quot;)}))}var a=document;document.addEventListener&amp;&amp;a.addEventListener(&quot;DOMContentLoaded&quot;,d)})();&lt;/script&gt;&#10;    &lt;/div&gt;&lt;!-- /.error-footer --&gt;&#10;  &#10;      &lt;/div&gt;&#10;  &lt;/div&gt;&#10;  &lt;script&gt;(function(){function c(){var b=a.contentDocument||(a.contentWindow&amp;&amp;a.contentWindow.document);if(b){var d=b.createElement('script');d.innerHTML=&quot;window.__CF$cv$params={r:'a39ea813981eaf34',t:'MTc4OTIxMzQyNw=='};var a=document.createElement('script');a.src='/cdn-cgi/challenge-platform/scripts/jsd/main.js';document.getElementsByTagName('head')[0].appendChild(a);&quot;;b.getElementsByTagName('head')[0].appendChild(d)}}if(document.body){var a=document.createElement('iframe');a.height=1;a.width=1;a.style.position='absolute';a.style.top=0;a.style.left=0;a.style.border='none';a.style.visibility='hidden';document.body.appendChild(a);if('loading'!==document.readyState)c();else if(window.addEventListener)document.addEventListener('DOMContentLoaded',c);else{var e=document.onreadystatechange||function(){};document.onreadystatechange=function(b){e(b);'loading'!==document.readyState&amp;&amp;(document.onreadystatechange=e,c())}}}})();&lt;/script&gt;&lt;/body&gt;&#10;  &lt;/html&gt;&#10;assert 502 == 200&#10; +  where 502 = &lt;Response [502]&gt;.status_code">E   AssertionError: doc ELECTRICITY_BILL: &lt;!DOCTYPE html&gt;
      &lt;!--[if lt IE 7]&gt; &lt;html class="no-js ie6 oldie" lang="en-US"&gt; &lt;![endif]--&gt;
      &lt;!--[if IE 7]&gt;    &lt;html class="no-js ie7 oldie" lang="en-US"&gt; &lt;![endif]--&gt;
      &lt;!--[if IE 8]&gt;    &lt;html class="no-js ie8 oldie" lang="en-US"&gt; &lt;![endif]--&gt;
      &lt;!--[if gt IE 8]&gt;&lt;!--&gt; &lt;html class="no-js" lang="en-US"&gt; &lt;!--&lt;![endif]--&gt;
      &lt;head&gt;
      
      &lt;title&gt;preview.emergentagent.com | 502: Bad gateway&lt;/title&gt;
      &lt;meta charset="UTF-8" /&gt;
      &lt;meta http-equiv="Content-Type" content="text/html; charset=UTF-8" /&gt;
      &lt;meta http-equiv="X-UA-Compatible" content="IE=Edge" /&gt;
      &lt;meta name="robots" content="noindex, nofollow" /&gt;
      &lt;meta name="viewport" content="width=device-width,initial-scale=1" /&gt;
      &lt;link rel="stylesheet" id="cf_styles-css" href="/cdn-cgi/styles/main.css" /&gt;
      &lt;/head&gt;
      &lt;body&gt;
      &lt;div id="cf-wrapper"&gt;
          &lt;div id="cf-error-details" class="p-0"&gt;
              &lt;header class="mx-auto pt-10 lg:pt-6 lg:px-8 w-240 lg:w-full mb-8"&gt;
                  &lt;h1 class="inline-block sm:block sm:mb-2 font-light text-60 lg:text-4xl text-black-dark leading-tight mr-2"&gt;
                      &lt;span class="inline-block"&gt;Bad gateway&lt;/span&gt;
                      &lt;span class="code-label"&gt;Error code 502&lt;/span&gt;
                  &lt;/h1&gt;
                  &lt;div&gt;
                      Visit &lt;a href="https://www.cloudflare.com/5xx-error-landing?utm_source=errorcode_502&amp;utm_campaign=project-tracker-pm.cluster-12.preview.emergentcf.cloud" target="_blank" rel="noopener noreferrer"&gt;cloudflare.com&lt;/a&gt; for more information.
                  &lt;/div&gt;
                  &lt;div class="mt-3"&gt;2026-09-12 11:44:19 UTC&lt;/div&gt;
              &lt;/header&gt;
              &lt;div class="my-8 bg-gradient-gray"&gt;
                  &lt;div class="w-240 lg:w-full mx-auto"&gt;
                      &lt;div class="clearfix md:px-8"&gt;
                          &lt;div id="cf-browser-status" class=" relative w-1/3 md:w-full py-15 md:p-0 md:py-8 md:text-left md:border-solid md:border-0 md:border-b md:border-gray-400 overflow-hidden float-left md:float-none text-center"&gt;
        &lt;div class="relative mb-10 md:m-0"&gt;
          
          &lt;span class="cf-icon-browser block md:hidden h-20 bg-center bg-no-repeat"&gt;&lt;/span&gt;
          &lt;span class="cf-icon-ok w-12 h-12 absolute left-1/2 md:left-auto md:right-0 md:top-0 -ml-6 -bottom-4"&gt;&lt;/span&gt;
          
        &lt;/div&gt;
        &lt;span class="md:block w-full truncate"&gt;You&lt;/span&gt;
        &lt;h3 class="md:inline-block mt-3 md:mt-0 text-2xl text-gray-600 font-light leading-1.3"&gt;
        
          Browser
        
        &lt;/h3&gt;
        
        &lt;span class="leading-1.3 text-2xl text-green-success"&gt;Working&lt;/span&gt;
        
      &lt;/div&gt;
                          &lt;div id="cf-cloudflare-status" class=" relative w-1/3 md:w-full py-15 md:p-0 md:py-8 md:text-left md:border-solid md:border-0 md:border-b md:border-gray-400 overflow-hidden float-left md:float-none text-center"&gt;
        &lt;div class="relative mb-10 md:m-0"&gt;
          &lt;a href="https://www.cloudflare.com/5xx-error-landing?utm_source=errorcode_502&amp;#38;utm_campaign=project-tracker-pm.cluster-12.preview.emergentcf.cloud" target="_blank" rel="noopener noreferrer"&gt;
          &lt;span class="cf-icon-cloud block md:hidden h-20 bg-center bg-no-repeat"&gt;&lt;/span&gt;
          &lt;span class="cf-icon-ok w-12 h-12 absolute left-1/2 md:left-auto md:right-0 md:top-0 -ml-6 -bottom-4"&gt;&lt;/span&gt;
          &lt;/a&gt;
        &lt;/div&gt;
        &lt;span class="md:block w-full truncate"&gt;Chicago&lt;/span&gt;
        &lt;h3 class="md:inline-block mt-3 md:mt-0 text-2xl text-gray-600 font-light leading-1.3"&gt;
        &lt;a href="https://www.cloudflare.com/5xx-error-landing?utm_source=errorcode_502&amp;utm_campaign=project-tracker-pm.cluster-12.preview.emergentcf.cloud" target="_blank" rel="noopener noreferrer"&gt;
          Cloudflare
        &lt;/a&gt;
        &lt;/h3&gt;
        
        &lt;span class="leading-1.3 text-2xl text-green-success"&gt;Working&lt;/span&gt;
        
      &lt;/div&gt;
                          &lt;div id="cf-host-status" class="cf-error-source relative w-1/3 md:w-full py-15 md:p-0 md:py-8 md:text-left md:border-solid md:border-0 md:border-b md:border-gray-400 overflow-hidden float-left md:float-none text-center"&gt;
        &lt;div class="relative mb-10 md:m-0"&gt;
          
          &lt;span class="cf-icon-server block md:hidden h-20 bg-center bg-no-repeat"&gt;&lt;/span&gt;
          &lt;span class="cf-icon-error w-12 h-12 absolute left-1/2 md:left-auto md:right-0 md:top-0 -ml-6 -bottom-4"&gt;&lt;/span&gt;
          
        &lt;/div&gt;
        &lt;span class="md:block w-full truncate"&gt;project-tracker-pm.cluster-12.preview.emergentcf.cloud&lt;/span&gt;
        &lt;h3 class="md:inline-block mt-3 md:mt-0 text-2xl text-gray-600 font-light leading-1.3"&gt;
        
          Host
        
        &lt;/h3&gt;
        
        &lt;span class="leading-1.3 text-2xl text-red-error"&gt;Error&lt;/span&gt;
        
      &lt;/div&gt;
                      &lt;/div&gt;
                  &lt;/div&gt;
              &lt;/div&gt;
      
              &lt;div class="w-240 lg:w-full mx-auto mb-8 lg:px-8"&gt;
                  &lt;div class="clearfix"&gt;
                      &lt;div class="w-1/2 md:w-full float-left pr-6 md:pb-10 md:pr-0 leading-relaxed"&gt;
                          &lt;h2 class="text-3xl font-normal leading-1.3 mb-4"&gt;What happened?&lt;/h2&gt;
                          &lt;p&gt;The web server reported a bad gateway error.&lt;/p&gt;
                      &lt;/div&gt;
                      &lt;div class="w-1/2 md:w-full float-left leading-relaxed"&gt;
                          &lt;h2 class="text-3xl font-normal leading-1.3 mb-4"&gt;What can I do?&lt;/h2&gt;
                          &lt;p class="mb-6"&gt;Please try again in a few minutes.&lt;/p&gt;
                      &lt;/div&gt;
                  &lt;/div&gt;
              &lt;/div&gt;
      
              &lt;div class="cf-error-footer cf-wrapper w-240 lg:w-full py-10 sm:py-4 sm:px-8 mx-auto text-center sm:text-left border-solid border-0 border-t border-gray-300"&gt;
          &lt;p class="text-13"&gt;
            &lt;span class="cf-footer-item sm:block sm:mb-1"&gt;Cloudflare Ray ID: &lt;strong class="font-semibold"&gt;a39ea813aed8af34&lt;/strong&gt;&lt;/span&gt;
            &lt;span class="cf-footer-separator sm:hidden"&gt;&amp;bull;&lt;/span&gt;
            &lt;span id="cf-footer-item-ip" class="cf-footer-item hidden sm:block sm:mb-1"&gt;
              Your IP:
              &lt;button type="button" id="cf-footer-ip-reveal" class="cf-footer-ip-reveal-btn"&gt;Click to reveal&lt;/button&gt;
              &lt;span class="hidden" id="cf-footer-ip"&gt;34.16.56.64&lt;/span&gt;
              &lt;span class="cf-footer-separator sm:hidden"&gt;&amp;bull;&lt;/span&gt;
            &lt;/span&gt;
            &lt;span class="cf-footer-item sm:block sm:mb-1"&gt;&lt;span&gt;Performance &amp;amp; security by&lt;/span&gt; &lt;a rel="noopener noreferrer" href="https://www.cloudflare.com/5xx-error-landing?utm_source=errorcode_502&amp;#38;utm_campaign=project-tracker-pm.cluster-12.preview.emergentcf.cloud" id="brand_link" target="_blank"&gt;Cloudflare&lt;/a&gt;&lt;/span&gt;
            
          &lt;/p&gt;
          &lt;script&gt;(function(){function d(){var b=a.getElementById("cf-footer-item-ip"),c=a.getElementById("cf-footer-ip-reveal");b&amp;&amp;"classList"in b&amp;&amp;(b.classList.remove("hidden"),c.addEventListener("click",function(){c.classList.add("hidden");a.getElementById("cf-footer-ip").classList.remove("hidden")}))}var a=document;document.addEventListener&amp;&amp;a.addEventListener("DOMContentLoaded",d)})();&lt;/script&gt;
        &lt;/div&gt;&lt;!-- /.error-footer --&gt;
      
          &lt;/div&gt;
      &lt;/div&gt;
      &lt;script&gt;(function(){function c(){var b=a.contentDocument||(a.contentWindow&amp;&amp;a.contentWindow.document);if(b){var d=b.createElement('script');d.innerHTML="window.__CF$cv$params={r:'a39ea813981eaf34',t:'MTc4OTIxMzQyNw=='};var a=document.createElement('script');a.src='/cdn-cgi/challenge-platform/scripts/jsd/main.js';document.getElementsByTagName('head')[0].appendChild(a);";b.getElementsByTagName('head')[0].appendChild(d)}}if(document.body){var a=document.createElement('iframe');a.height=1;a.width=1;a.style.position='absolute';a.style.top=0;a.style.left=0;a.style.border='none';a.style.visibility='hidden';document.body.appendChild(a);if('loading'!==document.readyState)c();else if(window.addEventListener)document.addEventListener('DOMContentLoaded',c);else{var e=document.onreadystatechange||function(){};document.onreadystatechange=function(b){e(b);'loading'!==document.readyState&amp;&amp;(document.onreadystatechange=e,c())}}}})();&lt;/script&gt;&lt;/body&gt;
      &lt;/html&gt;
    assert 502 == 200
     +  where 502 = &lt;Response [502]&gt;.status_code</failure></testcase><testcase classname="tests.test_issues_1_to_6.TestIssue1RegistrationFilter" name="test_registration_cannot_query_dispatch_scope" time="32.339"><failure message="AssertionError: doc PAN: &lt;!DOCTYPE html&gt;&#10;  &lt;!--[if lt IE 7]&gt; &lt;html class=&quot;no-js ie6 oldie&quot; lang=&quot;en-US&quot;&gt; &lt;![endif]--&gt;&#10;  &lt;!--[if IE 7]&gt;    &lt;html class=&quot;no-js ie7 oldie&quot; lang=&quot;en-US&quot;&gt; &lt;![endif]--&gt;&#10;  &lt;!--[if IE 8]&gt;    &lt;html class=&quot;no-js ie8 oldie&quot; lang=&quot;en-US&quot;&gt; &lt;![endif]--&gt;&#10;  &lt;!--[if gt IE 8]&gt;&lt;!--&gt; &lt;html class=&quot;no-js&quot; lang=&quot;en-US&quot;&gt; &lt;!--&lt;![endif]--&gt;&#10;  &lt;head&gt;&#10;  &#10;  &lt;title&gt;preview.emergentagent.com | 502: Bad gateway&lt;/title&gt;&#10;  &lt;meta charset=&quot;UTF-8&quot; /&gt;&#10;  &lt;meta http-equiv=&quot;Content-Type&quot; content=&quot;text/html; charset=UTF-8&quot; /&gt;&#10;  &lt;meta http-equiv=&quot;X-UA-Compatible&quot; content=&quot;IE=Edge&quot; /&gt;&#10;  &lt;meta name=&quot;robots&quot; content=&quot;noindex, nofollow&quot; /&gt;&#10;  &lt;meta name=&quot;viewport&quot; content=&quot;width=device-width,initial-scale=1&quot; /&gt;&#10;  &lt;link rel=&quot;stylesheet&quot; id=&quot;cf_styles-css&quot; href=&quot;/cdn-cgi/styles/main.css&quot; /&gt;&#10;  &lt;/head&gt;&#10;  &lt;body&gt;&#10;  &lt;div id=&quot;cf-wrapper&quot;&gt;&#10;      &lt;div id=&quot;cf-error-details&quot; class=&quot;p-0&quot;&gt;&#10;          &lt;header class=&quot;mx-auto pt-10 lg:pt-6 lg:px-8 w-240 lg:w-full mb-8&quot;&gt;&#10;              &lt;h1 class=&quot;inline-block sm:block sm:mb-2 font-light text-60 lg:text-4xl text-black-dark leading-tight mr-2&quot;&gt;&#10;                  &lt;span class=&quot;inline-block&quot;&gt;Bad gateway&lt;/span&gt;&#10;                  &lt;span class=&quot;code-label&quot;&gt;Error code 502&lt;/span&gt;&#10;              &lt;/h1&gt;&#10;              &lt;div&gt;&#10;                  Visit &lt;a href=&quot;https://www.cloudflare.com/5xx-error-landing?utm_source=errorcode_502&amp;utm_campaign=project-tracker-pm.cluster-12.preview.emergentcf.cloud&quot; target=&quot;_blank&quot; rel=&quot;noopener noreferrer&quot;&gt;cloudflare.com&lt;/a&gt; for more information.&#10;              &lt;/div&gt;&#10;              &lt;div class=&quot;mt-3&quot;&gt;2026-09-12 11:44:51 UTC&lt;/div&gt;&#10;          &lt;/header&gt;&#10;          &lt;div class=&quot;my-8 bg-gradient-gray&quot;&gt;&#10;              &lt;div class=&quot;w-240 lg:w-full mx-auto&quot;&gt;&#10;                  &lt;div class=&quot;clearfix md:px-8&quot;&gt;&#10;                      &lt;div id=&quot;cf-browser-status&quot; class=&quot; relative w-1/3 md:w-full py-15 md:p-0 md:py-8 md:text-left md:border-solid md:border-0 md:border-b md:border-gray-400 overflow-hidden float-left md:float-none text-center&quot;&gt;&#10;    &lt;div class=&quot;relative mb-10 md:m-0&quot;&gt;&#10;      &#10;      &lt;span class=&quot;cf-icon-browser block md:hidden h-20 bg-center bg-no-repeat&quot;&gt;&lt;/span&gt;&#10;      &lt;span class=&quot;cf-icon-ok w-12 h-12 absolute left-1/2 md:left-auto md:right-0 md:top-0 -ml-6 -bottom-4&quot;&gt;&lt;/span&gt;&#10;      &#10;    &lt;/div&gt;&#10;    &lt;span class=&quot;md:block w-full truncate&quot;&gt;You&lt;/span&gt;&#10;    &lt;h3 class=&quot;md:inline-block mt-3 md:mt-0 text-2xl text-gray-600 font-light leading-1.3&quot;&gt;&#10;    &#10;      Browser&#10;    &#10;    &lt;/h3&gt;&#10;    &#10;    &lt;span class=&quot;leading-1.3 text-2xl text-green-success&quot;&gt;Working&lt;/span&gt;&#10;    &#10;  &lt;/div&gt;&#10;                      &lt;div id=&quot;cf-cloudflare-status&quot; class=&quot; relative w-1/3 md:w-full py-15 md:p-0 md:py-8 md:text-left md:border-solid md:border-0 md:border-b md:border-gray-400 overflow-hidden float-left md:float-none text-center&quot;&gt;&#10;    &lt;div class=&quot;relative mb-10 md:m-0&quot;&gt;&#10;      &lt;a href=&quot;https://www.cloudflare.com/5xx-error-landing?utm_source=errorcode_502&amp;#38;utm_campaign=project-tracker-pm.cluster-12.preview.emergentcf.cloud&quot; target=&quot;_blank&quot; rel=&quot;noopener noreferrer&quot;&gt;&#10;      &lt;span class=&quot;cf-icon-cloud block md:hidden h-20 bg-center bg-no-repeat&quot;&gt;&lt;/span&gt;&#10;      &lt;span class=&quot;cf-icon-ok w-12 h-12 absolute left-1/2 md:left-auto md:right-0 md:top-0 -ml-6 -bottom-4&quot;&gt;&lt;/span&gt;&#10;      &lt;/a&gt;&#10;    &lt;/div&gt;&#10;    &lt;span class=&quot;md:block w-full truncate&quot;&gt;Chicago&lt;/span&gt;&#10;    &lt;h3 class=&quot;md:inline-block mt-3 md:mt-0 text-2xl text-gray-600 font-light leading-1.3&quot;&gt;&#10;    &lt;a href=&quot;https://www.cloudflare.com/5xx-error-landing?utm_source=errorcode_502&amp;utm_campaign=project-tracker-pm.cluster-12.preview.emergentcf.cloud&quot; target=&quot;_blank&quot; rel=&quot;noopener noreferrer&quot;&gt;&#10;      Cloudflare&#10;    &lt;/a&gt;&#10;    &lt;/h3&gt;&#10;    &#10;    &lt;span class=&quot;leading-1.3 text-2xl text-green-success&quot;&gt;Working&lt;/span&gt;&#10;    &#10;  &lt;/div&gt;&#10;                      &lt;div id=&quot;cf-host-status&quot; class=&quot;cf-error-source relative w-1/3 md:w-full py-15 md:p-0 md:py-8 md:text-left md:border-solid md:border-0 md:border-b md:border-gray-400 overflow-hidden float-left md:float-none text-center&quot;&gt;&#10;    &lt;div class=&quot;relative mb-10 md:m-0&quot;&gt;&#10;      &#10;      &lt;span class=&quot;cf-icon-server block md:hidden h-20 bg-center bg-no-repeat&quot;&gt;&lt;/span&gt;&#10;      &lt;span class=&quot;cf-icon-error w-12 h-12 absolute left-1/2 md:left-auto md:right-0 md:top-0 -ml-6 -bottom-4&quot;&gt;&lt;/span&gt;&#10;      &#10;    &lt;/div&gt;&#10;    &lt;span class=&quot;md:block w-full truncate&quot;&gt;project-tracker-pm.cluster-12.preview.emergentcf.cloud&lt;/span&gt;&#10;    &lt;h3 class=&quot;md:inline-block mt-3 md:mt-0 text-2xl text-gray-600 font-light leading-1.3&quot;&gt;&#10;    &#10;      Host&#10;    &#10;    &lt;/h3&gt;&#10;    &#10;    &lt;span class=&quot;leading-1.3 text-2xl text-red-error&quot;&gt;Error&lt;/span&gt;&#10;    &#10;  &lt;/div&gt;&#10;                  &lt;/div&gt;&#10;              &lt;/div&gt;&#10;          &lt;/div&gt;&#10;  &#10;          &lt;div class=&quot;w-240 lg:w-full mx-auto mb-8 lg:px-8&quot;&gt;&#10;              &lt;div class=&quot;clearfix&quot;&gt;&#10;                  &lt;div class=&quot;w-1/2 md:w-full float-left pr-6 md:pb-10 md:pr-0 leading-relaxed&quot;&gt;&#10;                      &lt;h2 class=&quot;text-3xl font-normal leading-1.3 mb-4&quot;&gt;What happened?&lt;/h2&gt;&#10;                      &lt;p&gt;The web server reported a bad gateway error.&lt;/p&gt;&#10;                  &lt;/div&gt;&#10;                  &lt;div class=&quot;w-1/2 md:w-full float-left leading-relaxed&quot;&gt;&#10;                      &lt;h2 class=&quot;text-3xl font-normal leading-1.3 mb-4&quot;&gt;What can I do?&lt;/h2&gt;&#10;                      &lt;p class=&quot;mb-6&quot;&gt;Please try again in a few minutes.&lt;/p&gt;&#10;                  &lt;/div&gt;&#10;              &lt;/div&gt;&#10;          &lt;/div&gt;&#10;  &#10;          &lt;div class=&quot;cf-error-footer cf-wrapper w-240 lg:w-full py-10 sm:py-4 sm:px-8 mx-auto text-center sm:text-left border-solid border-0 border-t border-gray-300&quot;&gt;&#10;      &lt;p class=&quot;text-13&quot;&gt;&#10;        &lt;span class=&quot;cf-footer-item sm:block sm:mb-1&quot;&gt;Cloudflare Ray ID: &lt;strong class=&quot;font-semibold&quot;&gt;a39ea8de2dcfe7fc&lt;/strong&gt;&lt;/span&gt;&#10;        &lt;span class=&quot;cf-footer-separator sm:hidden&quot;&gt;&amp;bull;&lt;/span&gt;&#10;        &lt;span id=&quot;cf-footer-item-ip&quot; class=&quot;cf-footer-item hidden sm:block sm:mb-1&quot;&gt;&#10;          Your IP:&#10;          &lt;button type=&quot;button&quot; id=&quot;cf-footer-ip-reveal&quot; class=&quot;cf-footer-ip-reveal-btn&quot;&gt;Click to reveal&lt;/button&gt;&#10;          &lt;span class=&quot;hidden&quot; id=&quot;cf-footer-ip&quot;&gt;34.16.56.64&lt;/span&gt;&#10;          &lt;span class=&quot;cf-footer-separator sm:hidden&quot;&gt;&amp;bull;&lt;/span&gt;&#10;        &lt;/span&gt;&#10;        &lt;span class=&quot;cf-footer-item sm:block sm:mb-1&quot;&gt;&lt;span&gt;Performance &amp;amp; security by&lt;/span&gt; &lt;a rel=&quot;noopener noreferrer&quot; href=&quot;https://www.cloudflare.com/5xx-error-landing?utm_source=errorcode_502&amp;#38;utm_campaign=project-tracker-pm.cluster-12.preview.emergentcf.cloud&quot; id=&quot;brand_link&quot; target=&quot;_blank&quot;&gt;Cloudflare&lt;/a&gt;&lt;/span&gt;&#10;        &#10;      &lt;/p&gt;&#10;      &lt;script&gt;(function(){function d(){var b=a.getElementById(&quot;cf-footer-item-ip&quot;),c=a.getElementById(&quot;cf-footer-ip-reveal&quot;);b&amp;&amp;&quot;classList&quot;in b&amp;&amp;(b.classList.remove(&quot;hidden&quot;),c.addEventListener(&quot;click&quot;,function(){c.classList.add(&quot;hidden&quot;);a.getElementById(&quot;cf-footer-ip&quot;).classList.remove(&quot;hidden&quot;)}))}var a=document;document.addEventListener&amp;&amp;a.addEventListener(&quot;DOMContentLoaded&quot;,d)})();&lt;/script&gt;&#10;    &lt;/div&gt;&lt;!-- /.error-footer --&gt;&#10;  &#10;      &lt;/div&gt;&#10;  &lt;/div&gt;&#10;  &lt;script&gt;(function(){function c(){var b=a.contentDocument||(a.contentWindow&amp;&amp;a.contentWindow.document);if(b){var d=b.createElement('script');d.innerHTML=&quot;window.__CF$cv$params={r:'a39ea8de1a8dff5d',t:'MTc4OTIxMzQ2MA=='};var a=document.createElement('script');a.src='/cdn-cgi/challenge-platform/scripts/jsd/main.js';document.getElementsByTagName('head')[0].appendChild(a);&quot;;b.getElementsByTagName('head')[0].appendChild(d)}}if(document.body){var a=document.createElement('iframe');a.height=1;a.width=1;a.style.position='absolute';a.style.top=0;a.style.left=0;a.style.border='none';a.style.visibility='hidden';document.body.appendChild(a);if('loading'!==document.readyState)c();else if(window.addEventListener)document.addEventListener('DOMContentLoaded',c);else{var e=document.onreadystatechange||function(){};document.onreadystatechange=function(b){e(b);'loading'!==document.readyState&amp;&amp;(document.onreadystatechange=e,c())}}}})();&lt;/script&gt;&lt;/body&gt;&#10;  &lt;/html&gt;&#10;assert 502 == 200&#10; +  where 502 = &lt;Response [502]&gt;.status_code">E   AssertionError: doc PAN: &lt;!DOCTYPE html&gt;
      &lt;!--[if lt IE 7]&gt; &lt;html class="no-js ie6 oldie" lang="en-US"&gt; &lt;![endif]--&gt;
      &lt;!--[if IE 7]&gt;    &lt;html class="no-js ie7 oldie" lang="en-US"&gt; &lt;![endif]--&gt;
      &lt;!--[if IE 8]&gt;    &lt;html class="no-js ie8 oldie" lang="en-US"&gt; &lt;![endif]--&gt;
      &lt;!--[if gt IE 8]&gt;&lt;!--&gt; &lt;html class="no-js" lang="en-US"&gt; &lt;!--&lt;![endif]--&gt;
      &lt;head&gt;
      
      &lt;title&gt;preview.emergentagent.com | 502: Bad gateway&lt;/title&gt;
      &lt;meta charset="UTF-8" /&gt;
      &lt;meta http-equiv="Content-Type" content="text/html; charset=UTF-8" /&gt;
      &lt;meta http-equiv="X-UA-Compatible" content="IE=Edge" /&gt;
      &lt;meta name="robots" content="noindex, nofollow" /&gt;
      &lt;meta name="viewport" content="width=device-width,initial-scale=1" /&gt;
      &lt;link rel="stylesheet" id="cf_styles-css" href="/cdn-cgi/styles/main.css" /&gt;
      &lt;/head&gt;
      &lt;body&gt;
      &lt;div id="cf-wrapper"&gt;
          &lt;div id="cf-error-details" class="p-0"&gt;
              &lt;header class="mx-auto pt-10 lg:pt-6 lg:px-8 w-240 lg:w-full mb-8"&gt;
                  &lt;h1 class="inline-block sm:block sm:mb-2 font-light text-60 lg:text-4xl text-black-dark leading-tight mr-2"&gt;
                      &lt;span class="inline-block"&gt;Bad gateway&lt;/span&gt;
                      &lt;span class="code-label"&gt;Error code 502&lt;/span&gt;
                  &lt;/h1&gt;
                  &lt;div&gt;
                      Visit &lt;a href="https://www.cloudflare.com/5xx-error-landing?utm_source=errorcode_502&amp;utm_campaign=project-tracker-pm.cluster-12.preview.emergentcf.cloud" target="_blank" rel="noopener noreferrer"&gt;cloudflare.com&lt;/a&gt; for more information.
                  &lt;/div&gt;
                  &lt;div class="mt-3"&gt;2026-09-12 11:44:51 UTC&lt;/div&gt;
              &lt;/header&gt;
              &lt;div class="my-8 bg-gradient-gray"&gt;
                  &lt;div class="w-240 lg:w-full mx-auto"&gt;
                      &lt;div class="clearfix md:px-8"&gt;
                          &lt;div id="cf-browser-status" class=" relative w-1/3 md:w-full py-15 md:p-0 md:py-8 md:text-left md:border-solid md:border-0 md:border-b md:border-gray-400 overflow-hidden float-left md:float-none text-center"&gt;
        &lt;div class="relative mb-10 md:m-0"&gt;
          
          &lt;span class="cf-icon-browser block md:hidden h-20 bg-center bg-no-repeat"&gt;&lt;/span&gt;
          &lt;span class="cf-icon-ok w-12 h-12 absolute left-1/2 md:left-auto md:right-0 md:top-0 -ml-6 -bottom-4"&gt;&lt;/span&gt;
          
        &lt;/div&gt;
        &lt;span class="md:block w-full truncate"&gt;You&lt;/span&gt;
        &lt;h3 class="md:inline-block mt-3 md:mt-0 text-2xl text-gray-600 font-light leading-1.3"&gt;
        
          Browser
        
        &lt;/h3&gt;
        
        &lt;span class="leading-1.3 text-2xl text-green-success"&gt;Working&lt;/span&gt;
        
      &lt;/div&gt;
                          &lt;div id="cf-cloudflare-status" class=" relative w-1/3 md:w-full py-15 md:p-0 md:py-8 md:text-left md:border-solid md:border-0 md:border-b md:border-gray-400 overflow-hidden float-left md:float-none text-center"&gt;
        &lt;div class="relative mb-10 md:m-0"&gt;
          &lt;a href="https://www.cloudflare.com/5xx-error-landing?utm_source=errorcode_502&amp;#38;utm_campaign=project-tracker-pm.cluster-12.preview.emergentcf.cloud" target="_blank" rel="noopener noreferrer"&gt;
          &lt;span class="cf-icon-cloud block md:hidden h-20 bg-center bg-no-repeat"&gt;&lt;/span&gt;
          &lt;span class="cf-icon-ok w-12 h-12 absolute left-1/2 md:left-auto md:right-0 md:top-0 -ml-6 -bottom-4"&gt;&lt;/span&gt;
          &lt;/a&gt;
        &lt;/div&gt;
        &lt;span class="md:block w-full truncate"&gt;Chicago&lt;/span&gt;
        &lt;h3 class="md:inline-block mt-3 md:mt-0 text-2xl text-gray-600 font-light leading-1.3"&gt;
        &lt;a href="https://www.cloudflare.com/5xx-error-landing?utm_source=errorcode_502&amp;utm_campaign=project-tracker-pm.cluster-12.preview.emergentcf.cloud" target="_blank" rel="noopener noreferrer"&gt;
          Cloudflare
        &lt;/a&gt;
        &lt;/h3&gt;
        
        &lt;span class="leading-1.3 text-2xl text-green-success"&gt;Working&lt;/span&gt;
        
      &lt;/div&gt;
                          &lt;div id="cf-host-status" class="cf-error-source relative w-1/3 md:w-full py-15 md:p-0 md:py-8 md:text-left md:border-solid md:border-0 md:border-b md:border-gray-400 overflow-hidden float-left md:float-none text-center"&gt;
        &lt;div class="relative mb-10 md:m-0"&gt;
          
          &lt;span class="cf-icon-server block md:hidden h-20 bg-center bg-no-repeat"&gt;&lt;/span&gt;
          &lt;span class="cf-icon-error w-12 h-12 absolute left-1/2 md:left-auto md:right-0 md:top-0 -ml-6 -bottom-4"&gt;&lt;/span&gt;
          
        &lt;/div&gt;
        &lt;span class="md:block w-full truncate"&gt;project-tracker-pm.cluster-12.preview.emergentcf.cloud&lt;/span&gt;
        &lt;h3 class="md:inline-block mt-3 md:mt-0 text-2xl text-gray-600 font-light leading-1.3"&gt;
        
          Host
        
        &lt;/h3&gt;
        
        &lt;span class="leading-1.3 text-2xl text-red-error"&gt;Error&lt;/span&gt;
        
      &lt;/div&gt;
                      &lt;/div&gt;
                  &lt;/div&gt;
              &lt;/div&gt;
      
              &lt;div class="w-240 lg:w-full mx-auto mb-8 lg:px-8"&gt;
                  &lt;div class="clearfix"&gt;
                      &lt;div class="w-1/2 md:w-full float-left pr-6 md:pb-10 md:pr-0 leading-relaxed"&gt;
                          &lt;h2 class="text-3xl font-normal leading-1.3 mb-4"&gt;What happened?&lt;/h2&gt;
                          &lt;p&gt;The web server reported a bad gateway error.&lt;/p&gt;
                      &lt;/div&gt;
                      &lt;div class="w-1/2 md:w-full float-left leading-relaxed"&gt;
                          &lt;h2 class="text-3xl font-normal leading-1.3 mb-4"&gt;What can I do?&lt;/h2&gt;
                          &lt;p class="mb-6"&gt;Please try again in a few minutes.&lt;/p&gt;
                      &lt;/div&gt;
                  &lt;/div&gt;
              &lt;/div&gt;
      
              &lt;div class="cf-error-footer cf-wrapper w-240 lg:w-full py-10 sm:py-4 sm:px-8 mx-auto text-center sm:text-left border-solid border-0 border-t border-gray-300"&gt;
          &lt;p class="text-13"&gt;
            &lt;span class="cf-footer-item sm:block sm:mb-1"&gt;Cloudflare Ray ID: &lt;strong class="font-semibold"&gt;a39ea8de2dcfe7fc&lt;/strong&gt;&lt;/span&gt;
            &lt;span class="cf-footer-separator sm:hidden"&gt;&amp;bull;&lt;/span&gt;
            &lt;span id="cf-footer-item-ip" class="cf-footer-item hidden sm:block sm:mb-1"&gt;
              Your IP:
              &lt;button type="button" id="cf-footer-ip-reveal" class="cf-footer-ip-reveal-btn"&gt;Click to reveal&lt;/button&gt;
              &lt;span class="hidden" id="cf-footer-ip"&gt;34.16.56.64&lt;/span&gt;
              &lt;span class="cf-footer-separator sm:hidden"&gt;&amp;bull;&lt;/span&gt;
            &lt;/span&gt;
            &lt;span class="cf-footer-item sm:block sm:mb-1"&gt;&lt;span&gt;Performance &amp;amp; security by&lt;/span&gt; &lt;a rel="noopener noreferrer" href="https://www.cloudflare.com/5xx-error-landing?utm_source=errorcode_502&amp;#38;utm_campaign=project-tracker-pm.cluster-12.preview.emergentcf.cloud" id="brand_link" target="_blank"&gt;Cloudflare&lt;/a&gt;&lt;/span&gt;
            
          &lt;/p&gt;
          &lt;script&gt;(function(){function d(){var b=a.getElementById("cf-footer-item-ip"),c=a.getElementById("cf-footer-ip-reveal");b&amp;&amp;"classList"in b&amp;&amp;(b.classList.remove("hidden"),c.addEventListener("click",function(){c.classList.add("hidden");a.getElementById("cf-footer-ip").classList.remove("hidden")}))}var a=document;document.addEventListener&amp;&amp;a.addEventListener("DOMContentLoaded",d)})();&lt;/script&gt;
        &lt;/div&gt;&lt;!-- /.error-footer --&gt;
      
          &lt;/div&gt;
      &lt;/div&gt;
      &lt;script&gt;(function(){function c(){var b=a.contentDocument||(a.contentWindow&amp;&amp;a.contentWindow.document);if(b){var d=b.createElement('script');d.innerHTML="window.__CF$cv$params={r:'a39ea8de1a8dff5d',t:'MTc4OTIxMzQ2MA=='};var a=document.createElement('script');a.src='/cdn-cgi/challenge-platform/scripts/jsd/main.js';document.getElementsByTagName('head')[0].appendChild(a);";b.getElementsByTagName('head')[0].appendChild(d)}}if(document.body){var a=document.createElement('iframe');a.height=1;a.width=1;a.style.position='absolute';a.style.top=0;a.style.left=0;a.style.border='none';a.style.visibility='hidden';document.body.appendChild(a);if('loading'!==document.readyState)c();else if(window.addEventListener)document.addEventListener('DOMContentLoaded',c);else{var e=document.onreadystatechange||function(){};document.onreadystatechange=function(b){e(b);'loading'!==document.readyState&amp;&amp;(document.onreadystatechange=e,c())}}}})();&lt;/script&gt;&lt;/body&gt;
      &lt;/html&gt;
    assert 502 == 200
     +  where 502 = &lt;Response [502]&gt;.status_code</failure></testcase><testcase classname="tests.test_issues_1_to_6.TestIssue2AccountsDashboard" name="test_receivable_math_known_project" time="1.053"><failure message="assert 198 &gt;= 199">E   assert 198 &gt;= 199</failure></testcase><testcase classname="tests.test_issues_1_to_6.TestIssue2AccountsDashboard" name="test_accounts_dashboard_has_all_four_fields" time="0.377" /><testcase classname="tests.test_issues_1_to_6.TestIssue3PaymentsMonitor" name="test_row_per_project_with_fields" time="0.212" /><testcase classname="tests.test_issues_1_to_6.TestIssue3PaymentsMonitor" name="test_additional_type_preserved" time="1.840" /><testcase classname="tests.test_issues_1_to_6.TestIssue4DispatchViews" name="test_past_dispatch_view" time="0.840" /><testcase classname="tests.test_issues_7_to_19.TestIssue9ECPStageFilterLead" name="test_lead_can_filter_ecps_by_stage" time="3.854" /><testcase classname="tests.test_issues_1_to_6.TestIssue2BProjectPrice" name="test_lead_can_set_price_on_create_and_via_endpoint" time="1.322" /><testcase classname="tests.test_issues_7_to_19.TestIssue9ECPStageFilterLead" name="test_lead_can_filter_closed_view" time="0.361" /><testcase classname="tests.test_issues_1_to_6.TestIssue2BProjectPrice" name="test_price_propagates_on_yes_and_via_endpoint" time="0.803" /><testcase classname="tests.test_issues_7_to_19.TestIssue12PaymentsDrill" name="test_monitor_project_wise_and_dashboard_match" time="0.535"><failure message="assert 200000.0 &lt; 0.01&#10; +  where 200000.0 = abs((18005712.0 - 18205712.0))">E   assert 200000.0 &lt; 0.01
     +  where 200000.0 = abs((18005712.0 - 18205712.0))</failure></testcase><testcase classname="tests.test_issues_7_to_19.TestIssue12PaymentsDrill" name="test_pending_payments_do_not_reduce_receivable" time="1.026" /><testcase classname="tests.test_phase2.TestProjectPriceGating" name="test_pre_handoff_owner_can_set" time="0.676" /><testcase classname="tests.test_phase2.TestProjectPriceGating" name="test_post_handoff_gated" time="0.714" /><testcase classname="tests.test_phase2_final.TestPostHandoffEditPropagation" name="test_patch_email_address_location_persists_on_lead" time="0.830" /><testcase classname="tests.test_issues_7_to_19.TestIssue18ManagerTilesAndFilters" name="test_manager_dashboard_tiles" time="2.866" /><testcase classname="tests.test_issues_7_to_19.TestIssue18ManagerTilesAndFilters" name="test_manager_sees_awaiting_assignment_view" time="0.403" /><testcase classname="tests.test_phase2_final.TestPostHandoffEditPropagation" name="test_patch_propagates_to_ecp" time="0.895" /><testcase classname="tests.test_phase2.TestLeadEdit" name="test_owner_can_patch_non_commercial" time="0.426" /><testcase classname="tests.test_phase2.TestLeadEdit" name="test_non_owner_lead_forbidden" time="1.025" /><testcase classname="tests.test_phase2_final.TestCommercialBlocked" name="test_patch_ignores_commercial_fields" time="0.744" /><testcase classname="tests.test_phase2_final.TestCommercialApproveEcpSync" name="test_approve_syncs_ecp_item_qty_price" time="1.060" /><testcase classname="tests.test_phase2_final.TestCommercialBlocked" name="test_direct_project_price_400_post_handoff" time="0.517" /><testcase classname="tests.test_phase3_documents.TestYesCreatesPendingDocsEcp" name="test_yes_creates_pending_docs_ecp" time="0.513" /><testcase classname="tests.test_phase2_final.TestCommercialApproveEcpSync" name="test_reject_no_remarks_400_then_with_remarks_unchanged" time="1.386" /><testcase classname="tests.test_phase3_documents.TestYesCreatesPendingDocsEcp" name="test_second_yes_returns_400" time="0.408" /><testcase classname="tests.test_phase3_documents.TestOwnershipRbac" name="test_other_lead_upload_list_download_release_403" time="1.952" /><testcase classname="tests.test_phase3_documents.TestOwnershipRbac" name="test_reassign_swaps_access" time="1.699" /><testcase classname="tests.test_phase3_documents.TestFinanceRequirement" name="test_finance_yes_needs_finance_doc" time="35.990" /><testcase classname="tests.test_phase3_documents.TestFinancingFlipWhilePending" name="test_flip_no_to_yes_blocks_release" time="33.748" /><testcase classname="tests.test_phase3_documents.TestFinanceRequirement" name="test_tax_receipt_also_satisfies_finance" time="1.659" /><testcase classname="tests.test_phase3_documents.TestFinancingFlipWhilePending" name="test_flip_yes_to_no_allows_release" time="2.162" /><testcase classname="tests.backend_test.TestFinancingToggle" name="test_toggle_no_regress" time="2.837" /><testcase classname="tests.backend_test.TestClosure" name="test_only_owner_manager_close" time="2.303" /><testcase classname="tests.backend_test.TestSLA" name="test_sla_owner_only" time="0.464" /><testcase classname="tests.backend_test.TestDashboard" name="test_each_role_dashboard" time="4.713" /><testcase classname="tests.test_audit_spec.TestDispatchContinuity" name="test_first_payment_revert_pending_does_not_stop_dispatch" time="5.923" /><testcase classname="tests.test_audit_spec.TestTaskRBAC" name="test_registration_cannot_complete_accounts_task" time="3.171" /><testcase classname="tests.test_audit_spec.TestFinancingRBAC" name="test_only_lead_manager_owner_can_toggle" time="4.650" /><testcase classname="tests.test_audit_spec.TestEscalationsAccess" name="test_manager_cannot_list_or_return" time="1.018" /><testcase classname="tests.test_audit_spec.TestSiteVisitAssigneeOnly" name="test_installation_cannot_complete_others_visit" time="2.129" /><testcase classname="tests.test_issues_7_to_19.TestIssue14AccountsLeadCreator" name="test_monitor_includes_lead_creator_name" time="4.349" /><testcase classname="tests.test_issues_7_to_19.TestIssue11FollowupToday" name="test_only_today_followup_date_shown" time="3.489" /><testcase classname="tests.test_issues_7_to_19.TestIssue10ActionRequired" name="test_pending_filter_returns_action_required" time="0.269" /><testcase classname="tests.test_phase2_final.TestEcpAtCreation" name="test_new_ecp_carries_item_and_contact" time="0.648" /><testcase classname="tests.test_phase2_final.TestWorkflowSafe" name="test_patch_cannot_change_status_or_stage_or_team" time="0.353" /><testcase classname="tests.test_phase3_documents.TestFinancingLoanTasks" name="test_reg1_has_7_tasks_when_financing" time="2.127" /><testcase classname="tests.test_phase3_documents.TestFinanceNoReleases" name="test_no_finance_auto_release_creates_reg1_tasks" time="1.982" /><testcase classname="tests.test_phase3_documents.TestUnauthorizedRoles" name="test_accounts_dispatch_installation_403" time="1.161" /><testcase classname="tests.test_phase3_documents.TestManualRelease400" name="test_release_400_when_incomplete" time="0.609" /><testcase classname="tests.test_phase3_documents.TestReuploadHistory" name="test_replace_moves_old_to_history" time="1.025" /><testcase classname="tests.test_phase3_documents.TestDownload" name="test_download_returns_png" time="0.819" /><testcase classname="tests.test_phase3_documents.TestGrandfathering" name="test_reg1_ecp_still_visible_to_registration" time="1.845" /></testsuite></testsuites>