<?xml version="1.0" encoding="utf-8"?><testsuites name="pytest tests"><testsuite name="pytest" errors="0" failures="2" skipped="0" tests="153" time="430.773" timestamp="2026-09-12T12:40:37.462858+00:00" hostname="agent-env-d4458330-6800-44e8-83f6-67c8f176fa67"><testcase classname="tests.test_phase3_documents.TestUploadEachDocType" name="test_upload_pan_returns_status" time="4.075" /><testcase classname="tests.test_phase2.TestItemMaster" name="test_owner_create_item" time="4.075" /><testcase classname="tests.test_phase3_documents.TestUploadEachDocType" name="test_upload_each_type[AADHAAR]" time="1.267" /><testcase classname="tests.test_phase2.TestItemMaster" name="test_duplicate_name_unit_409" time="0.966" /><testcase classname="tests.test_phase2.TestItemMaster" name="test_toggle_active" time="0.372" /><testcase classname="tests.test_phase3_documents.TestUploadEachDocType" name="test_upload_each_type[ELECTRICITY_BILL]" time="0.509" /><testcase classname="tests.test_phase2.TestItemMaster" name="test_active_only_filter" time="0.438" /><testcase classname="tests.test_phase3_documents.TestUploadEachDocType" name="test_upload_each_type[BANK_PASSBOOK]" time="0.634" /><testcase classname="tests.test_phase2.TestItemMaster" name="test_export_csv" time="0.138" /><testcase classname="tests.test_phase2.TestItemMaster" name="test_import_csv" time="0.134" /><testcase classname="tests.test_phase2.TestItemMaster" name="test_non_owner_denied" time="0.582" /><testcase classname="tests.test_phase3_documents.TestUploadEachDocType" name="test_upload_each_type[BANK_STATEMENT]" time="0.912" /><testcase classname="tests.test_phase3_documents.TestUploadEachDocType" name="test_upload_each_type[CANCELLED_CHEQUE]" time="1.185" /><testcase classname="tests.test_phase3_documents.TestUploadEachDocType" name="test_upload_each_type[PROPERTY_PAPER]" time="1.099" /><testcase classname="tests.test_phase3_documents.TestUploadEachDocType" name="test_upload_each_type[TAX_RECEIPT]" time="0.763" /><testcase classname="tests.backend_test.TestLeadActions" name="test_yes_creates_ecp_reg1_and_second_yes_rejected" time="4.417" /><testcase classname="tests.backend_test.TestLeadActions" name="test_no_requires_reason_and_other_requires_remarks" time="1.072" /><testcase classname="tests.backend_test.TestLeadActions" name="test_followup_past_rejected_future_ok" time="0.799" /><testcase classname="tests.test_issues_1_to_6.TestIssue5InstallHandoff" name="test_full_handoff_and_rbac" time="75.039" /><testcase classname="tests.backend_test.TestLeadActions" name="test_site_visit_flow" time="1.799"><failure message="assert 422 == 400&#10; +  where 422 = &lt;Response [422]&gt;.status_code">E   assert 422 == 400
     +  where 422 = &lt;Response [422]&gt;.status_code</failure></testcase><testcase classname="tests.backend_test.TestLeadActions" name="test_escalation_and_owner_return" time="1.084" /><testcase classname="tests.backend_test.TestLeadActions" name="test_only_owner_reopen_lost" time="56.001" /><testcase classname="tests.test_issues_7_to_19.TestIssue7LeadEmployeeMaster" name="test_owner_only_create" time="3.226" /><testcase classname="tests.test_issues_7_to_19.TestIssue7LeadEmployeeMaster" name="test_get_allowed_roles" time="0.939" /><testcase classname="tests.test_issues_7_to_19.TestIssue7LeadEmployeeMaster" name="test_active_only_filter" time="0.604" /><testcase classname="tests.test_issues_7_to_19.TestIssue7LeadEmployeeMaster" name="test_lead_creator_snapshot_on_lead_and_ecp" time="0.703" /><testcase classname="tests.test_issues_7_to_19.TestIssue7LeadEmployeeMaster" name="test_invalid_lead_creator_rejected" time="0.124" /><testcase classname="tests.test_issues_7_to_19.TestIssue15PhoneMandatory" name="test_create_user_without_phone_400" time="0.136" /><testcase classname="tests.test_issues_7_to_19.TestIssue15PhoneMandatory" name="test_create_user_with_empty_phone_400" time="0.113" /><testcase classname="tests.test_issues_7_to_19.TestIssue15PhoneMandatory" name="test_create_with_phone_and_get" time="0.490" /><testcase classname="tests.test_issues_7_to_19.TestIssue15PhoneMandatory" name="test_patch_phone_update" time="0.450" /><testcase classname="tests.test_issues_7_to_19.TestIssue15PhoneMandatory" name="test_seed_users_without_phone_still_login" time="0.111" /><testcase classname="tests.test_phase2_final.TestRegression" name="test_all_role_logins" time="5.064" /><testcase classname="tests.test_phase2_final.TestRegression" name="test_lead_yes_creates_one_ecp" time="0.624" /><testcase classname="tests.test_phase2_final.TestRegression" name="test_duplicate_active_phone_409" time="0.232" /><testcase classname="tests.test_phase2_final.TestRegression" name="test_reassign_manager_owner_ok_others_403" time="1.099" /><testcase classname="tests.test_issues_1_to_6.TestIssue5InstallHandoff" name="test_non_assignee_installer_403" time="5.056" /><testcase classname="tests.test_phase2_final.TestRegression" name="test_ecp_dashboard_and_payments_monitor_load" time="1.198" /><testcase classname="tests.test_issues_7_to_19.TestIssue16Activities" name="test_owner_only" time="3.718" /><testcase classname="tests.test_issues_1_to_6.TestIssue5InstallHandoff" name="test_installer_only_sees_own_assigned_via_list" time="36.204" /><testcase classname="tests.test_issues_7_to_19.TestIssue16Activities" name="test_default_returns_ist_today_only" time="0.612" /><testcase classname="tests.test_issues_7_to_19.TestIssue16Activities" name="test_filter_by_team" time="31.701" /><testcase classname="tests.test_issues_7_to_19.TestIssue16Activities" name="test_activities_logged_for_key_events" time="1.433" /><testcase classname="tests.test_phase2.TestLeadFieldConfig" name="test_owner_set_and_get" time="0.261" /><testcase classname="tests.test_phase2.TestLeadFieldConfig" name="test_lead_missing_required_fields_400" time="0.280" /><testcase classname="tests.test_phase2.TestLeadFieldConfig" name="test_lead_creation_after_reset" time="0.242" /><testcase classname="tests.test_phase2.TestLeadFieldConfig" name="test_non_owner_put_forbidden" time="0.111" /><testcase classname="tests.test_phase2.TestCommercialChange" name="test_propose_approve_updates_ecp" time="2.166" /><testcase classname="tests.test_issues_1_to_6.TestIssue5InstallHandoff" name="test_manager_dashboard_has_awaiting_count" time="3.726" /><testcase classname="tests.test_phase2.TestCommercialChange" name="test_reject_without_remarks_400" time="1.128" /><testcase classname="tests.test_phase2.TestCommercialChange" name="test_rbac" time="2.112" /><testcase classname="tests.test_issues_1_to_6.TestIssue5InstallHandoff" name="test_awaiting_assignment_view" time="5.016" /><testcase classname="tests.test_phase2.TestCommercialChange" name="test_lead_not_owner_proposes_403" time="1.091" /><testcase classname="tests.backend_test.TestPayments" name="test_only_accounts_creates" time="2.093" /><testcase classname="tests.backend_test.TestPayments" name="test_additional_multiple_allowed" time="1.877" /><testcase classname="tests.backend_test.TestAuth" name="test_login_all_seeded" time="4.140" /><testcase classname="tests.backend_test.TestPayments" name="test_monitor_rbac" time="1.533" /><testcase classname="tests.backend_test.TestAuth" name="test_login_invalid" time="0.502" /><testcase classname="tests.test_issues_7_to_19.TestIssue8LeadStatusFilter" name="test_status_filter_pending" time="4.122" /><testcase classname="tests.test_issues_7_to_19.TestIssue8LeadStatusFilter" name="test_status_filter_followup" time="0.695" /><testcase classname="tests.test_issues_7_to_19.TestIssue8LeadStatusFilter" name="test_status_filter_lost" time="1.020" /><testcase classname="tests.test_phase2.TestLeadItemFields" name="test_lead_create_stores_item_snapshot" time="0.798" /><testcase classname="tests.test_phase2.TestLeadItemFields" name="test_inactive_item_400" time="0.788" /><testcase classname="tests.backend_test.TestAuth" name="test_me" time="3.991" /><testcase classname="tests.test_phase2.TestLeadItemFields" name="test_nonexistent_item_400" time="0.335" /><testcase classname="tests.test_phase2.TestQuotationPDF" name="test_owner_lead_manager_can_download" time="1.037" /><testcase classname="tests.test_phase2.TestQuotationPDF" name="test_non_owner_lead_forbidden" time="1.071" /><testcase classname="tests.test_issues_7_to_19.TestIssue17CSVExport" name="test_owner_only" time="3.454" /><testcase classname="tests.test_phase2.TestQuotationPDF" name="test_non_lead_roles_forbidden" time="0.671" /><testcase classname="tests.test_issues_7_to_19.TestIssue17CSVExport" name="test_default_excludes_money" time="0.144" /><testcase classname="tests.test_issues_7_to_19.TestIssue17CSVExport" name="test_include_money" time="0.154" /><testcase classname="tests.test_phase3_documents.TestRegistrationBlockedWhilePending" name="test_pending_ecp_absent_from_registration_ecps_list" time="1.035" /><testcase classname="tests.test_phase2_final.TestRBAC" name="test_non_owner_lead_patch_403" time="0.960" /><testcase classname="tests.test_phase2_final.TestRBAC" name="test_non_owner_lead_commercial_change_403" time="0.467" /><testcase classname="tests.test_phase3_documents.TestRegistrationBlockedWhilePending" name="test_registration_get_docs_403_while_pending" time="0.368" /><testcase classname="tests.test_phase3_documents.TestRegistrationBlockedWhilePending" name="test_no_reg1_tasks_while_pending" time="0.509" /><testcase classname="tests.test_phase2_final.TestRBAC" name="test_non_owner_roles_denied_approve_reject_pending" time="71.830" /><testcase classname="tests.test_phase3_documents.TestFileValidation" name="test_txt_rejected" time="0.393" /><testcase classname="tests.test_phase3_documents.TestFileValidation" name="test_octet_stream_rejected" time="0.377" /><testcase classname="tests.test_phase3_documents.TestFileValidation" name="test_oversized_rejected" time="0.984" /><testcase classname="tests.test_phase3_documents.TestDashboardCounters" name="test_registration_awaiting_documents_counter" time="68.985" /><testcase classname="tests.test_phase3_documents.TestDashboardCounters" name="test_owner_pending_documents_counter" time="0.751" /><testcase classname="tests.test_phase3_documents.TestDashboardCounters" name="test_lead_awaiting_documents_counter" time="2.460" /><testcase classname="tests.test_phase3_documents.TestBankAlternatives" name="test_any_bank_completes_no_financing[BANK_PASSBOOK]" time="35.382" /><testcase classname="tests.backend_test.TestLeadRBAC" name="test_non_lead_forbidden" time="0.837" /><testcase classname="tests.backend_test.TestLeadRBAC" name="test_lead_creates_pending" time="0.116" /><testcase classname="tests.backend_test.TestECPFlow" name="test_reg1_financing_tasks_block_and_autoadvance" time="35.983" /><testcase classname="tests.test_phase3_documents.TestBankAlternatives" name="test_any_bank_completes_no_financing[BANK_STATEMENT]" time="1.865" /><testcase classname="tests.test_phase3_documents.TestBankAlternatives" name="test_any_bank_completes_no_financing[CANCELLED_CHEQUE]" time="1.215" /><testcase classname="tests.backend_test.TestECPFlow" name="test_full_pipeline_no_financing" time="11.637" /><testcase classname="tests.test_audit_spec.TestOwnerCannotDecideLeadAction" name="test_owner_forbidden_on_all_five_actions" time="4.179" /><testcase classname="tests.test_audit_spec.TestOwnerCannotDecideLeadAction" name="test_manager_also_forbidden" time="0.233" /><testcase classname="tests.test_audit_spec.TestOwnerOnlyEndpoints" name="test_users_owner_only" time="1.544" /><testcase classname="tests.test_audit_spec.TestOwnerOnlyEndpoints" name="test_sla_put_owner_only" time="1.113" /><testcase classname="tests.test_issues_1_to_6.TestIssue6TeamListing" name="test_owner_manager_get_installation_team" time="3.115" /><testcase classname="tests.test_issues_1_to_6.TestIssue6TeamListing" name="test_others_forbidden" time="0.674" /><testcase classname="tests.test_issues_1_to_6.TestIssue1RegistrationFilter" name="test_registration_stage_filter" time="9.499" /><testcase classname="tests.test_audit_spec.TestAuthHardening" name="test_protected_endpoints_401_without_token" time="1.292" /><testcase classname="tests.test_audit_spec.TestAuthHardening" name="test_login_invalid_401" time="0.330" /><testcase classname="tests.test_issues_1_to_6.TestIssue2BProjectPrice" name="test_lead_can_set_price_on_create_and_via_endpoint" time="3.821" /><testcase classname="tests.test_issues_1_to_6.TestIssue2BProjectPrice" name="test_price_propagates_on_yes_and_via_endpoint" time="0.764" /><testcase classname="tests.test_issues_1_to_6.TestIssue2AccountsDashboard" name="test_receivable_math_known_project" time="3.088" /><testcase classname="tests.test_issues_1_to_6.TestIssue1RegistrationFilter" name="test_registration_cannot_query_dispatch_scope" time="2.449" /><testcase classname="tests.test_issues_1_to_6.TestIssue2AccountsDashboard" name="test_accounts_dashboard_has_all_four_fields" time="0.697" /><testcase classname="tests.test_issues_1_to_6.TestIssue3PaymentsMonitor" name="test_row_per_project_with_fields" time="0.175" /><testcase classname="tests.test_issues_1_to_6.TestIssue4DispatchViews" name="test_view_reduces_set" time="43.298" /><testcase classname="tests.test_issues_1_to_6.TestIssue3PaymentsMonitor" name="test_additional_type_preserved" time="2.406" /><testcase classname="tests.test_issues_7_to_19.TestIssue9ECPStageFilterLead" name="test_lead_can_filter_ecps_by_stage" time="4.425" /><testcase classname="tests.test_issues_7_to_19.TestIssue9ECPStageFilterLead" name="test_lead_can_filter_closed_view" time="0.797" /><testcase classname="tests.test_issues_7_to_19.TestIssue18ManagerTilesAndFilters" name="test_manager_dashboard_tiles" time="32.710" /><testcase classname="tests.test_issues_7_to_19.TestIssue18ManagerTilesAndFilters" name="test_manager_sees_awaiting_assignment_view" time="0.746" /><testcase classname="tests.test_issues_1_to_6.TestIssue4DispatchViews" name="test_past_dispatch_view" time="0.964" /><testcase classname="tests.test_phase2.TestProjectPriceGating" name="test_pre_handoff_owner_can_set" time="2.887" /><testcase classname="tests.test_phase2.TestProjectPriceGating" name="test_post_handoff_gated" time="0.398" /><testcase classname="tests.test_phase2.TestLeadEdit" name="test_owner_can_patch_non_commercial" time="0.952" /><testcase classname="tests.test_phase2.TestLeadEdit" name="test_non_owner_lead_forbidden" time="1.677" /><testcase classname="tests.test_issues_7_to_19.TestIssue12PaymentsDrill" name="test_monitor_project_wise_and_dashboard_match" time="4.965" /><testcase classname="tests.test_issues_7_to_19.TestIssue12PaymentsDrill" name="test_pending_payments_do_not_reduce_receivable" time="0.711" /><testcase classname="tests.test_phase2_final.TestCommercialBlocked" name="test_patch_ignores_commercial_fields" time="3.273" /><testcase classname="tests.test_phase2_final.TestPostHandoffEditPropagation" name="test_patch_email_address_location_persists_on_lead" time="0.794" /><testcase classname="tests.test_phase2_final.TestCommercialBlocked" name="test_direct_project_price_400_post_handoff" time="0.614" /><testcase classname="tests.test_phase2_final.TestPostHandoffEditPropagation" name="test_patch_propagates_to_ecp" time="0.772" /><testcase classname="tests.test_phase2_final.TestCommercialApproveEcpSync" name="test_approve_syncs_ecp_item_qty_price" time="1.029" /><testcase classname="tests.test_phase3_documents.TestYesCreatesPendingDocsEcp" name="test_yes_creates_pending_docs_ecp" time="0.498" /><testcase classname="tests.test_phase2_final.TestCommercialApproveEcpSync" name="test_reject_no_remarks_400_then_with_remarks_unchanged" time="1.378" /><testcase classname="tests.test_phase3_documents.TestYesCreatesPendingDocsEcp" name="test_second_yes_returns_400" time="0.428" /><testcase classname="tests.test_phase3_documents.TestOwnershipRbac" name="test_other_lead_upload_list_download_release_403" time="1.716" /><testcase classname="tests.test_phase3_documents.TestFinanceRequirement" name="test_finance_yes_needs_finance_doc" time="33.081" /><testcase classname="tests.test_phase3_documents.TestOwnershipRbac" name="test_reassign_swaps_access" time="32.150" /><testcase classname="tests.test_phase3_documents.TestFinancingFlipWhilePending" name="test_flip_no_to_yes_blocks_release" time="2.558" /><testcase classname="tests.test_phase3_documents.TestFinanceRequirement" name="test_tax_receipt_also_satisfies_finance" time="1.857" /><testcase classname="tests.backend_test.TestFinancingToggle" name="test_toggle_no_regress" time="2.750" /><testcase classname="tests.test_phase3_documents.TestFinancingFlipWhilePending" name="test_flip_yes_to_no_allows_release" time="2.061" /><testcase classname="tests.backend_test.TestClosure" name="test_only_owner_manager_close" time="2.469" /><testcase classname="tests.backend_test.TestSLA" name="test_sla_owner_only" time="0.699" /><testcase classname="tests.backend_test.TestDashboard" name="test_each_role_dashboard" time="7.712" /><testcase classname="tests.test_audit_spec.TestDispatchContinuity" name="test_first_payment_revert_pending_does_not_stop_dispatch" time="6.788" /><testcase classname="tests.test_audit_spec.TestFinancingRBAC" name="test_only_lead_manager_owner_can_toggle" time="3.924" /><testcase classname="tests.test_audit_spec.TestTaskRBAC" name="test_registration_cannot_complete_accounts_task" time="6.287" /><testcase classname="tests.test_audit_spec.TestSiteVisitAssigneeOnly" name="test_installation_cannot_complete_others_visit" time="1.297"><failure message="assert 422 == 403&#10; +  where 422 = &lt;Response [422]&gt;.status_code">E   assert 422 == 403
     +  where 422 = &lt;Response [422]&gt;.status_code</failure></testcase><testcase classname="tests.test_audit_spec.TestEscalationsAccess" name="test_manager_cannot_list_or_return" time="1.098" /><testcase classname="tests.test_issues_7_to_19.TestIssue14AccountsLeadCreator" name="test_monitor_includes_lead_creator_name" time="4.096" /><testcase classname="tests.test_issues_7_to_19.TestIssue10ActionRequired" name="test_pending_filter_returns_action_required" time="0.417" /><testcase classname="tests.test_issues_7_to_19.TestIssue11FollowupToday" name="test_only_today_followup_date_shown" time="3.575" /><testcase classname="tests.test_phase2_final.TestWorkflowSafe" name="test_patch_cannot_change_status_or_stage_or_team" time="0.374" /><testcase classname="tests.test_phase3_documents.TestFinancingLoanTasks" name="test_reg1_has_6_tasks_when_financing" time="2.168" /><testcase classname="tests.test_phase2_final.TestEcpAtCreation" name="test_new_ecp_carries_item_and_contact" time="0.985" /><testcase classname="tests.test_phase3_documents.TestFinanceNoReleases" name="test_no_finance_auto_release_creates_reg1_tasks" time="2.427" /><testcase classname="tests.test_phase3_documents.TestManualRelease400" name="test_release_400_when_incomplete" time="0.850" /><testcase classname="tests.test_phase3_documents.TestUnauthorizedRoles" name="test_accounts_dispatch_installation_403" time="1.232" /><testcase classname="tests.test_phase3_documents.TestReuploadHistory" name="test_replace_moves_old_to_history" time="0.864" /><testcase classname="tests.test_phase3_documents.TestGrandfathering" name="test_reg1_ecp_still_visible_to_registration" time="32.977" /><testcase classname="tests.test_phase3_documents.TestDownload" name="test_download_returns_png" time="31.869" /></testsuite></testsuites>