<?xml version="1.0" encoding="utf-8"?><testsuites name="pytest tests"><testsuite name="pytest" errors="0" failures="0" skipped="0" tests="6" time="21.826" timestamp="2026-09-14T05:44:41.688935+00:00" hostname="agent-env-8a7ebc18-816b-459b-a3f8-95d554a8f5dc"><testcase classname="tests.test_dispatch_challan_gate.TestDispatchChallanGate" name="test_1_start_dispatch_without_first_payment" time="6.348" /><testcase classname="tests.test_dispatch_challan_gate.TestDispatchChallanGate" name="test_2_start_dispatch_with_first_payment" time="2.437" /><testcase classname="tests.test_dispatch_challan_gate.TestDispatchChallanGate" name="test_3_delivery_challan_task_no_challan" time="2.730" /><testcase classname="tests.test_dispatch_challan_gate.TestDispatchChallanGate" name="test_4_delivery_challan_task_draft_only" time="3.134" /><testcase classname="tests.test_dispatch_challan_gate.TestDispatchChallanGate" name="test_5_full_sequence_and_auto_advance" time="4.011" /><testcase classname="tests.test_dispatch_challan_gate.TestDispatchChallanGate" name="test_6_rbac_challan_and_task_completion" time="3.096" /></testsuite></testsuites>