<?xml version="1.0" encoding="utf-8"?><testsuites name="pytest tests"><testsuite name="pytest" errors="0" failures="0" skipped="1" tests="27" time="33.978" timestamp="2026-09-14T05:08:53.780312+00:00" hostname="agent-env-8a7ebc18-816b-459b-a3f8-95d554a8f5dc"><testcase classname="tests.test_lead_dashboard_scope" name="test_lead_dashboard_contract" time="4.750" /><testcase classname="tests.test_lead_dashboard_scope" name="test_lead_dashboard_isolated_from_foreign" time="0.839" /><testcase classname="tests.test_lead_dashboard_scope" name="test_owner_dashboard_counts_foreign" time="0.827" /><testcase classname="tests.test_lead_dashboard_scope" name="test_lead_dashboard_own_records_count" time="0.993" /><testcase classname="tests.test_ecp_detail_scope" name="test_list_detail_parity[OWNER]" time="4.741" /><testcase classname="tests.test_ecp_detail_scope" name="test_list_detail_parity[MANAGER]" time="1.718" /><testcase classname="tests.test_ecp_detail_scope" name="test_list_detail_parity[LEAD]" time="1.541" /><testcase classname="tests.test_ecp_detail_scope" name="test_list_detail_parity[ACCOUNTS]" time="1.571" /><testcase classname="tests.test_ecp_detail_scope" name="test_list_detail_parity[REGISTRATION]" time="0.893" /><testcase classname="tests.test_ecp_detail_scope" name="test_list_detail_parity[DISPATCH]" time="0.877" /><testcase classname="tests.test_ecp_detail_scope" name="test_list_detail_parity[INSTALLATION_MANAGER]" time="0.837" /><testcase classname="tests.test_ecp_detail_scope" name="test_list_detail_parity[INSTALLATION_MEMBER]" time="0.369" /><testcase classname="tests.test_ecp_detail_scope" name="test_complaint_gets_404_for_any_ecp" time="1.170" /><testcase classname="tests.test_ecp_detail_scope" name="test_dispatch_only_dispatch_stage" time="0.233" /><testcase classname="tests.test_ecp_detail_scope" name="test_registration_scope" time="0.247" /><testcase classname="tests.test_ecp_detail_scope" name="test_installation_member_scope" time="0.120" /><testcase classname="tests.test_ecp_detail_scope" name="test_nonexistent_ecp_404" time="0.115" /><testcase classname="tests.test_ecp_lead_list_scope" name="test_lead_list_only_own_or_null" time="2.403" /><testcase classname="tests.test_ecp_lead_list_scope" name="test_lead_list_is_subset_of_owner_list" time="0.915" /><testcase classname="tests.test_ecp_lead_list_scope" name="test_lead_list_detail_parity" time="1.248" /><testcase classname="tests.test_ecp_lead_list_scope" name="test_lead_detail_404_for_other_owner_ecp" time="0.000"><skipped type="pytest.skip" message="No ECP owned by a different lead_owner available to test IDOR">/app/backend/tests/test_ecp_lead_list_scope.py:105: No ECP owned by a different lead_owner available to test IDOR</skipped></testcase><testcase classname="tests.test_ecp_lead_list_scope" name="test_lead_cannot_see_foreign_owned_ecp_in_list" time="0.905" /><testcase classname="tests.test_ecp_lead_list_scope" name="test_lead_cannot_get_foreign_owned_ecp_detail" time="0.130" /><testcase classname="tests.test_ecp_lead_list_scope" name="test_owner_can_see_foreign_owned_ecp" time="0.913" /><testcase classname="tests.test_ecp_lead_list_scope" name="test_privileged_roles_see_all[OWNER]" time="1.833" /><testcase classname="tests.test_ecp_lead_list_scope" name="test_privileged_roles_see_all[MANAGER]" time="1.844" /><testcase classname="tests.test_ecp_lead_list_scope" name="test_privileged_roles_see_all[ACCOUNTS]" time="1.882" /></testsuite></testsuites>