<?xml version="1.0" encoding="utf-8"?><testsuites name="pytest tests"><testsuite name="pytest" errors="0" failures="0" skipped="1" tests="23" time="45.860" timestamp="2026-09-14T04:49:47.750351+00:00" hostname="agent-env-8a7ebc18-816b-459b-a3f8-95d554a8f5dc"><testcase classname="tests.test_ecp_detail_scope" name="test_list_detail_parity[OWNER]" time="7.491" /><testcase classname="tests.test_ecp_lead_list_scope" name="test_lead_list_only_own_or_null" time="6.113" /><testcase classname="tests.test_ecp_lead_list_scope" name="test_lead_list_is_subset_of_owner_list" time="0.968" /><testcase classname="tests.test_ecp_lead_list_scope" name="test_lead_list_detail_parity" time="1.323" /><testcase classname="tests.test_ecp_detail_scope" name="test_list_detail_parity[MANAGER]" time="1.460" /><testcase classname="tests.test_ecp_lead_list_scope" name="test_lead_detail_404_for_other_owner_ecp" time="0.000"><skipped type="pytest.skip" message="No ECP owned by a different lead_owner available to test IDOR">/app/backend/tests/test_ecp_lead_list_scope.py:105: No ECP owned by a different lead_owner available to test IDOR</skipped></testcase><testcase classname="tests.test_ecp_lead_list_scope" name="test_lead_cannot_see_foreign_owned_ecp_in_list" time="0.814" /><testcase classname="tests.test_ecp_detail_scope" name="test_list_detail_parity[LEAD]" time="1.683" /><testcase classname="tests.test_ecp_lead_list_scope" name="test_lead_cannot_get_foreign_owned_ecp_detail" time="0.116" /><testcase classname="tests.test_ecp_lead_list_scope" name="test_owner_can_see_foreign_owned_ecp" time="0.925" /><testcase classname="tests.test_ecp_lead_list_scope" name="test_privileged_roles_see_all[OWNER]" time="1.687" /><testcase classname="tests.test_ecp_detail_scope" name="test_list_detail_parity[ACCOUNTS]" time="1.646" /><testcase classname="tests.test_ecp_lead_list_scope" name="test_privileged_roles_see_all[MANAGER]" time="31.671" /><testcase classname="tests.test_ecp_detail_scope" name="test_list_detail_parity[REGISTRATION]" time="16.059" /><testcase classname="tests.test_ecp_detail_scope" name="test_list_detail_parity[DISPATCH]" time="0.790" /><testcase classname="tests.test_ecp_detail_scope" name="test_list_detail_parity[INSTALLATION_MANAGER]" time="0.797" /><testcase classname="tests.test_ecp_detail_scope" name="test_list_detail_parity[INSTALLATION_MEMBER]" time="0.419" /><testcase classname="tests.test_ecp_detail_scope" name="test_complaint_gets_404_for_any_ecp" time="1.000" /><testcase classname="tests.test_ecp_detail_scope" name="test_dispatch_only_dispatch_stage" time="0.244" /><testcase classname="tests.test_ecp_detail_scope" name="test_registration_scope" time="0.266" /><testcase classname="tests.test_ecp_detail_scope" name="test_installation_member_scope" time="0.116" /><testcase classname="tests.test_ecp_detail_scope" name="test_nonexistent_ecp_404" time="0.123" /><testcase classname="tests.test_ecp_lead_list_scope" name="test_privileged_roles_see_all[ACCOUNTS]" time="1.678" /></testsuite></testsuites>