<?xml version="1.0" encoding="utf-8"?><testsuites name="pytest tests"><testsuite name="pytest" errors="0" failures="0" skipped="1" tests="33" time="34.839" timestamp="2026-09-14T05:45:07.926865+00:00" hostname="agent-env-8a7ebc18-816b-459b-a3f8-95d554a8f5dc"><testcase classname="tests.test_ecp_detail_scope" name="test_list_detail_parity[OWNER]" time="6.929" /><testcase classname="tests.test_ecp_detail_scope" name="test_list_detail_parity[MANAGER]" time="1.531" /><testcase classname="tests.test_ecp_detail_scope" name="test_list_detail_parity[LEAD]" time="1.530" /><testcase classname="tests.test_ecp_detail_scope" name="test_list_detail_parity[ACCOUNTS]" time="1.475" /><testcase classname="tests.test_ecp_detail_scope" name="test_list_detail_parity[REGISTRATION]" time="0.918" /><testcase classname="tests.test_ecp_detail_scope" name="test_list_detail_parity[DISPATCH]" time="0.878" /><testcase classname="tests.test_ecp_detail_scope" name="test_list_detail_parity[INSTALLATION_MANAGER]" time="0.787" /><testcase classname="tests.test_ecp_detail_scope" name="test_list_detail_parity[INSTALLATION_MEMBER]" time="0.405" /><testcase classname="tests.test_ecp_detail_scope" name="test_complaint_gets_404_for_any_ecp" time="1.180" /><testcase classname="tests.test_ecp_detail_scope" name="test_dispatch_only_dispatch_stage" time="0.273" /><testcase classname="tests.test_ecp_detail_scope" name="test_registration_scope" time="0.231" /><testcase classname="tests.test_ecp_detail_scope" name="test_installation_member_scope" time="0.113" /><testcase classname="tests.test_ecp_detail_scope" name="test_nonexistent_ecp_404" time="0.133" /><testcase classname="tests.test_ecp_lead_list_scope" name="test_lead_list_only_own_or_null" time="2.242" /><testcase classname="tests.test_ecp_lead_list_scope" name="test_lead_list_is_subset_of_owner_list" time="0.866" /><testcase classname="tests.test_ecp_lead_list_scope" name="test_lead_list_detail_parity" time="1.232" /><testcase classname="tests.test_ecp_lead_list_scope" name="test_lead_detail_404_for_other_owner_ecp" time="0.000"><skipped type="pytest.skip" message="No ECP owned by a different lead_owner available to test IDOR">/app/backend/tests/test_ecp_lead_list_scope.py:105: No ECP owned by a different lead_owner available to test IDOR</skipped></testcase><testcase classname="tests.test_ecp_lead_list_scope" name="test_lead_cannot_see_foreign_owned_ecp_in_list" time="0.892" /><testcase classname="tests.test_ecp_lead_list_scope" name="test_lead_cannot_get_foreign_owned_ecp_detail" time="0.117" /><testcase classname="tests.test_ecp_lead_list_scope" name="test_owner_can_see_foreign_owned_ecp" time="0.880" /><testcase classname="tests.test_ecp_lead_list_scope" name="test_privileged_roles_see_all[OWNER]" time="1.912" /><testcase classname="tests.test_ecp_lead_list_scope" name="test_privileged_roles_see_all[MANAGER]" time="1.811" /><testcase classname="tests.test_ecp_lead_list_scope" name="test_privileged_roles_see_all[ACCOUNTS]" time="1.813" /><testcase classname="tests.test_lead_dashboard_scope" name="test_lead_dashboard_contract" time="2.369" /><testcase classname="tests.test_lead_dashboard_scope" name="test_lead_dashboard_isolated_from_foreign" time="0.805" /><testcase classname="tests.test_lead_dashboard_scope" name="test_owner_dashboard_counts_foreign" time="0.788" /><testcase classname="tests.test_lead_dashboard_scope" name="test_lead_dashboard_own_records_count" time="0.722" /><testcase classname="tests.test_ecp_financing_scope" name="test_lead_forbidden_on_foreign_ecp" time="1.245" /><testcase classname="tests.test_ecp_financing_scope" name="test_lead_allowed_on_own_ecp" time="0.150" /><testcase classname="tests.test_ecp_financing_scope" name="test_lead_allowed_on_unassigned_ecp" time="0.139" /><testcase classname="tests.test_ecp_financing_scope" name="test_manager_allowed_on_foreign_ecp" time="0.126" /><testcase classname="tests.test_ecp_financing_scope" name="test_owner_allowed_on_foreign_ecp" time="0.128" /><testcase classname="tests.test_ecp_financing_scope" name="test_nonexistent_ecp_404" time="0.141" /></testsuite></testsuites>