<?xml version="1.0" encoding="utf-8"?><testsuites name="pytest tests"><testsuite name="pytest" errors="0" failures="0" skipped="0" tests="8" time="9.216" timestamp="2026-09-12T13:52:17.756326+00:00" hostname="agent-env-d4458330-6800-44e8-83f6-67c8f176fa67"><testcase classname="tests.test_iteration8_scope" name="test_owner_can_create_new_role_user[INSTALLATION_MANAGER]" time="3.352" /><testcase classname="tests.test_iteration8_scope" name="test_owner_can_create_new_role_user[INSTALLATION_MEMBER]" time="0.672" /><testcase classname="tests.test_iteration8_scope" name="test_owner_can_create_new_role_user[COMPLAINT]" time="0.684" /><testcase classname="tests.test_iteration8_scope" name="test_lead_cannot_create_user" time="0.517" /><testcase classname="tests.test_iteration8_scope" name="test_dashboard_keys[instmgr-InstMgr@123-INSTALLATION_MANAGER]" time="0.967" /><testcase classname="tests.test_iteration8_scope" name="test_dashboard_keys[instmem-InstMem@123-INSTALLATION_MEMBER]" time="0.909" /><testcase classname="tests.test_iteration8_scope" name="test_dashboard_keys[complaint-Comp@123-COMPLAINT]" time="1.113" /><testcase classname="tests.test_iteration8_scope" name="test_complaint_end_to_end" time="0.946" /></testsuite></testsuites>