<?xml version="1.0" encoding="utf-8"?><testsuites name="pytest tests"><testsuite name="pytest" errors="0" failures="0" skipped="0" tests="6" time="25.592" timestamp="2026-09-14T06:19:51.195926+00:00" hostname="agent-env-8a7ebc18-816b-459b-a3f8-95d554a8f5dc"><testcase classname="tests.test_payment_edit_scope" name="test_accounts_can_update_payment_and_stage_unchanged" time="12.929" /><testcase classname="tests.test_payment_edit_scope" name="test_owner_cannot_update_payment" time="1.136" /><testcase classname="tests.test_payment_edit_scope" name="test_manager_cannot_update_payment" time="7.389" /><testcase classname="tests.test_payment_edit_scope" name="test_future_date_rejected" time="1.370" /><testcase classname="tests.test_payment_edit_scope" name="test_invalid_status_rejected" time="1.306" /><testcase classname="tests.test_payment_edit_scope" name="test_payment_creation_still_works" time="1.028" /></testsuite></testsuites>