<?xml version="1.0" encoding="utf-8"?><testsuites name="pytest tests"><testsuite name="pytest" errors="0" failures="0" skipped="0" tests="13" time="31.931" timestamp="2026-09-14T04:41:50.363241+00:00" hostname="agent-env-8a7ebc18-816b-459b-a3f8-95d554a8f5dc"><testcase classname="tests.test_ecp_detail_scope" name="test_list_detail_parity[OWNER]" time="22.385" /><testcase classname="tests.test_ecp_detail_scope" name="test_list_detail_parity[MANAGER]" time="1.637" /><testcase classname="tests.test_ecp_detail_scope" name="test_list_detail_parity[LEAD]" time="1.412" /><testcase classname="tests.test_ecp_detail_scope" name="test_list_detail_parity[ACCOUNTS]" time="1.382" /><testcase classname="tests.test_ecp_detail_scope" name="test_list_detail_parity[REGISTRATION]" time="0.915" /><testcase classname="tests.test_ecp_detail_scope" name="test_list_detail_parity[DISPATCH]" time="0.744" /><testcase classname="tests.test_ecp_detail_scope" name="test_list_detail_parity[INSTALLATION_MANAGER]" time="0.844" /><testcase classname="tests.test_ecp_detail_scope" name="test_list_detail_parity[INSTALLATION_MEMBER]" time="0.402" /><testcase classname="tests.test_ecp_detail_scope" name="test_complaint_gets_404_for_any_ecp" time="0.963" /><testcase classname="tests.test_ecp_detail_scope" name="test_dispatch_only_dispatch_stage" time="0.256" /><testcase classname="tests.test_ecp_detail_scope" name="test_registration_scope" time="0.249" /><testcase classname="tests.test_ecp_detail_scope" name="test_installation_member_scope" time="0.117" /><testcase classname="tests.test_ecp_detail_scope" name="test_nonexistent_ecp_404" time="0.136" /></testsuite></testsuites>