<?xml version="1.0" encoding="utf-8"?><testsuites name="pytest tests"><testsuite name="pytest" errors="0" failures="0" skipped="0" tests="10" time="11.794" timestamp="2026-09-14T06:42:42.739688+00:00" hostname="agent-env-8a7ebc18-816b-459b-a3f8-95d554a8f5dc"><testcase classname="tests.test_followup_ist.TestFollowupISTValidation" name="test_today_ist_accepted" time="3.087" /><testcase classname="tests.test_followup_ist.TestDashboardFollowupsTodayIST" name="test_today_ist_counted" time="4.207" /><testcase classname="tests.test_followup_ist.TestFollowupISTValidation" name="test_yesterday_ist_rejected" time="0.389" /><testcase classname="tests.test_followup_ist.TestFollowupISTValidation" name="test_future_accepted" time="0.265" /><testcase classname="tests.test_followup_ist.TestFollowupISTValidation" name="test_requires_date_and_remarks" time="0.394" /><testcase classname="tests.test_followup_ist.TestFollowupPersistsRemarks" name="test_remarks_and_date_stored" time="0.270" /><testcase classname="tests.test_followup_ist.TestDashboardFollowupsTodayIST" name="test_consistency_with_leads_filter" time="2.358" /><testcase classname="tests.test_followup_ist.TestDashboardFollowupsTodayIST" name="test_boundary_ist_vs_utc" time="4.220" /><testcase classname="tests.backend_test.TestLeadActions" name="test_followup_past_rejected_future_ok" time="3.855" /><testcase classname="tests.test_issues_7_to_19.TestIssue11FollowupToday" name="test_only_today_followup_date_shown" time="3.038" /></testsuite></testsuites>