<?xml version="1.0" encoding="utf-8"?><testsuites name="pytest tests"><testsuite name="pytest" errors="0" failures="0" skipped="0" tests="6" time="16.224" timestamp="2026-09-12T14:08:27.988223+00:00" hostname="agent-env-d4458330-6800-44e8-83f6-67c8f176fa67"><testcase classname="tests.test_sitevisit_scope_iter9" name="test_team_endpoint_installation_manager_allowed" time="2.883" /><testcase classname="tests.test_sitevisit_scope_iter9" name="test_team_endpoint_dispatch_forbidden" time="0.493" /><testcase classname="tests.test_sitevisit_scope_iter9" name="test_assign_by_installation_manager" time="2.067" /><testcase classname="tests.test_sitevisit_scope_iter9" name="test_assign_by_plain_manager_forbidden" time="2.560" /><testcase classname="tests.test_sitevisit_scope_iter9" name="test_photo_upload_limits_and_rbac" time="3.835" /><testcase classname="tests.test_sitevisit_scope_iter9" name="test_survey_validation_and_completion" time="4.335" /></testsuite></testsuites>