<?xml version="1.0" encoding="utf-8"?><testsuites name="pytest tests"><testsuite name="pytest" errors="0" failures="0" skipped="1" tests="27" time="38.681" timestamp="2026-09-14T05:19:07.948042+00:00" hostname="agent-env-8a7ebc18-816b-459b-a3f8-95d554a8f5dc"><testcase classname="tests.test_ecp_detail_scope" name="test_list_detail_parity[OWNER]" time="7.195" /><testcase classname="tests.test_ecp_detail_scope" name="test_list_detail_parity[MANAGER]" time="1.794" /><testcase classname="tests.test_ecp_detail_scope" name="test_list_detail_parity[LEAD]" time="1.693" /><testcase classname="tests.test_ecp_detail_scope" name="test_list_detail_parity[ACCOUNTS]" time="1.875" /><testcase classname="tests.test_ecp_detail_scope" name="test_list_detail_parity[REGISTRATION]" time="1.169" /><testcase classname="tests.test_ecp_detail_scope" name="test_list_detail_parity[DISPATCH]" time="0.917" /><testcase classname="tests.test_ecp_detail_scope" name="test_list_detail_parity[INSTALLATION_MANAGER]" time="0.890" /><testcase classname="tests.test_ecp_detail_scope" name="test_list_detail_parity[INSTALLATION_MEMBER]" time="0.366" /><testcase classname="tests.test_ecp_detail_scope" name="test_complaint_gets_404_for_any_ecp" time="1.356" /><testcase classname="tests.test_ecp_detail_scope" name="test_dispatch_only_dispatch_stage" time="0.262" /><testcase classname="tests.test_ecp_detail_scope" name="test_registration_scope" time="0.263" /><testcase classname="tests.test_ecp_detail_scope" name="test_installation_member_scope" time="0.127" /><testcase classname="tests.test_ecp_detail_scope" name="test_nonexistent_ecp_404" time="0.142" /><testcase classname="tests.test_ecp_lead_list_scope" name="test_lead_list_only_own_or_null" time="2.913" /><testcase classname="tests.test_ecp_lead_list_scope" name="test_lead_list_is_subset_of_owner_list" time="1.169" /><testcase classname="tests.test_ecp_lead_list_scope" name="test_lead_list_detail_parity" time="1.278" /><testcase classname="tests.test_ecp_lead_list_scope" name="test_lead_detail_404_for_other_owner_ecp" time="0.000"><skipped type="pytest.skip" message="No ECP owned by a different lead_owner available to test IDOR">/app/backend/tests/test_ecp_lead_list_scope.py:105: No ECP owned by a different lead_owner available to test IDOR</skipped></testcase><testcase classname="tests.test_ecp_lead_list_scope" name="test_lead_cannot_see_foreign_owned_ecp_in_list" time="1.131" /><testcase classname="tests.test_ecp_lead_list_scope" name="test_lead_cannot_get_foreign_owned_ecp_detail" time="0.201" /><testcase classname="tests.test_ecp_lead_list_scope" name="test_owner_can_see_foreign_owned_ecp" time="1.122" /><testcase classname="tests.test_ecp_lead_list_scope" name="test_privileged_roles_see_all[OWNER]" time="2.221" /><testcase classname="tests.test_ecp_lead_list_scope" name="test_privileged_roles_see_all[MANAGER]" time="2.389" /><testcase classname="tests.test_ecp_lead_list_scope" name="test_privileged_roles_see_all[ACCOUNTS]" time="2.309" /><testcase classname="tests.test_lead_dashboard_scope" name="test_lead_dashboard_contract" time="2.821" /><testcase classname="tests.test_lead_dashboard_scope" name="test_lead_dashboard_isolated_from_foreign" time="1.087" /><testcase classname="tests.test_lead_dashboard_scope" name="test_owner_dashboard_counts_foreign" time="0.911" /><testcase classname="tests.test_lead_dashboard_scope" name="test_lead_dashboard_own_records_count" time="1.005" /></testsuite></testsuites>