<?xml version="1.0" encoding="utf-8"?><testsuites name="pytest tests"><testsuite name="pytest" errors="0" failures="0" skipped="1" tests="8" time="10.559" timestamp="2026-09-15T08:04:09.449364+00:00" hostname="agent-env-35cfce5e-c369-4e59-a444-c6f4720d8982"><testcase classname="tests.test_net_metering_assign.TestNetMeteringHandoff" name="test_01_responsible_user_cleared_on_entering_nm" time="6.188" /><testcase classname="tests.test_net_metering_assign.TestNetMeteringHandoff" name="test_02_registration_cannot_complete_close_nm" time="0.243" /><testcase classname="tests.test_net_metering_assign.TestNetMeteringHandoff" name="test_03_assign_before_prereq_returns_400" time="0.119"><skipped type="pytest.skip" message="Request Net Metering already completed on this ECP; can't test pre-prereq assign 400">/app/backend/tests/test_net_metering_assign.py:125: Request Net Metering already completed on this ECP; can't test pre-prereq assign 400</skipped></testcase><testcase classname="tests.test_net_metering_assign.TestNetMeteringHandoff" name="test_04_complete_four_registration_tasks_in_order" time="0.846" /><testcase classname="tests.test_net_metering_assign.TestNetMeteringHandoff" name="test_05_assign_close_nm_after_prereq_success" time="0.487" /><testcase classname="tests.test_net_metering_assign.TestNetMeteringHandoff" name="test_06_non_assigned_installer_cannot_complete_close_nm" time="0.513" /><testcase classname="tests.test_net_metering_assign.TestNetMeteringHandoff" name="test_07_assigned_installer_completes_close_nm_and_advances" time="0.713" /><testcase classname="tests.test_net_metering_assign.TestNetMeteringHandoff" name="test_08_regression_install_stage_assignment_still_works" time="1.391" /></testsuite></testsuites>