<?xml version="1.0" encoding="utf-8"?><testsuites name="pytest tests"><testsuite name="pytest" errors="0" failures="0" skipped="0" tests="6" time="4.430" timestamp="2026-09-14T05:18:59.572385+00:00" hostname="agent-env-8a7ebc18-816b-459b-a3f8-95d554a8f5dc"><testcase classname="tests.test_ecp_financing_scope" name="test_lead_forbidden_on_foreign_ecp" time="3.688" /><testcase classname="tests.test_ecp_financing_scope" name="test_lead_allowed_on_own_ecp" time="0.148" /><testcase classname="tests.test_ecp_financing_scope" name="test_lead_allowed_on_unassigned_ecp" time="0.138" /><testcase classname="tests.test_ecp_financing_scope" name="test_manager_allowed_on_foreign_ecp" time="0.135" /><testcase classname="tests.test_ecp_financing_scope" name="test_owner_allowed_on_foreign_ecp" time="0.135" /><testcase classname="tests.test_ecp_financing_scope" name="test_nonexistent_ecp_404" time="0.122" /></testsuite></testsuites>