<?xml version="1.0" encoding="utf-8"?><testsuites name="pytest tests"><testsuite name="pytest" errors="0" failures="0" skipped="0" tests="25" time="12.100" timestamp="2026-09-12T09:11:44.080910+00:00" hostname="agent-env-d4458330-6800-44e8-83f6-67c8f176fa67"><testcase classname="tests.test_phase2.TestLeadFieldConfig" name="test_owner_set_and_get" time="4.137" /><testcase classname="tests.test_phase2.TestItemMaster" name="test_owner_create_item" time="4.094" /><testcase classname="tests.test_phase2.TestItemMaster" name="test_duplicate_name_unit_409" time="0.255" /><testcase classname="tests.test_phase2.TestLeadFieldConfig" name="test_lead_missing_required_fields_400" time="0.284" /><testcase classname="tests.test_phase2.TestItemMaster" name="test_toggle_active" time="0.396" /><testcase classname="tests.test_phase2.TestLeadFieldConfig" name="test_lead_creation_after_reset" time="0.253" /><testcase classname="tests.test_phase2.TestLeadFieldConfig" name="test_non_owner_put_forbidden" time="0.114" /><testcase classname="tests.test_phase2.TestItemMaster" name="test_active_only_filter" time="0.823" /><testcase classname="tests.test_phase2.TestCommercialChange" name="test_propose_approve_updates_ecp" time="1.135" /><testcase classname="tests.test_phase2.TestItemMaster" name="test_export_csv" time="0.138" /><testcase classname="tests.test_phase2.TestItemMaster" name="test_import_csv" time="0.122" /><testcase classname="tests.test_phase2.TestItemMaster" name="test_non_owner_denied" time="0.365" /><testcase classname="tests.test_phase2.TestCommercialChange" name="test_reject_without_remarks_400" time="0.767" /><testcase classname="tests.test_phase2.TestLeadItemFields" name="test_lead_create_stores_item_snapshot" time="0.368" /><testcase classname="tests.test_phase2.TestLeadItemFields" name="test_inactive_item_400" time="0.439" /><testcase classname="tests.test_phase2.TestCommercialChange" name="test_rbac" time="2.605" /><testcase classname="tests.test_phase2.TestLeadItemFields" name="test_nonexistent_item_400" time="0.140" /><testcase classname="tests.test_phase2.TestQuotationPDF" name="test_owner_lead_manager_can_download" time="0.735" /><testcase classname="tests.test_phase2.TestQuotationPDF" name="test_non_owner_lead_forbidden" time="0.971" /><testcase classname="tests.test_phase2.TestQuotationPDF" name="test_non_lead_roles_forbidden" time="0.796" /><testcase classname="tests.test_phase2.TestCommercialChange" name="test_lead_not_owner_proposes_403" time="0.985" /><testcase classname="tests.test_phase2.TestLeadEdit" name="test_owner_can_patch_non_commercial" time="0.634" /><testcase classname="tests.test_phase2.TestProjectPriceGating" name="test_pre_handoff_owner_can_set" time="0.687" /><testcase classname="tests.test_phase2.TestLeadEdit" name="test_non_owner_lead_forbidden" time="1.023" /><testcase classname="tests.test_phase2.TestProjectPriceGating" name="test_post_handoff_gated" time="0.522" /></testsuite></testsuites>