<?xml version="1.0" encoding="utf-8"?><testsuites name="pytest tests"><testsuite name="pytest" errors="0" failures="1" skipped="0" tests="35" time="52.987" timestamp="2026-09-12T11:38:20.181109+00:00" hostname="agent-env-d4458330-6800-44e8-83f6-67c8f176fa67"><testcase classname="tests.test_phase3_documents.TestUploadEachDocType" name="test_upload_pan_returns_status" time="4.024" /><testcase classname="tests.test_phase3_documents.TestRegistrationBlockedWhilePending" name="test_pending_ecp_absent_from_registration_ecps_list" time="4.333" /><testcase classname="tests.test_phase3_documents.TestUploadEachDocType" name="test_upload_each_type[AADHAAR]" time="0.532" /><testcase classname="tests.test_phase3_documents.TestRegistrationBlockedWhilePending" name="test_registration_get_docs_403_while_pending" time="0.419" /><testcase classname="tests.test_phase3_documents.TestUploadEachDocType" name="test_upload_each_type[ELECTRICITY_BILL]" time="0.461" /><testcase classname="tests.test_phase3_documents.TestRegistrationBlockedWhilePending" name="test_no_reg1_tasks_while_pending" time="0.527" /><testcase classname="tests.test_phase3_documents.TestUploadEachDocType" name="test_upload_each_type[BANK_PASSBOOK]" time="0.472" /><testcase classname="tests.test_phase3_documents.TestBankAlternatives" name="test_any_bank_completes_no_financing[BANK_PASSBOOK]" time="1.564" /><testcase classname="tests.test_phase3_documents.TestUploadEachDocType" name="test_upload_each_type[BANK_STATEMENT]" time="0.846" /><testcase classname="tests.test_phase3_documents.TestUploadEachDocType" name="test_upload_each_type[CANCELLED_CHEQUE]" time="0.718" /><testcase classname="tests.test_phase3_documents.TestBankAlternatives" name="test_any_bank_completes_no_financing[BANK_STATEMENT]" time="1.516" /><testcase classname="tests.test_phase3_documents.TestUploadEachDocType" name="test_upload_each_type[PROPERTY_PAPER]" time="0.690" /><testcase classname="tests.test_phase3_documents.TestUploadEachDocType" name="test_upload_each_type[TAX_RECEIPT]" time="0.613" /><testcase classname="tests.test_phase3_documents.TestDashboardCounters" name="test_registration_awaiting_documents_counter" time="0.741" /><testcase classname="tests.test_phase3_documents.TestBankAlternatives" name="test_any_bank_completes_no_financing[CANCELLED_CHEQUE]" time="1.193" /><testcase classname="tests.test_phase3_documents.TestDashboardCounters" name="test_owner_pending_documents_counter" time="0.495" /><testcase classname="tests.test_phase3_documents.TestFileValidation" name="test_txt_rejected" time="0.343" /><testcase classname="tests.test_phase3_documents.TestDashboardCounters" name="test_lead_awaiting_documents_counter" time="0.577" /><testcase classname="tests.test_phase3_documents.TestFileValidation" name="test_octet_stream_rejected" time="0.453" /><testcase classname="tests.test_phase3_documents.TestYesCreatesPendingDocsEcp" name="test_yes_creates_pending_docs_ecp" time="0.489" /><testcase classname="tests.test_phase3_documents.TestFileValidation" name="test_oversized_rejected" time="1.026" /><testcase classname="tests.test_phase3_documents.TestYesCreatesPendingDocsEcp" name="test_second_yes_returns_400" time="0.351" /><testcase classname="tests.test_phase3_documents.TestFinanceRequirement" name="test_finance_yes_needs_finance_doc" time="2.009" /><testcase classname="tests.test_phase3_documents.TestOwnershipRbac" name="test_other_lead_upload_list_download_release_403" time="1.661" /><testcase classname="tests.test_phase3_documents.TestOwnershipRbac" name="test_reassign_swaps_access" time="1.189"><failure message="assert 403 == 200&#10; +  where 403 = &lt;Response [403]&gt;.status_code">tests/test_phase3_documents.py:287: in test_reassign_swaps_access
    assert r.status_code == 200
E   assert 403 == 200
E    +  where 403 = &lt;Response [403]&gt;.status_code</failure></testcase><testcase classname="tests.test_phase3_documents.TestFinanceRequirement" name="test_tax_receipt_also_satisfies_finance" time="1.571" /><testcase classname="tests.test_phase3_documents.TestFinancingFlipWhilePending" name="test_flip_no_to_yes_blocks_release" time="2.340" /><testcase classname="tests.test_phase3_documents.TestFinanceNoReleases" name="test_no_finance_auto_release_creates_reg1_tasks" time="1.952" /><testcase classname="tests.test_phase3_documents.TestFinancingFlipWhilePending" name="test_flip_yes_to_no_allows_release" time="32.933" /><testcase classname="tests.test_phase3_documents.TestFinancingLoanTasks" name="test_reg1_has_7_tasks_when_financing" time="32.608" /><testcase classname="tests.test_phase3_documents.TestManualRelease400" name="test_release_400_when_incomplete" time="0.745" /><testcase classname="tests.test_phase3_documents.TestUnauthorizedRoles" name="test_accounts_dispatch_installation_403" time="0.980" /><testcase classname="tests.test_phase3_documents.TestReuploadHistory" name="test_replace_moves_old_to_history" time="0.879" /><testcase classname="tests.test_phase3_documents.TestDownload" name="test_download_returns_png" time="0.696" /><testcase classname="tests.test_phase3_documents.TestGrandfathering" name="test_reg1_ecp_still_visible_to_registration" time="1.655" /></testsuite></testsuites>