<?xml version="1.0" encoding="utf-8"?><testsuites name="pytest tests"><testsuite name="pytest" errors="0" failures="1" skipped="0" tests="16" time="12.634" timestamp="2026-09-12T09:41:37.021479+00:00" hostname="agent-env-d4458330-6800-44e8-83f6-67c8f176fa67"><testcase classname="tests.test_phase2_final.TestRegression" name="test_all_role_logins" time="6.677" /><testcase classname="tests.test_phase2_final.TestRBAC" name="test_non_owner_lead_patch_403" time="5.736" /><testcase classname="tests.test_phase2_final.TestRBAC" name="test_non_owner_lead_commercial_change_403" time="1.115" /><testcase classname="tests.test_phase2_final.TestRegression" name="test_lead_yes_creates_one_ecp" time="0.641" /><testcase classname="tests.test_phase2_final.TestRBAC" name="test_non_owner_roles_denied_approve_reject_pending" time="2.894" /><testcase classname="tests.test_phase2_final.TestRegression" name="test_duplicate_active_phone_409" time="0.237" /><testcase classname="tests.test_phase2_final.TestRegression" name="test_reassign_manager_owner_ok_others_403" time="0.375"><failure message="AssertionError: {&quot;detail&quot;:[{&quot;type&quot;:&quot;missing&quot;,&quot;loc&quot;:[&quot;body&quot;,&quot;assigned_user&quot;],&quot;msg&quot;:&quot;Field required&quot;,&quot;input&quot;:{&quot;lead_owner_id&quot;:&quot;fc62a86a-0fef-40fe-8359-8a01a5196058&quot;},&quot;url&quot;:&quot;https://errors.pydantic.dev/2.13/v/missing&quot;}]}&#10;assert 422 in (200, 204)&#10; +  where 422 = &lt;Response [422]&gt;.status_code">backend/tests/test_phase2_final.py:303: in test_reassign_manager_owner_ok_others_403
    assert r.status_code in (200, 204), r.text
E   AssertionError: {"detail":[{"type":"missing","loc":["body","assigned_user"],"msg":"Field required","input":{"lead_owner_id":"fc62a86a-0fef-40fe-8359-8a01a5196058"},"url":"https://errors.pydantic.dev/2.13/v/missing"}]}
E   assert 422 in (200, 204)
E    +  where 422 = &lt;Response [422]&gt;.status_code</failure></testcase><testcase classname="tests.test_phase2_final.TestRegression" name="test_ecp_dashboard_and_payments_monitor_load" time="0.324" /><testcase classname="tests.test_phase2_final.TestCommercialBlocked" name="test_patch_ignores_commercial_fields" time="0.630" /><testcase classname="tests.test_phase2_final.TestCommercialBlocked" name="test_direct_project_price_400_post_handoff" time="0.481" /><testcase classname="tests.test_phase2_final.TestCommercialApproveEcpSync" name="test_approve_syncs_ecp_item_qty_price" time="1.115" /><testcase classname="tests.test_phase2_final.TestPostHandoffEditPropagation" name="test_patch_email_address_location_persists_on_lead" time="0.772" /><testcase classname="tests.test_phase2_final.TestCommercialApproveEcpSync" name="test_reject_no_remarks_400_then_with_remarks_unchanged" time="1.014" /><testcase classname="tests.test_phase2_final.TestPostHandoffEditPropagation" name="test_patch_propagates_to_ecp" time="0.823" /><testcase classname="tests.test_phase2_final.TestEcpAtCreation" name="test_new_ecp_carries_item_and_contact" time="0.721" /><testcase classname="tests.test_phase2_final.TestWorkflowSafe" name="test_patch_cannot_change_status_or_stage_or_team" time="0.487" /></testsuite></testsuites>