<?xml version="1.0" encoding="utf-8"?><testsuites name="pytest tests"><testsuite name="pytest" errors="0" failures="4" skipped="0" tests="48" time="144.220" timestamp="2026-09-06T10:58:16.738917+00:00" hostname="agent-env-d4458330-6800-44e8-83f6-67c8f176fa67"><testcase classname="tests.backend_test.TestLeadActions" name="test_yes_creates_ecp_reg1_and_second_yes_rejected" time="3.948" /><testcase classname="tests.test_issues_1_to_6.TestIssue5InstallHandoff" name="test_full_handoff_and_rbac" time="6.796" /><testcase classname="tests.backend_test.TestLeadActions" name="test_no_requires_reason_and_other_requires_remarks" time="0.489" /><testcase classname="tests.backend_test.TestLeadActions" name="test_followup_past_rejected_future_ok" time="0.396" /><testcase classname="tests.backend_test.TestLeadActions" name="test_site_visit_flow" time="1.529" /><testcase classname="tests.backend_test.TestLeadActions" name="test_escalation_and_owner_return" time="0.961" /><testcase classname="tests.test_issues_1_to_6.TestIssue5InstallHandoff" name="test_non_assignee_installer_403" time="2.442"><failure message="assert 422 == 200&#10; +  where 422 = &lt;Response [422]&gt;.status_code">tests/test_issues_1_to_6.py:268: in test_non_assignee_installer_403
    assert r.status_code == 200
E   assert 422 == 200
E    +  where 422 = &lt;Response [422]&gt;.status_code</failure></testcase><testcase classname="tests.backend_test.TestLeadActions" name="test_only_owner_reopen_lost" time="0.648" /><testcase classname="tests.backend_test.TestAuth" name="test_login_all_seeded" time="2.656" /><testcase classname="tests.test_issues_1_to_6.TestIssue5InstallHandoff" name="test_installer_only_sees_own_assigned_via_list" time="2.929"><failure message="assert 422 == 200&#10; +  where 422 = &lt;Response [422]&gt;.status_code">tests/test_issues_1_to_6.py:290: in test_installer_only_sees_own_assigned_via_list
    assert r.status_code == 200
E   assert 422 == 200
E    +  where 422 = &lt;Response [422]&gt;.status_code</failure></testcase><testcase classname="tests.backend_test.TestAuth" name="test_login_invalid" time="0.335" /><testcase classname="tests.backend_test.TestAuth" name="test_me" time="0.105" /><testcase classname="tests.backend_test.TestPayments" name="test_only_accounts_creates" time="1.058" /><testcase classname="tests.backend_test.TestPayments" name="test_additional_multiple_allowed" time="20.830" /><testcase classname="tests.test_issues_1_to_6.TestIssue5InstallHandoff" name="test_manager_dashboard_has_awaiting_count" time="70.397" /><testcase classname="tests.backend_test.TestPayments" name="test_monitor_rbac" time="0.822" /><testcase classname="tests.backend_test.TestLeadRBAC" name="test_non_lead_forbidden" time="0.567" /><testcase classname="tests.backend_test.TestLeadRBAC" name="test_lead_creates_pending" time="0.111" /><testcase classname="tests.test_audit_spec.TestAuthHardening" name="test_protected_endpoints_401_without_token" time="0.983" /><testcase classname="tests.test_audit_spec.TestAuthHardening" name="test_login_invalid_401" time="0.424" /><testcase classname="tests.test_audit_spec.TestOwnerCannotDecideLeadAction" name="test_owner_forbidden_on_all_five_actions" time="3.035" /><testcase classname="tests.test_audit_spec.TestOwnerCannotDecideLeadAction" name="test_manager_also_forbidden" time="0.284" /><testcase classname="tests.test_audit_spec.TestOwnerOnlyEndpoints" name="test_users_owner_only" time="0.229"><failure message="assert 422 == 403&#10; +  where 422 = &lt;Response [422]&gt;.status_code">tests/test_audit_spec.py:168: in test_users_owner_only
    assert r.status_code == 403
E   assert 422 == 403
E    +  where 422 = &lt;Response [422]&gt;.status_code</failure></testcase><testcase classname="tests.test_audit_spec.TestOwnerOnlyEndpoints" name="test_sla_put_owner_only" time="0.705" /><testcase classname="tests.test_issues_1_to_6.TestIssue6TeamListing" name="test_owner_manager_get_installation_team" time="2.570" /><testcase classname="tests.test_issues_1_to_6.TestIssue6TeamListing" name="test_others_forbidden" time="0.619" /><testcase classname="tests.test_issues_1_to_6.TestIssue1RegistrationFilter" name="test_registration_stage_filter" time="25.745" /><testcase classname="tests.test_issues_1_to_6.TestIssue1RegistrationFilter" name="test_registration_cannot_query_dispatch_scope" time="1.637" /><testcase classname="tests.test_issues_1_to_6.TestIssue4DispatchViews" name="test_view_reduces_set" time="5.995" /><testcase classname="tests.test_issues_1_to_6.TestIssue4DispatchViews" name="test_past_dispatch_view" time="0.310" /><testcase classname="tests.test_issues_1_to_6.TestIssue2BProjectPrice" name="test_lead_can_set_price_on_create_and_via_endpoint" time="1.049" /><testcase classname="tests.test_issues_1_to_6.TestIssue2BProjectPrice" name="test_price_propagates_on_yes_and_via_endpoint" time="0.693" /><testcase classname="tests.test_issues_1_to_6.TestIssue2AccountsDashboard" name="test_receivable_math_known_project" time="1.917" /><testcase classname="tests.test_issues_1_to_6.TestIssue2AccountsDashboard" name="test_accounts_dashboard_has_all_four_fields" time="0.214" /><testcase classname="tests.test_issues_1_to_6.TestIssue3PaymentsMonitor" name="test_row_per_project_with_fields" time="0.112" /><testcase classname="tests.test_issues_1_to_6.TestIssue3PaymentsMonitor" name="test_additional_type_preserved" time="0.495" /><testcase classname="tests.backend_test.TestFinancingToggle" name="test_toggle_no_regress" time="1.273" /><testcase classname="tests.test_issues_1_to_6.TestIssue5InstallHandoff" name="test_awaiting_assignment_view" time="38.154" /><testcase classname="tests.backend_test.TestClosure" name="test_only_owner_manager_close" time="37.343" /><testcase classname="tests.backend_test.TestSLA" name="test_sla_owner_only" time="0.444" /><testcase classname="tests.backend_test.TestDashboard" name="test_each_role_dashboard" time="1.913" /><testcase classname="tests.backend_test.TestECPFlow" name="test_reg1_financing_tasks_block_and_autoadvance" time="10.382" /><testcase classname="tests.test_audit_spec.TestDispatchContinuity" name="test_first_payment_revert_pending_does_not_stop_dispatch" time="7.584" /><testcase classname="tests.test_audit_spec.TestFinancingRBAC" name="test_only_lead_manager_owner_can_toggle" time="1.057" /><testcase classname="tests.test_audit_spec.TestEscalationsAccess" name="test_manager_cannot_list_or_return" time="0.602" /><testcase classname="tests.backend_test.TestECPFlow" name="test_full_pipeline_no_financing" time="8.966" /><testcase classname="tests.test_audit_spec.TestSiteVisitAssigneeOnly" name="test_installation_cannot_complete_others_visit" time="0.128"><failure message="assert 422 == 200&#10; +  where 422 = &lt;Response [422]&gt;.status_code">tests/test_audit_spec.py:217: in test_installation_cannot_complete_others_visit
    assert r.status_code == 200
E   assert 422 == 200
E    +  where 422 = &lt;Response [422]&gt;.status_code</failure></testcase><testcase classname="tests.test_audit_spec.TestTaskRBAC" name="test_registration_cannot_complete_accounts_task" time="3.616" /></testsuite></testsuites>